Settings:
  Output files: "Porites_evermanni_v1.*.ht2"
  Line rate: 7 (line is 128 bytes)
  Lines per side: 1 (side is 128 bytes)
  Offset rate: 4 (one in 16)
  FTable chars: 10
  Strings: unpacked
  Local offset rate: 3 (one in 8)
  Local fTable chars: 6
  Local sequence length: 57344
  Local sequence overlap between two consecutive indexes: 1024
  Endianness: little
  Actual local endianness: little
  Sanity checking: disabled
  Assertions: disabled
  Random seed: 0
  Sizeofs: void*:8, int:4, long:8, size_t:8
Input files DNA, FASTA:
  /home/shared/8TB_HDD_01/sam/gitrepos/urol-e5/timeseries_molecular/E-Peve/data/Porites_evermanni_v1.fa
Reading reference sizes
  Time reading reference sizes: 00:00:05
Calculating joined length
Writing header
Reserving space for joined string
Joining reference sequences
  Time to join reference sequences: 00:00:03
  Time to read SNPs and splice sites: 00:00:03
Generation 0 (563213590 -> 563213590 nodes, 0 ranks)
COUNTED NEW NODES: 0
COUNTED TEMP NODES: 0
RESIZED NODES: 6
RESIZED NODES: 0
MADE NEW NODES: 1
Generation 1 (563378013 -> 563378013 nodes, 0 ranks)
COUNTED NEW NODES: 0
COUNTED TEMP NODES: 0
RESIZED NODES: 6
RESIZED NODES: 0
MADE NEW NODES: 1
Generation 2 (563706870 -> 563706870 nodes, 0 ranks)
COUNTED NEW NODES: 1
COUNTED TEMP NODES: 0
RESIZED NODES: 5
RESIZED NODES: 0
MADE NEW NODES: 1
Generation 3 (564365043 -> 564365043 nodes, 0 ranks)
BUILT FROM_INDEX: 2
COUNTED NEW NODES: 0
COUNTED TEMP NODES: 0
RESIZED NODES: 6
RESIZED NODES: 0
MADE NEW NODES: 1
RESIZE NODES: 12
COUNT NUMBER IN EACH BIN: 2
FINISHED FIRST ROUND: 1
1 25101437
2 22826067
1 15568505
6 17423205
2 14318724
6 17006562
2 16221638
6 19280822
2 24871191
38 19400016
2 17312135
6 12723751
7 15497994
3 12287764
6 13507401
2 19647148
37 12126588
2 12865874
6 15208612
3 15457901
6 11593032
2 11516891
6 13742495
2 17905748
37 13727106
2 14447650
1 11199572
5 10905221
2 11965141
1 10114687
5 10925620
2 14551403
1 11148642
5 13712190
1 12103843
1 12458732
1 25011448
2 1
16 1
128 2
FINISHED RECURSIVE SORTS: 4
SORT NODES: 7
MERGE, UPDATE RANK: 12
Generation 4 (565682760 -> 565154188 nodes, 343561961 ranks)
ALLOCATE FROM_TABLE: 13
COUNT NUMBER IN EACH BIN: 4
FINISHED FIRST ROUND: 3
7 14749095
7 14753029
7 14746584
7 14748743
7 14738876
7 14742158
7 14738749
7 14741195
7 14745117
7 14735515
7 14740500
7 14743328
7 14739940
7 14742677
7 14733043
7 14741290
7 14740196
7 14734645
7 14728936
7 14733642
7 14731748
7 14735146
7 14730192
7 14732332
7 14732991
7 14727999
7 14727560
7 14729552
7 14731427
6 12622101
6 12627050
6 12626350
6 12626659
6 12626526
6 12625542
6 12623503
6 12622864
6 12622963
6 12621218
6 11513207
FINISHED RECURSIVE SORTS: 2
BUILD TABLE: 9
BUILD INDEX: 2
COUNTED NEW NODES: 1
COUNTED TEMP NODES: 0
RESIZED NODES: 7
RESIZED NODES: 0
MADE NEW NODES: 4
MERGEUPDATERANK: 9
TOTAL TIME: 45
Generation 5 (565887731 -> 565377882 nodes, 475348256 ranks)
ALLOCATE FROM_TABLE: 0
COUNT NUMBER IN EACH BIN: 0
FINISHED FIRST ROUND: 4
7 14749531
7 14754264
7 14747345
7 14750733
7 14742802
7 14744872
7 14741953
7 14746524
7 14751142
7 14741044
7 14745418
7 14747827
7 14746113
7 14746998
7 14738659
7 14746293
7 14746377
7 14741549
7 14734105
7 14740902
7 14738619
7 14742265
7 14737057
7 14738418
7 14739658
7 14736416
7 14734293
7 14737475
7 14737819
6 12628734
6 12634175
6 12633527
6 12634890
6 12632200
6 12632285
6 12630403
6 12630749
6 12630346
6 12628031
6 11516071
FINISHED RECURSIVE SORTS: 1
BUILD TABLE: 5
BUILD INDEX: 2
COUNTED NEW NODES: 1
COUNTED TEMP NODES: 0
RESIZED NODES: 6
RESIZED NODES: 0
MADE NEW NODES: 2
MERGEUPDATERANK: 5
TOTAL TIME: 21
Generation 6 (565866472 -> 565710385 nodes, 517855294 ranks)
ALLOCATE FROM_TABLE: 0
COUNT NUMBER IN EACH BIN: 0
FINISHED FIRST ROUND: 4
7 14752760
7 14757941
7 14750716
7 14756132
7 14749913
7 14749613
7 14748302
7 14754306
7 14760164
7 14748262
7 14753761
7 14755239
7 14755458
7 14754128
7 14746009
7 14754422
7 14755580
7 14751741
7 14741476
7 14751719
7 14748010
7 14752858
7 14745975
7 14746922
7 14749561
7 14747644
7 14743122
7 14749191
7 14747252
6 12636983
6 12644023
6 12642897
6 12646121
6 12640036
6 12641721
6 12640013
6 12642524
6 12640354
6 12637667
6 11519869
FINISHED RECURSIVE SORTS: 2
BUILD TABLE: 6
BUILD INDEX: 1
COUNTED NEW NODES: 1
COUNTED TEMP NODES: 0
RESIZED NODES: 6
RESIZED NODES: 0
MADE NEW NODES: 2
MERGEUPDATERANK: 4
TOTAL TIME: 20
Generation 7 (566231379 -> 566096697 nodes, 535893212 ranks)
ALLOCATE FROM_TABLE: 0
COUNT NUMBER IN EACH BIN: 0
FINISHED FIRST ROUND: 4
7 14756044
7 14761726
7 14754992
7 14762525
7 14758075
7 14754948
7 14754804
7 14762904
7 14770023
7 14756748
7 14763734
7 14764589
7 14766277
7 14761935
7 14753217
7 14764583
7 14766767
7 14764438
7 14750887
7 14764144
7 14758104
7 14764093
7 14755615
7 14756919
7 14761347
7 14759925
7 14752980
7 14764940
7 14758418
6 12646244
6 12655193
6 12653923
6 12660343
6 12649159
6 12652128
6 12651525
6 12656710
6 12653324
6 12649045
6 11523402
FINISHED RECURSIVE SORTS: 1
BUILD TABLE: 5
BUILD INDEX: 2
COUNTED NEW NODES: 1
COUNTED TEMP NODES: 0
RESIZED NODES: 6
RESIZED NODES: 0
MADE NEW NODES: 1
MERGEUPDATERANK: 4
TOTAL TIME: 19
Generation 8 (566737555 -> 566626311 nodes, 544184936 ranks)
ALLOCATE FROM_TABLE: 0
COUNT NUMBER IN EACH BIN: 0
FINISHED FIRST ROUND: 3
7 14761052
7 14766957
7 14759908
7 14770238
7 14769604
7 14761836
7 14764323
7 14776470
7 14782462
7 14768511
7 14776831
7 14776320
7 14780845
7 14773013
7 14762565
7 14778252
7 14783188
7 14782910
7 14764305
7 14780810
7 14771237
7 14779439
7 14768355
7 14772263
7 14778286
7 14777650
7 14767180
7 14787268
7 14772528
6 12657208
6 12670038
6 12668829
6 12679451
6 12662929
6 12666570
6 12668016
6 12676561
6 12671011
6 12663304
6 11527788
FINISHED RECURSIVE SORTS: 2
BUILD TABLE: 5
BUILD INDEX: 2
COUNTED NEW NODES: 0
COUNTED TEMP NODES: 0
RESIZED NODES: 7
RESIZED NODES: 0
MADE NEW NODES: 1
MERGEUPDATERANK: 3
TOTAL TIME: 18
Generation 9 (567498592 -> 567287409 nodes, 552084332 ranks)
ALLOCATE FROM_TABLE: 0
COUNT NUMBER IN EACH BIN: 1
FINISHED FIRST ROUND: 3
7 14767328
7 14773922
7 14765729
7 14780402
7 14784610
7 14770013
7 14777769
7 14793469
7 14796120
7 14782701
7 14791630
7 14789852
7 14796064
7 14787222
7 14775913
7 14794137
7 14801249
7 14805568
7 14780357
7 14801724
7 14786398
7 14797364
7 14784200
7 14791560
7 14800920
7 14801303
7 14785629
7 14815113
7 14789464
6 12669157
6 12687328
6 12689388
6 12704282
6 12682671
6 12685186
6 12688405
6 12703658
6 12694000
6 12681842
6 11533762
FINISHED RECURSIVE SORTS: 2
BUILD TABLE: 6
BUILD INDEX: 2
COUNTED NEW NODES: 0
COUNTED TEMP NODES: 0
RESIZED NODES: 7
RESIZED NODES: 0
MADE NEW NODES: 1
MERGEUPDATERANK: 3
TOTAL TIME: 19
Generation 10 (568295252 -> 567864082 nodes, 559547573 ranks)
ALLOCATE FROM_TABLE: 0
COUNT NUMBER IN EACH BIN: 0
FINISHED FIRST ROUND: 4
7 14772382
7 14779578
7 14772545
7 14790118
7 14795292
7 14775974
7 14790024
7 14809392
7 14803449
7 14793765
7 14804284
7 14801857
7 14806471
7 14800052
7 14788318
7 14808041
7 14809975
7 14826457
7 14798421
7 14822561
7 14799748
7 14810395
7 14803154
7 14811051
7 14818908
7 14824872
7 14805029
7 14843611
7 14802707
6 12680006
6 12701784
6 12707187
6 12722449
6 12703601
6 12697313
6 12706601
6 12729812
6 12710609
6 12695380
6 11540909
FINISHED RECURSIVE SORTS: 1
BUILD TABLE: 5
BUILD INDEX: 2
COUNTED NEW NODES: 1
COUNTED TEMP NODES: 0
RESIZED NODES: 6
RESIZED NODES: 0
MADE NEW NODES: 1
MERGEUPDATERANK: 3
TOTAL TIME: 18
Generation 11 (568671556 -> 568070676 nodes, 564917914 ranks)
ALLOCATE FROM_TABLE: 0
COUNT NUMBER IN EACH BIN: 0
FINISHED FIRST ROUND: 4
7 14774036
7 14783433
7 14778444
7 14793135
7 14796682
7 14774974
7 14795429
7 14820154
7 14800218
7 14800601
7 14806907
7 14808553
7 14806400
7 14806730
7 14793683
7 14813269
7 14816729
7 14835374
7 14809323
7 14830136
7 14806725
7 14817440
7 14816976
7 14819228
7 14825572
7 14835137
7 14807595
7 14853152
7 14800259
6 12686010
6 12704904
6 12717367
6 12722008
6 12717434
6 12698585
6 12711576
6 12742313
6 12709834
6 12692961
6 11541390
FINISHED RECURSIVE SORTS: 2
BUILD TABLE: 6
BUILD INDEX: 1
COUNTED NEW NODES: 1
COUNTED TEMP NODES: 0
RESIZED NODES: 6
RESIZED NODES: 0
MADE NEW NODES: 2
MERGEUPDATERANK: 2
TOTAL TIME: 18
Generation 12 (568384495 -> 567974613 nodes, 567500869 ranks)
ALLOCATE FROM_TABLE: 0
COUNT NUMBER IN EACH BIN: 0
FINISHED FIRST ROUND: 4
7 14775060
7 14783287
7 14782085
7 14791473
7 14790220
7 14772234
7 14785703
7 14823630
7 14797938
7 14801151
7 14801538
7 14813551
7 14805743
7 14807965
7 14793176
7 14818932
7 14812930
7 14831136
7 14807396
7 14828275
7 14802480
7 14819369
7 14820511
7 14815625
7 14818540
7 14834923
7 14798338
7 14841155
7 14795892
6 12692933
6 12698797
6 12714344
6 12708944
6 12720720
6 12690912
6 12712909
6 12736237
6 12701806
6 12686136
6 11540619
FINISHED RECURSIVE SORTS: 2
BUILD TABLE: 6
BUILD INDEX: 1
COUNTED NEW NODES: 1
COUNTED TEMP NODES: 0
RESIZED NODES: 0
RESIZED NODES: 0
MADE NEW NODES: 3
MERGEUPDATERANK: 2
TOTAL TIME: 13
Generation 13 (568010184 -> 567937916 nodes, 567927833 ranks)
ALLOCATE FROM_TABLE: 0
COUNT NUMBER IN EACH BIN: 0
FINISHED FIRST ROUND: 4
7 14775060
7 14782524
7 14782085
7 14788868
7 14785746
7 14772233
7 14784064
7 14826620
7 14797428
7 14794996
7 14800829
7 14813390
7 14806354
7 14806997
7 14792141
7 14821347
7 14811157
7 14828934
7 14803819
7 14822816
7 14802730
7 14818148
7 14820859
7 14815349
7 14817543
7 14834923
7 14794121
7 14840984
7 14795892
6 12691671
6 12697790
6 12714345
6 12707688
6 12724459
6 12689418
6 12712909
6 12734209
6 12701904
6 12684947
6 11540619
FINISHED RECURSIVE SORTS: 2
BUILD TABLE: 6
BUILD INDEX: 1
COUNTED NEW NODES: 1
COUNTED TEMP NODES: 0
RESIZED NODES: 0
RESIZED NODES: 0
MADE NEW NODES: 2
MERGEUPDATERANK: 3
TOTAL TIME: 13
Generation 14 (567937917 -> 567935208 nodes, 567935208 ranks)
COUNT NUMBER IN EACH BIN: 0
FINISHED FIRST ROUND: 3
7 14775060
7 14782524
7 14782085
7 14788868
7 14785746
7 14772233
7 14784064
7 14826620
7 14797428
7 14794996
7 14800829
7 14813390
7 14806354
7 14804827
7 14792141
7 14821347
7 14811157
7 14828934
7 14803625
7 14822816
7 14802730
7 14818148
7 14820859
7 14815349
7 14817543
7 14834923
7 14794121
7 14840984
7 14795892
6 12691671
6 12697790
6 12714345
6 12707688
6 12724459
6 12689418
6 12712909
6 12733865
6 12701904
6 12684947
6 11540619
FINISHED RECURSIVE SORTS: 2
Generating edges... 
NODE.TO -> GENOME POS: 3
BUILD FROM_INDEX 2
COUNTED NEW EDGES: 0
MADE NEW EDGES: 7
COUNT NUMBER IN EACH BIN: 0
FINISHED FIRST ROUND: 0
6 4885324
6 4955212
6 5004369
6 4809539
5 4391789
6 4733470
7 4974862
6 4541942
6 4375485
6 4385731
6 4734674
6 4292301
6 4461497
7 4796516
7 4479912
7 4464782
8 4576851
8 4650983
7 4299045
7 4097044
7 4097880
7 4540942
7 4492877
7 4440588
7 4485116
7 4380383
7 4298055
7 4381349
7 4263593
7 4108220
7 4172532
7 3875290
8 3984379
7 3749772
8 4245720
7 3669954
7 3669066
8 3743625
7 3669886
6 3166276
FINISHED RECURSIVE SORTS: 1
COUNT NUMBER IN EACH BIN: 0
FINISHED FIRST ROUND: 0
7 2890650
7 2934614
7 3031129
7 2855684
7 2762901
6 2816906
6 2794825
6 2948825
6 3073577
6 2763944
7 3118080
6 2757530
7 3062484
7 2987767
7 3013344
6 2849084
6 2880705
7 2880439
7 3030245
7 3039731
8 2933669
8 2690789
8 2632726
8 2866471
9 2814431
8 2698252
8 2670460
8 2820852
7 2698606
8 2844146
6 2732771
6 2669855
6 2698883
6 2786069
6 2652831
7 2615073
6 2509147
6 2371513
5 1925958
5 1728509
FINISHED RECURSIVE SORTS: 0
COUNT NUMBER IN EACH BIN: 0
FINISHED FIRST ROUND: 1
7 2972403
7 2852119
7 2844267
8 2974440
7 2786983
7 2899820
7 3018303
7 3051598
8 3026509
7 2855627
8 2955880
7 2839602
7 2845726
7 2804294
7 3055405
7 3161160
6 2722266
7 3058967
7 2981422
6 2654944
7 3024612
7 2948747
6 2719615
6 2695993
5 2612234
7 2959955
7 2914249
7 2831936
7 2866103
7 2758846
6 2481997
7 2622237
7 2783452
6 2345281
6 2330714
7 2605229
7 2371023
6 2298202
7 2540324
5 1819225
FINISHED RECURSIVE SORTS: 0
COUNT NUMBER IN EACH BIN: 0
FINISHED FIRST ROUND: 0
10 4450009
10 4451603
10 4666457
9 4666363
10 4573057
10 4377073
9 4486913
9 4636848
8 4624763
7 4369871
7 4391212
7 4342627
7 4353744
7 4349171
7 4448335
7 4482974
7 4759347
7 4762349
6 4359517
7 4493853
7 4812985
7 4763511
6 4325038
6 4443795
6 4377570
6 4384289
6 4271325
6 4694411
6 4593254
6 4683458
6 4111385
6 4254464
5 3688842
5 4085108
5 4189688
4 3499450
5 4123257
4 3310680
4 3265591
4 3086463
FINISHED RECURSIVE SORTS: 1
SORTED NEW EDGES: 7
COUNT NUMBER IN EACH BIN: 2
FINISHED FIRST ROUND: 2
7 14680064
7 14680064
7 14680064
7 14680064
7 14680064
7 14680064
7 14680064
7 14680064
7 14680064
7 14680064
7 14680064
7 14680064
7 14680064
7 14680064
7 14680064
7 14680064
7 14680064
7 14680064
7 14680064
7 14680064
7 14680064
7 14680064
7 14680064
7 14680064
7 14680064
7 14680064
7 14680064
7 14680064
7 14680064
7 14680064
7 14680064
6 12582912
6 12582912
6 12582912
6 12582912
6 12582912
6 12582912
6 12582912
6 12582912
6 12189928
FINISHED RECURSIVE SORTS: 1
RE-SORTED NODES: 11
PROCESS EDGES: 3
REMOVE Y: 1
COUNT NUMBER IN EACH BIN: 0
FINISHED FIRST ROUND: 1
7 14680881
7 14681063
7 14681890
7 14681416
7 14682184
7 14690037
7 14687106
7 14697157
7 14691655
7 14681689
7 14681717
7 14681687
7 14683370
7 14689341
7 14686371
7 14696120
7 14682968
7 14687215
7 14695356
7 14687147
7 14683209
7 14684054
7 14682880
7 14685251
7 14685912
7 14682904
7 14683120
7 14680851
7 14682531
7 14680996
7 14681461
6 12583837
6 12583792
6 12583900
6 12583882
6 12584138
6 12584075
6 12584586
6 12583978
6 12190939
FINISHED RECURSIVE SORTS: 1
SORT, Make index: 10
TOTAL: 44
Allocating ftab, absorbFtab
Entering GFM loop
Exited GFM loop
fchr[A]: 0
fchr[C]: 173346831
fchr[G]: 284200306
fchr[T]: 395092015
fchr[$]: 568102665
Exiting GFM::buildToDisk()
Returning from initFromVector
Wrote 354684900 bytes to primary GFM file: Porites_evermanni_v1.1.ht2
Wrote 141983808 bytes to secondary GFM file: Porites_evermanni_v1.2.ht2
Re-opening _in1 and _in2 as input streams
Returning from GFM constructor
Warning: a local graph exploded (offset: 107984333, length: 57219)
Warning: a local graph exploded (offset: 147351179, length: 57344)
Warning: a local graph exploded (offset: 172269137, length: 55417)
Warning: a local graph exploded (offset: 231359163, length: 56828)
Warning: a local graph exploded (offset: 260213041, length: 56851)
Warning: a local graph exploded (offset: 321480042, length: 57038)
Warning: a local graph exploded (offset: 321480042, length: 57038)
Warning: a local graph exploded (offset: 439634616, length: 56791)
Warning: a local graph exploded (offset: 468707454, length: 57343)
Warning: a local graph exploded (offset: 481225062, length: 53449)
Warning: a local graph exploded (offset: 481225062, length: 53449)
Returning from initFromVector
Wrote 438681801 bytes to primary GFM file: Porites_evermanni_v1.5.ht2
Wrote 143271634 bytes to secondary GFM file: Porites_evermanni_v1.6.ht2
Re-opening _in5 and _in5 as input streams
Returning from HGFM constructor
Headers:
    len: 563049165
    gbwtLen: 568102666
    nodes: 567935207
    sz: 281524583
    gbwtSz: 284051334
    lineRate: 7
    offRate: 4
    offMask: 0xfffffff0
    ftabChars: 10
    eftabLen: 0
    eftabSz: 0
    ftabLen: 1048577
    ftabSz: 4194308
    offsLen: 35495951
    offsSz: 141983804
    lineSz: 128
    sideSz: 128
    sideGbwtSz: 104
    sideGbwtLen: 208
    numSides: 2731263
    numLines: 2731263
    gbwtTotLen: 349601664
    gbwtTotSz: 349601664
    reverse: 0
    linearFM: No
Total time for call to driver() for forward index: 00:17:10
