2025-08-13 11:49:47 URL:https://gannet.fish.washington.edu/gitrepos/urol-e5/timeseries_molecular/E-Peve/output/01.00-E-Peve-RNAseq-trimming-fastp-FastQC-MultiQC/ [76002] -> "../data/12-Peve-lncRNA-discovery/fastq/index.html.tmp" [1]
https://gannet.fish.washington.edu/robots.txt:
2025-08-13 11:49:47 ERROR 404: Not Found.
2025-08-13 11:49:47 URL:https://gannet.fish.washington.edu/gitrepos/urol-e5/timeseries_molecular/E-Peve/output/01.00-E-Peve-RNAseq-trimming-fastp-FastQC-MultiQC/?C=N;O=D [76002] -> "../data/12-Peve-lncRNA-discovery/fastq/index.html?C=N;O=D.tmp" [1]
2025-08-13 11:49:47 URL:https://gannet.fish.washington.edu/gitrepos/urol-e5/timeseries_molecular/E-Peve/output/01.00-E-Peve-RNAseq-trimming-fastp-FastQC-MultiQC/?C=M;O=A [76002] -> "../data/12-Peve-lncRNA-discovery/fastq/index.html?C=M;O=A.tmp" [1]
2025-08-13 11:49:47 URL:https://gannet.fish.washington.edu/gitrepos/urol-e5/timeseries_molecular/E-Peve/output/01.00-E-Peve-RNAseq-trimming-fastp-FastQC-MultiQC/?C=S;O=A [76002] -> "../data/12-Peve-lncRNA-discovery/fastq/index.html?C=S;O=A.tmp" [1]
2025-08-13 11:49:47 URL:https://gannet.fish.washington.edu/gitrepos/urol-e5/timeseries_molecular/E-Peve/output/01.00-E-Peve-RNAseq-trimming-fastp-FastQC-MultiQC/?C=D;O=A [76002] -> "../data/12-Peve-lncRNA-discovery/fastq/index.html?C=D;O=A.tmp" [1]
2025-08-13 11:49:47 URL:https://gannet.fish.washington.edu/gitrepos/urol-e5/timeseries_molecular/E-Peve/output/01.00-E-Peve-RNAseq-trimming-fastp-FastQC-MultiQC/POR-69-TP1.fastp-trim.report.html [491461/491461] -> "../data/12-Peve-lncRNA-discovery/fastq/POR-69-TP1.fastp-trim.report.html.tmp" [1]
2025-08-13 11:49:56 URL:https://gannet.fish.washington.edu/gitrepos/urol-e5/timeseries_molecular/E-Peve/output/01.00-E-Peve-RNAseq-trimming-fastp-FastQC-MultiQC/POR-69-TP1_R1_001.fastp-trim.fq.gz [1016116779/1016116779] -> "../data/12-Peve-lncRNA-discovery/fastq/POR-69-TP1_R1_001.fastp-trim.fq.gz" [1]
2025-08-13 11:49:56 URL:https://gannet.fish.washington.edu/gitrepos/urol-e5/timeseries_molecular/E-Peve/output/01.00-E-Peve-RNAseq-trimming-fastp-FastQC-MultiQC/POR-69-TP1_R1_001.fastp-trim_fastqc.html [736847/736847] -> "../data/12-Peve-lncRNA-discovery/fastq/POR-69-TP1_R1_001.fastp-trim_fastqc.html.tmp" [1]
2025-08-13 11:50:05 URL:https://gannet.fish.washington.edu/gitrepos/urol-e5/timeseries_molecular/E-Peve/output/01.00-E-Peve-RNAseq-trimming-fastp-FastQC-MultiQC/POR-69-TP1_R2_001.fastp-trim.fq.gz [1025286415/1025286415] -> "../data/12-Peve-lncRNA-discovery/fastq/POR-69-TP1_R2_001.fastp-trim.fq.gz" [1]
2025-08-13 11:50:05 URL:https://gannet.fish.washington.edu/gitrepos/urol-e5/timeseries_molecular/E-Peve/output/01.00-E-Peve-RNAseq-trimming-fastp-FastQC-MultiQC/POR-69-TP1_R2_001.fastp-trim_fastqc.html [743207/743207] -> "../data/12-Peve-lncRNA-discovery/fastq/POR-69-TP1_R2_001.fastp-trim_fastqc.html.tmp" [1]
2025-08-13 11:50:05 URL:https://gannet.fish.washington.edu/gitrepos/urol-e5/timeseries_molecular/E-Peve/output/01.00-E-Peve-RNAseq-trimming-fastp-FastQC-MultiQC/POR-69-TP2.fastp-trim.report.html [491084/491084] -> "../data/12-Peve-lncRNA-discovery/fastq/POR-69-TP2.fastp-trim.report.html.tmp" [1]
2025-08-13 11:50:13 URL:https://gannet.fish.washington.edu/gitrepos/urol-e5/timeseries_molecular/E-Peve/output/01.00-E-Peve-RNAseq-trimming-fastp-FastQC-MultiQC/POR-69-TP2_R1_001.fastp-trim.fq.gz [883953643/883953643] -> "../data/12-Peve-lncRNA-discovery/fastq/POR-69-TP2_R1_001.fastp-trim.fq.gz" [1]
2025-08-13 11:50:13 URL:https://gannet.fish.washington.edu/gitrepos/urol-e5/timeseries_molecular/E-Peve/output/01.00-E-Peve-RNAseq-trimming-fastp-FastQC-MultiQC/POR-69-TP2_R1_001.fastp-trim_fastqc.html [743479/743479] -> "../data/12-Peve-lncRNA-discovery/fastq/POR-69-TP2_R1_001.fastp-trim_fastqc.html.tmp" [1]
2025-08-13 11:50:21 URL:https://gannet.fish.washington.edu/gitrepos/urol-e5/timeseries_molecular/E-Peve/output/01.00-E-Peve-RNAseq-trimming-fastp-FastQC-MultiQC/POR-69-TP2_R2_001.fastp-trim.fq.gz [911799183/911799183] -> "../data/12-Peve-lncRNA-discovery/fastq/POR-69-TP2_R2_001.fastp-trim.fq.gz" [1]
2025-08-13 11:50:21 URL:https://gannet.fish.washington.edu/gitrepos/urol-e5/timeseries_molecular/E-Peve/output/01.00-E-Peve-RNAseq-trimming-fastp-FastQC-MultiQC/POR-69-TP2_R2_001.fastp-trim_fastqc.html [743455/743455] -> "../data/12-Peve-lncRNA-discovery/fastq/POR-69-TP2_R2_001.fastp-trim_fastqc.html.tmp" [1]
2025-08-13 11:50:21 URL:https://gannet.fish.washington.edu/gitrepos/urol-e5/timeseries_molecular/E-Peve/output/01.00-E-Peve-RNAseq-trimming-fastp-FastQC-MultiQC/POR-69-TP3.fastp-trim.report.html [491142/491142] -> "../data/12-Peve-lncRNA-discovery/fastq/POR-69-TP3.fastp-trim.report.html.tmp" [1]
2025-08-13 11:50:29 URL:https://gannet.fish.washington.edu/gitrepos/urol-e5/timeseries_molecular/E-Peve/output/01.00-E-Peve-RNAseq-trimming-fastp-FastQC-MultiQC/POR-69-TP3_R1_001.fastp-trim.fq.gz [904018749/904018749] -> "../data/12-Peve-lncRNA-discovery/fastq/POR-69-TP3_R1_001.fastp-trim.fq.gz" [1]
2025-08-13 11:50:29 URL:https://gannet.fish.washington.edu/gitrepos/urol-e5/timeseries_molecular/E-Peve/output/01.00-E-Peve-RNAseq-trimming-fastp-FastQC-MultiQC/POR-69-TP3_R1_001.fastp-trim_fastqc.html [743521/743521] -> "../data/12-Peve-lncRNA-discovery/fastq/POR-69-TP3_R1_001.fastp-trim_fastqc.html.tmp" [1]
2025-08-13 11:50:37 URL:https://gannet.fish.washington.edu/gitrepos/urol-e5/timeseries_molecular/E-Peve/output/01.00-E-Peve-RNAseq-trimming-fastp-FastQC-MultiQC/POR-69-TP3_R2_001.fastp-trim.fq.gz [912255875/912255875] -> "../data/12-Peve-lncRNA-discovery/fastq/POR-69-TP3_R2_001.fastp-trim.fq.gz" [1]
2025-08-13 11:50:37 URL:https://gannet.fish.washington.edu/gitrepos/urol-e5/timeseries_molecular/E-Peve/output/01.00-E-Peve-RNAseq-trimming-fastp-FastQC-MultiQC/POR-69-TP3_R2_001.fastp-trim_fastqc.html [748159/748159] -> "../data/12-Peve-lncRNA-discovery/fastq/POR-69-TP3_R2_001.fastp-trim_fastqc.html.tmp" [1]
2025-08-13 11:50:37 URL:https://gannet.fish.washington.edu/gitrepos/urol-e5/timeseries_molecular/E-Peve/output/01.00-E-Peve-RNAseq-trimming-fastp-FastQC-MultiQC/POR-69-TP4.fastp-trim.report.html [490736/490736] -> "../data/12-Peve-lncRNA-discovery/fastq/POR-69-TP4.fastp-trim.report.html.tmp" [1]
2025-08-13 11:50:43 URL:https://gannet.fish.washington.edu/gitrepos/urol-e5/timeseries_molecular/E-Peve/output/01.00-E-Peve-RNAseq-trimming-fastp-FastQC-MultiQC/POR-69-TP4_R1_001.fastp-trim.fq.gz [734189448/734189448] -> "../data/12-Peve-lncRNA-discovery/fastq/POR-69-TP4_R1_001.fastp-trim.fq.gz" [1]
2025-08-13 11:50:43 URL:https://gannet.fish.washington.edu/gitrepos/urol-e5/timeseries_molecular/E-Peve/output/01.00-E-Peve-RNAseq-trimming-fastp-FastQC-MultiQC/POR-69-TP4_R1_001.fastp-trim_fastqc.html [748974/748974] -> "../data/12-Peve-lncRNA-discovery/fastq/POR-69-TP4_R1_001.fastp-trim_fastqc.html.tmp" [1]
2025-08-13 11:50:50 URL:https://gannet.fish.washington.edu/gitrepos/urol-e5/timeseries_molecular/E-Peve/output/01.00-E-Peve-RNAseq-trimming-fastp-FastQC-MultiQC/POR-69-TP4_R2_001.fastp-trim.fq.gz [752271502/752271502] -> "../data/12-Peve-lncRNA-discovery/fastq/POR-69-TP4_R2_001.fastp-trim.fq.gz" [1]
2025-08-13 11:50:50 URL:https://gannet.fish.washington.edu/gitrepos/urol-e5/timeseries_molecular/E-Peve/output/01.00-E-Peve-RNAseq-trimming-fastp-FastQC-MultiQC/POR-69-TP4_R2_001.fastp-trim_fastqc.html [750411/750411] -> "../data/12-Peve-lncRNA-discovery/fastq/POR-69-TP4_R2_001.fastp-trim_fastqc.html.tmp" [1]
2025-08-13 11:50:50 URL:https://gannet.fish.washington.edu/gitrepos/urol-e5/timeseries_molecular/E-Peve/output/01.00-E-Peve-RNAseq-trimming-fastp-FastQC-MultiQC/POR-72-TP1.fastp-trim.report.html [490367/490367] -> "../data/12-Peve-lncRNA-discovery/fastq/POR-72-TP1.fastp-trim.report.html.tmp" [1]
2025-08-13 11:50:57 URL:https://gannet.fish.washington.edu/gitrepos/urol-e5/timeseries_molecular/E-Peve/output/01.00-E-Peve-RNAseq-trimming-fastp-FastQC-MultiQC/POR-72-TP1_R1_001.fastp-trim.fq.gz [835897089/835897089] -> "../data/12-Peve-lncRNA-discovery/fastq/POR-72-TP1_R1_001.fastp-trim.fq.gz" [1]
2025-08-13 11:50:57 URL:https://gannet.fish.washington.edu/gitrepos/urol-e5/timeseries_molecular/E-Peve/output/01.00-E-Peve-RNAseq-trimming-fastp-FastQC-MultiQC/POR-72-TP1_R1_001.fastp-trim_fastqc.html [721771/721771] -> "../data/12-Peve-lncRNA-discovery/fastq/POR-72-TP1_R1_001.fastp-trim_fastqc.html.tmp" [1]
2025-08-13 11:51:05 URL:https://gannet.fish.washington.edu/gitrepos/urol-e5/timeseries_molecular/E-Peve/output/01.00-E-Peve-RNAseq-trimming-fastp-FastQC-MultiQC/POR-72-TP1_R2_001.fastp-trim.fq.gz [841543881/841543881] -> "../data/12-Peve-lncRNA-discovery/fastq/POR-72-TP1_R2_001.fastp-trim.fq.gz" [1]
2025-08-13 11:51:05 URL:https://gannet.fish.washington.edu/gitrepos/urol-e5/timeseries_molecular/E-Peve/output/01.00-E-Peve-RNAseq-trimming-fastp-FastQC-MultiQC/POR-72-TP1_R2_001.fastp-trim_fastqc.html [721911/721911] -> "../data/12-Peve-lncRNA-discovery/fastq/POR-72-TP1_R2_001.fastp-trim_fastqc.html.tmp" [1]
2025-08-13 11:51:05 URL:https://gannet.fish.washington.edu/gitrepos/urol-e5/timeseries_molecular/E-Peve/output/01.00-E-Peve-RNAseq-trimming-fastp-FastQC-MultiQC/POR-72-TP2.fastp-trim.report.html [490725/490725] -> "../data/12-Peve-lncRNA-discovery/fastq/POR-72-TP2.fastp-trim.report.html.tmp" [1]
2025-08-13 11:51:13 URL:https://gannet.fish.washington.edu/gitrepos/urol-e5/timeseries_molecular/E-Peve/output/01.00-E-Peve-RNAseq-trimming-fastp-FastQC-MultiQC/POR-72-TP2_R1_001.fastp-trim.fq.gz [899621920/899621920] -> "../data/12-Peve-lncRNA-discovery/fastq/POR-72-TP2_R1_001.fastp-trim.fq.gz" [1]
2025-08-13 11:51:13 URL:https://gannet.fish.washington.edu/gitrepos/urol-e5/timeseries_molecular/E-Peve/output/01.00-E-Peve-RNAseq-trimming-fastp-FastQC-MultiQC/POR-72-TP2_R1_001.fastp-trim_fastqc.html [722537/722537] -> "../data/12-Peve-lncRNA-discovery/fastq/POR-72-TP2_R1_001.fastp-trim_fastqc.html.tmp" [1]
2025-08-13 11:51:21 URL:https://gannet.fish.washington.edu/gitrepos/urol-e5/timeseries_molecular/E-Peve/output/01.00-E-Peve-RNAseq-trimming-fastp-FastQC-MultiQC/POR-72-TP2_R2_001.fastp-trim.fq.gz [917616081/917616081] -> "../data/12-Peve-lncRNA-discovery/fastq/POR-72-TP2_R2_001.fastp-trim.fq.gz" [1]
2025-08-13 11:51:21 URL:https://gannet.fish.washington.edu/gitrepos/urol-e5/timeseries_molecular/E-Peve/output/01.00-E-Peve-RNAseq-trimming-fastp-FastQC-MultiQC/POR-72-TP2_R2_001.fastp-trim_fastqc.html [723307/723307] -> "../data/12-Peve-lncRNA-discovery/fastq/POR-72-TP2_R2_001.fastp-trim_fastqc.html.tmp" [1]
2025-08-13 11:51:21 URL:https://gannet.fish.washington.edu/gitrepos/urol-e5/timeseries_molecular/E-Peve/output/01.00-E-Peve-RNAseq-trimming-fastp-FastQC-MultiQC/POR-72-TP3.fastp-trim.report.html [490700/490700] -> "../data/12-Peve-lncRNA-discovery/fastq/POR-72-TP3.fastp-trim.report.html.tmp" [1]
2025-08-13 11:51:30 URL:https://gannet.fish.washington.edu/gitrepos/urol-e5/timeseries_molecular/E-Peve/output/01.00-E-Peve-RNAseq-trimming-fastp-FastQC-MultiQC/POR-72-TP3_R1_001.fastp-trim.fq.gz [978995072/978995072] -> "../data/12-Peve-lncRNA-discovery/fastq/POR-72-TP3_R1_001.fastp-trim.fq.gz" [1]
2025-08-13 11:51:30 URL:https://gannet.fish.washington.edu/gitrepos/urol-e5/timeseries_molecular/E-Peve/output/01.00-E-Peve-RNAseq-trimming-fastp-FastQC-MultiQC/POR-72-TP3_R1_001.fastp-trim_fastqc.html [732503/732503] -> "../data/12-Peve-lncRNA-discovery/fastq/POR-72-TP3_R1_001.fastp-trim_fastqc.html.tmp" [1]
2025-08-13 11:51:38 URL:https://gannet.fish.washington.edu/gitrepos/urol-e5/timeseries_molecular/E-Peve/output/01.00-E-Peve-RNAseq-trimming-fastp-FastQC-MultiQC/POR-72-TP3_R2_001.fastp-trim.fq.gz [1001319323/1001319323] -> "../data/12-Peve-lncRNA-discovery/fastq/POR-72-TP3_R2_001.fastp-trim.fq.gz" [1]
2025-08-13 11:51:38 URL:https://gannet.fish.washington.edu/gitrepos/urol-e5/timeseries_molecular/E-Peve/output/01.00-E-Peve-RNAseq-trimming-fastp-FastQC-MultiQC/POR-72-TP3_R2_001.fastp-trim_fastqc.html [733680/733680] -> "../data/12-Peve-lncRNA-discovery/fastq/POR-72-TP3_R2_001.fastp-trim_fastqc.html.tmp" [1]
2025-08-13 11:51:38 URL:https://gannet.fish.washington.edu/gitrepos/urol-e5/timeseries_molecular/E-Peve/output/01.00-E-Peve-RNAseq-trimming-fastp-FastQC-MultiQC/POR-72-TP4.fastp-trim.report.html [491035/491035] -> "../data/12-Peve-lncRNA-discovery/fastq/POR-72-TP4.fastp-trim.report.html.tmp" [1]
2025-08-13 11:51:48 URL:https://gannet.fish.washington.edu/gitrepos/urol-e5/timeseries_molecular/E-Peve/output/01.00-E-Peve-RNAseq-trimming-fastp-FastQC-MultiQC/POR-72-TP4_R1_001.fastp-trim.fq.gz [1127075571/1127075571] -> "../data/12-Peve-lncRNA-discovery/fastq/POR-72-TP4_R1_001.fastp-trim.fq.gz" [1]
2025-08-13 11:51:48 URL:https://gannet.fish.washington.edu/gitrepos/urol-e5/timeseries_molecular/E-Peve/output/01.00-E-Peve-RNAseq-trimming-fastp-FastQC-MultiQC/POR-72-TP4_R1_001.fastp-trim_fastqc.html [731791/731791] -> "../data/12-Peve-lncRNA-discovery/fastq/POR-72-TP4_R1_001.fastp-trim_fastqc.html.tmp" [1]
2025-08-13 11:51:58 URL:https://gannet.fish.washington.edu/gitrepos/urol-e5/timeseries_molecular/E-Peve/output/01.00-E-Peve-RNAseq-trimming-fastp-FastQC-MultiQC/POR-72-TP4_R2_001.fastp-trim.fq.gz [1140057875/1140057875] -> "../data/12-Peve-lncRNA-discovery/fastq/POR-72-TP4_R2_001.fastp-trim.fq.gz" [1]
2025-08-13 11:51:58 URL:https://gannet.fish.washington.edu/gitrepos/urol-e5/timeseries_molecular/E-Peve/output/01.00-E-Peve-RNAseq-trimming-fastp-FastQC-MultiQC/POR-72-TP4_R2_001.fastp-trim_fastqc.html [733279/733279] -> "../data/12-Peve-lncRNA-discovery/fastq/POR-72-TP4_R2_001.fastp-trim_fastqc.html.tmp" [1]
2025-08-13 11:51:58 URL:https://gannet.fish.washington.edu/gitrepos/urol-e5/timeseries_molecular/E-Peve/output/01.00-E-Peve-RNAseq-trimming-fastp-FastQC-MultiQC/POR-73-TP1.fastp-trim.report.html [491095/491095] -> "../data/12-Peve-lncRNA-discovery/fastq/POR-73-TP1.fastp-trim.report.html.tmp" [1]
2025-08-13 11:52:06 URL:https://gannet.fish.washington.edu/gitrepos/urol-e5/timeseries_molecular/E-Peve/output/01.00-E-Peve-RNAseq-trimming-fastp-FastQC-MultiQC/POR-73-TP1_R1_001.fastp-trim.fq.gz [874909651/874909651] -> "../data/12-Peve-lncRNA-discovery/fastq/POR-73-TP1_R1_001.fastp-trim.fq.gz" [1]
2025-08-13 11:52:06 URL:https://gannet.fish.washington.edu/gitrepos/urol-e5/timeseries_molecular/E-Peve/output/01.00-E-Peve-RNAseq-trimming-fastp-FastQC-MultiQC/POR-73-TP1_R1_001.fastp-trim_fastqc.html [745732/745732] -> "../data/12-Peve-lncRNA-discovery/fastq/POR-73-TP1_R1_001.fastp-trim_fastqc.html.tmp" [1]
2025-08-13 11:52:14 URL:https://gannet.fish.washington.edu/gitrepos/urol-e5/timeseries_molecular/E-Peve/output/01.00-E-Peve-RNAseq-trimming-fastp-FastQC-MultiQC/POR-73-TP1_R2_001.fastp-trim.fq.gz [896717497/896717497] -> "../data/12-Peve-lncRNA-discovery/fastq/POR-73-TP1_R2_001.fastp-trim.fq.gz" [1]
2025-08-13 11:52:14 URL:https://gannet.fish.washington.edu/gitrepos/urol-e5/timeseries_molecular/E-Peve/output/01.00-E-Peve-RNAseq-trimming-fastp-FastQC-MultiQC/POR-73-TP1_R2_001.fastp-trim_fastqc.html [743771/743771] -> "../data/12-Peve-lncRNA-discovery/fastq/POR-73-TP1_R2_001.fastp-trim_fastqc.html.tmp" [1]
2025-08-13 11:52:14 URL:https://gannet.fish.washington.edu/gitrepos/urol-e5/timeseries_molecular/E-Peve/output/01.00-E-Peve-RNAseq-trimming-fastp-FastQC-MultiQC/POR-73-TP2.fastp-trim.report.html [491276/491276] -> "../data/12-Peve-lncRNA-discovery/fastq/POR-73-TP2.fastp-trim.report.html.tmp" [1]
2025-08-13 11:52:22 URL:https://gannet.fish.washington.edu/gitrepos/urol-e5/timeseries_molecular/E-Peve/output/01.00-E-Peve-RNAseq-trimming-fastp-FastQC-MultiQC/POR-73-TP2_R1_001.fastp-trim.fq.gz [927437714/927437714] -> "../data/12-Peve-lncRNA-discovery/fastq/POR-73-TP2_R1_001.fastp-trim.fq.gz" [1]
2025-08-13 11:52:22 URL:https://gannet.fish.washington.edu/gitrepos/urol-e5/timeseries_molecular/E-Peve/output/01.00-E-Peve-RNAseq-trimming-fastp-FastQC-MultiQC/POR-73-TP2_R1_001.fastp-trim_fastqc.html [743284/743284] -> "../data/12-Peve-lncRNA-discovery/fastq/POR-73-TP2_R1_001.fastp-trim_fastqc.html.tmp" [1]
2025-08-13 11:52:30 URL:https://gannet.fish.washington.edu/gitrepos/urol-e5/timeseries_molecular/E-Peve/output/01.00-E-Peve-RNAseq-trimming-fastp-FastQC-MultiQC/POR-73-TP2_R2_001.fastp-trim.fq.gz [953102979/953102979] -> "../data/12-Peve-lncRNA-discovery/fastq/POR-73-TP2_R2_001.fastp-trim.fq.gz" [1]
2025-08-13 11:52:30 URL:https://gannet.fish.washington.edu/gitrepos/urol-e5/timeseries_molecular/E-Peve/output/01.00-E-Peve-RNAseq-trimming-fastp-FastQC-MultiQC/POR-73-TP2_R2_001.fastp-trim_fastqc.html [746964/746964] -> "../data/12-Peve-lncRNA-discovery/fastq/POR-73-TP2_R2_001.fastp-trim_fastqc.html.tmp" [1]
2025-08-13 11:52:30 URL:https://gannet.fish.washington.edu/gitrepos/urol-e5/timeseries_molecular/E-Peve/output/01.00-E-Peve-RNAseq-trimming-fastp-FastQC-MultiQC/POR-73-TP3.fastp-trim.report.html [490934/490934] -> "../data/12-Peve-lncRNA-discovery/fastq/POR-73-TP3.fastp-trim.report.html.tmp" [1]
2025-08-13 11:52:37 URL:https://gannet.fish.washington.edu/gitrepos/urol-e5/timeseries_molecular/E-Peve/output/01.00-E-Peve-RNAseq-trimming-fastp-FastQC-MultiQC/POR-73-TP3_R1_001.fastp-trim.fq.gz [755796077/755796077] -> "../data/12-Peve-lncRNA-discovery/fastq/POR-73-TP3_R1_001.fastp-trim.fq.gz" [1]
2025-08-13 11:52:37 URL:https://gannet.fish.washington.edu/gitrepos/urol-e5/timeseries_molecular/E-Peve/output/01.00-E-Peve-RNAseq-trimming-fastp-FastQC-MultiQC/POR-73-TP3_R1_001.fastp-trim_fastqc.html [753647/753647] -> "../data/12-Peve-lncRNA-discovery/fastq/POR-73-TP3_R1_001.fastp-trim_fastqc.html.tmp" [1]
2025-08-13 11:52:44 URL:https://gannet.fish.washington.edu/gitrepos/urol-e5/timeseries_molecular/E-Peve/output/01.00-E-Peve-RNAseq-trimming-fastp-FastQC-MultiQC/POR-73-TP3_R2_001.fastp-trim.fq.gz [774806080/774806080] -> "../data/12-Peve-lncRNA-discovery/fastq/POR-73-TP3_R2_001.fastp-trim.fq.gz" [1]
2025-08-13 11:52:44 URL:https://gannet.fish.washington.edu/gitrepos/urol-e5/timeseries_molecular/E-Peve/output/01.00-E-Peve-RNAseq-trimming-fastp-FastQC-MultiQC/POR-73-TP3_R2_001.fastp-trim_fastqc.html [750671/750671] -> "../data/12-Peve-lncRNA-discovery/fastq/POR-73-TP3_R2_001.fastp-trim_fastqc.html.tmp" [1]
2025-08-13 11:52:44 URL:https://gannet.fish.washington.edu/gitrepos/urol-e5/timeseries_molecular/E-Peve/output/01.00-E-Peve-RNAseq-trimming-fastp-FastQC-MultiQC/POR-73-TP4.fastp-trim.report.html [491172/491172] -> "../data/12-Peve-lncRNA-discovery/fastq/POR-73-TP4.fastp-trim.report.html.tmp" [1]
2025-08-13 11:52:51 URL:https://gannet.fish.washington.edu/gitrepos/urol-e5/timeseries_molecular/E-Peve/output/01.00-E-Peve-RNAseq-trimming-fastp-FastQC-MultiQC/POR-73-TP4_R1_001.fastp-trim.fq.gz [780366872/780366872] -> "../data/12-Peve-lncRNA-discovery/fastq/POR-73-TP4_R1_001.fastp-trim.fq.gz" [1]
2025-08-13 11:52:51 URL:https://gannet.fish.washington.edu/gitrepos/urol-e5/timeseries_molecular/E-Peve/output/01.00-E-Peve-RNAseq-trimming-fastp-FastQC-MultiQC/POR-73-TP4_R1_001.fastp-trim_fastqc.html [748852/748852] -> "../data/12-Peve-lncRNA-discovery/fastq/POR-73-TP4_R1_001.fastp-trim_fastqc.html.tmp" [1]
2025-08-13 11:52:58 URL:https://gannet.fish.washington.edu/gitrepos/urol-e5/timeseries_molecular/E-Peve/output/01.00-E-Peve-RNAseq-trimming-fastp-FastQC-MultiQC/POR-73-TP4_R2_001.fastp-trim.fq.gz [808642665/808642665] -> "../data/12-Peve-lncRNA-discovery/fastq/POR-73-TP4_R2_001.fastp-trim.fq.gz" [1]
2025-08-13 11:52:58 URL:https://gannet.fish.washington.edu/gitrepos/urol-e5/timeseries_molecular/E-Peve/output/01.00-E-Peve-RNAseq-trimming-fastp-FastQC-MultiQC/POR-73-TP4_R2_001.fastp-trim_fastqc.html [748217/748217] -> "../data/12-Peve-lncRNA-discovery/fastq/POR-73-TP4_R2_001.fastp-trim_fastqc.html.tmp" [1]
2025-08-13 11:52:58 URL:https://gannet.fish.washington.edu/gitrepos/urol-e5/timeseries_molecular/E-Peve/output/01.00-E-Peve-RNAseq-trimming-fastp-FastQC-MultiQC/POR-74-TP1.fastp-trim.report.html [490884/490884] -> "../data/12-Peve-lncRNA-discovery/fastq/POR-74-TP1.fastp-trim.report.html.tmp" [1]
2025-08-13 11:53:06 URL:https://gannet.fish.washington.edu/gitrepos/urol-e5/timeseries_molecular/E-Peve/output/01.00-E-Peve-RNAseq-trimming-fastp-FastQC-MultiQC/POR-74-TP1_R1_001.fastp-trim.fq.gz [907473883/907473883] -> "../data/12-Peve-lncRNA-discovery/fastq/POR-74-TP1_R1_001.fastp-trim.fq.gz" [1]
2025-08-13 11:53:06 URL:https://gannet.fish.washington.edu/gitrepos/urol-e5/timeseries_molecular/E-Peve/output/01.00-E-Peve-RNAseq-trimming-fastp-FastQC-MultiQC/POR-74-TP1_R1_001.fastp-trim_fastqc.html [734532/734532] -> "../data/12-Peve-lncRNA-discovery/fastq/POR-74-TP1_R1_001.fastp-trim_fastqc.html.tmp" [1]
2025-08-13 11:53:14 URL:https://gannet.fish.washington.edu/gitrepos/urol-e5/timeseries_molecular/E-Peve/output/01.00-E-Peve-RNAseq-trimming-fastp-FastQC-MultiQC/POR-74-TP1_R2_001.fastp-trim.fq.gz [918251174/918251174] -> "../data/12-Peve-lncRNA-discovery/fastq/POR-74-TP1_R2_001.fastp-trim.fq.gz" [1]
2025-08-13 11:53:14 URL:https://gannet.fish.washington.edu/gitrepos/urol-e5/timeseries_molecular/E-Peve/output/01.00-E-Peve-RNAseq-trimming-fastp-FastQC-MultiQC/POR-74-TP1_R2_001.fastp-trim_fastqc.html [732018/732018] -> "../data/12-Peve-lncRNA-discovery/fastq/POR-74-TP1_R2_001.fastp-trim_fastqc.html.tmp" [1]
2025-08-13 11:53:14 URL:https://gannet.fish.washington.edu/gitrepos/urol-e5/timeseries_molecular/E-Peve/output/01.00-E-Peve-RNAseq-trimming-fastp-FastQC-MultiQC/POR-74-TP2.fastp-trim.report.html [490717/490717] -> "../data/12-Peve-lncRNA-discovery/fastq/POR-74-TP2.fastp-trim.report.html.tmp" [1]
2025-08-13 11:53:20 URL:https://gannet.fish.washington.edu/gitrepos/urol-e5/timeseries_molecular/E-Peve/output/01.00-E-Peve-RNAseq-trimming-fastp-FastQC-MultiQC/POR-74-TP2_R1_001.fastp-trim.fq.gz [740978576/740978576] -> "../data/12-Peve-lncRNA-discovery/fastq/POR-74-TP2_R1_001.fastp-trim.fq.gz" [1]
2025-08-13 11:53:20 URL:https://gannet.fish.washington.edu/gitrepos/urol-e5/timeseries_molecular/E-Peve/output/01.00-E-Peve-RNAseq-trimming-fastp-FastQC-MultiQC/POR-74-TP2_R1_001.fastp-trim_fastqc.html [752222/752222] -> "../data/12-Peve-lncRNA-discovery/fastq/POR-74-TP2_R1_001.fastp-trim_fastqc.html.tmp" [1]
2025-08-13 11:53:27 URL:https://gannet.fish.washington.edu/gitrepos/urol-e5/timeseries_molecular/E-Peve/output/01.00-E-Peve-RNAseq-trimming-fastp-FastQC-MultiQC/POR-74-TP2_R2_001.fastp-trim.fq.gz [758775408/758775408] -> "../data/12-Peve-lncRNA-discovery/fastq/POR-74-TP2_R2_001.fastp-trim.fq.gz" [1]
2025-08-13 11:53:27 URL:https://gannet.fish.washington.edu/gitrepos/urol-e5/timeseries_molecular/E-Peve/output/01.00-E-Peve-RNAseq-trimming-fastp-FastQC-MultiQC/POR-74-TP2_R2_001.fastp-trim_fastqc.html [749562/749562] -> "../data/12-Peve-lncRNA-discovery/fastq/POR-74-TP2_R2_001.fastp-trim_fastqc.html.tmp" [1]
2025-08-13 11:53:27 URL:https://gannet.fish.washington.edu/gitrepos/urol-e5/timeseries_molecular/E-Peve/output/01.00-E-Peve-RNAseq-trimming-fastp-FastQC-MultiQC/POR-74-TP3.fastp-trim.report.html [491087/491087] -> "../data/12-Peve-lncRNA-discovery/fastq/POR-74-TP3.fastp-trim.report.html.tmp" [1]
2025-08-13 11:53:36 URL:https://gannet.fish.washington.edu/gitrepos/urol-e5/timeseries_molecular/E-Peve/output/01.00-E-Peve-RNAseq-trimming-fastp-FastQC-MultiQC/POR-74-TP3_R1_001.fastp-trim.fq.gz [1009186232/1009186232] -> "../data/12-Peve-lncRNA-discovery/fastq/POR-74-TP3_R1_001.fastp-trim.fq.gz" [1]
2025-08-13 11:53:36 URL:https://gannet.fish.washington.edu/gitrepos/urol-e5/timeseries_molecular/E-Peve/output/01.00-E-Peve-RNAseq-trimming-fastp-FastQC-MultiQC/POR-74-TP3_R1_001.fastp-trim_fastqc.html [737841/737841] -> "../data/12-Peve-lncRNA-discovery/fastq/POR-74-TP3_R1_001.fastp-trim_fastqc.html.tmp" [1]
2025-08-13 11:53:45 URL:https://gannet.fish.washington.edu/gitrepos/urol-e5/timeseries_molecular/E-Peve/output/01.00-E-Peve-RNAseq-trimming-fastp-FastQC-MultiQC/POR-74-TP3_R2_001.fastp-trim.fq.gz [1053886642/1053886642] -> "../data/12-Peve-lncRNA-discovery/fastq/POR-74-TP3_R2_001.fastp-trim.fq.gz" [1]
2025-08-13 11:53:45 URL:https://gannet.fish.washington.edu/gitrepos/urol-e5/timeseries_molecular/E-Peve/output/01.00-E-Peve-RNAseq-trimming-fastp-FastQC-MultiQC/POR-74-TP3_R2_001.fastp-trim_fastqc.html [743452/743452] -> "../data/12-Peve-lncRNA-discovery/fastq/POR-74-TP3_R2_001.fastp-trim_fastqc.html.tmp" [1]
2025-08-13 11:53:45 URL:https://gannet.fish.washington.edu/gitrepos/urol-e5/timeseries_molecular/E-Peve/output/01.00-E-Peve-RNAseq-trimming-fastp-FastQC-MultiQC/POR-74-TP4.fastp-trim.report.html [491117/491117] -> "../data/12-Peve-lncRNA-discovery/fastq/POR-74-TP4.fastp-trim.report.html.tmp" [1]
2025-08-13 11:53:52 URL:https://gannet.fish.washington.edu/gitrepos/urol-e5/timeseries_molecular/E-Peve/output/01.00-E-Peve-RNAseq-trimming-fastp-FastQC-MultiQC/POR-74-TP4_R1_001.fastp-trim.fq.gz [791216418/791216418] -> "../data/12-Peve-lncRNA-discovery/fastq/POR-74-TP4_R1_001.fastp-trim.fq.gz" [1]
2025-08-13 11:53:52 URL:https://gannet.fish.washington.edu/gitrepos/urol-e5/timeseries_molecular/E-Peve/output/01.00-E-Peve-RNAseq-trimming-fastp-FastQC-MultiQC/POR-74-TP4_R1_001.fastp-trim_fastqc.html [751972/751972] -> "../data/12-Peve-lncRNA-discovery/fastq/POR-74-TP4_R1_001.fastp-trim_fastqc.html.tmp" [1]
2025-08-13 11:53:59 URL:https://gannet.fish.washington.edu/gitrepos/urol-e5/timeseries_molecular/E-Peve/output/01.00-E-Peve-RNAseq-trimming-fastp-FastQC-MultiQC/POR-74-TP4_R2_001.fastp-trim.fq.gz [817438956/817438956] -> "../data/12-Peve-lncRNA-discovery/fastq/POR-74-TP4_R2_001.fastp-trim.fq.gz" [1]
2025-08-13 11:53:59 URL:https://gannet.fish.washington.edu/gitrepos/urol-e5/timeseries_molecular/E-Peve/output/01.00-E-Peve-RNAseq-trimming-fastp-FastQC-MultiQC/POR-74-TP4_R2_001.fastp-trim_fastqc.html [749512/749512] -> "../data/12-Peve-lncRNA-discovery/fastq/POR-74-TP4_R2_001.fastp-trim_fastqc.html.tmp" [1]
2025-08-13 11:53:59 URL:https://gannet.fish.washington.edu/gitrepos/urol-e5/timeseries_molecular/E-Peve/output/01.00-E-Peve-RNAseq-trimming-fastp-FastQC-MultiQC/POR-83-TP1.fastp-trim.report.html [490984/490984] -> "../data/12-Peve-lncRNA-discovery/fastq/POR-83-TP1.fastp-trim.report.html.tmp" [1]
2025-08-13 11:54:06 URL:https://gannet.fish.washington.edu/gitrepos/urol-e5/timeseries_molecular/E-Peve/output/01.00-E-Peve-RNAseq-trimming-fastp-FastQC-MultiQC/POR-83-TP1_R1_001.fastp-trim.fq.gz [813251867/813251867] -> "../data/12-Peve-lncRNA-discovery/fastq/POR-83-TP1_R1_001.fastp-trim.fq.gz" [1]
2025-08-13 11:54:06 URL:https://gannet.fish.washington.edu/gitrepos/urol-e5/timeseries_molecular/E-Peve/output/01.00-E-Peve-RNAseq-trimming-fastp-FastQC-MultiQC/POR-83-TP1_R1_001.fastp-trim_fastqc.html [742533/742533] -> "../data/12-Peve-lncRNA-discovery/fastq/POR-83-TP1_R1_001.fastp-trim_fastqc.html.tmp" [1]
2025-08-13 11:54:13 URL:https://gannet.fish.washington.edu/gitrepos/urol-e5/timeseries_molecular/E-Peve/output/01.00-E-Peve-RNAseq-trimming-fastp-FastQC-MultiQC/POR-83-TP1_R2_001.fastp-trim.fq.gz [833934719/833934719] -> "../data/12-Peve-lncRNA-discovery/fastq/POR-83-TP1_R2_001.fastp-trim.fq.gz" [1]
2025-08-13 11:54:13 URL:https://gannet.fish.washington.edu/gitrepos/urol-e5/timeseries_molecular/E-Peve/output/01.00-E-Peve-RNAseq-trimming-fastp-FastQC-MultiQC/POR-83-TP1_R2_001.fastp-trim_fastqc.html [745312/745312] -> "../data/12-Peve-lncRNA-discovery/fastq/POR-83-TP1_R2_001.fastp-trim_fastqc.html.tmp" [1]
2025-08-13 11:54:13 URL:https://gannet.fish.washington.edu/gitrepos/urol-e5/timeseries_molecular/E-Peve/output/01.00-E-Peve-RNAseq-trimming-fastp-FastQC-MultiQC/POR-83-TP2.fastp-trim.report.html [490995/490995] -> "../data/12-Peve-lncRNA-discovery/fastq/POR-83-TP2.fastp-trim.report.html.tmp" [1]
2025-08-13 11:54:21 URL:https://gannet.fish.washington.edu/gitrepos/urol-e5/timeseries_molecular/E-Peve/output/01.00-E-Peve-RNAseq-trimming-fastp-FastQC-MultiQC/POR-83-TP2_R1_001.fastp-trim.fq.gz [863279855/863279855] -> "../data/12-Peve-lncRNA-discovery/fastq/POR-83-TP2_R1_001.fastp-trim.fq.gz" [1]
2025-08-13 11:54:21 URL:https://gannet.fish.washington.edu/gitrepos/urol-e5/timeseries_molecular/E-Peve/output/01.00-E-Peve-RNAseq-trimming-fastp-FastQC-MultiQC/POR-83-TP2_R1_001.fastp-trim_fastqc.html [742914/742914] -> "../data/12-Peve-lncRNA-discovery/fastq/POR-83-TP2_R1_001.fastp-trim_fastqc.html.tmp" [1]
2025-08-13 11:54:29 URL:https://gannet.fish.washington.edu/gitrepos/urol-e5/timeseries_molecular/E-Peve/output/01.00-E-Peve-RNAseq-trimming-fastp-FastQC-MultiQC/POR-83-TP2_R2_001.fastp-trim.fq.gz [884087806/884087806] -> "../data/12-Peve-lncRNA-discovery/fastq/POR-83-TP2_R2_001.fastp-trim.fq.gz" [1]
2025-08-13 11:54:29 URL:https://gannet.fish.washington.edu/gitrepos/urol-e5/timeseries_molecular/E-Peve/output/01.00-E-Peve-RNAseq-trimming-fastp-FastQC-MultiQC/POR-83-TP2_R2_001.fastp-trim_fastqc.html [743471/743471] -> "../data/12-Peve-lncRNA-discovery/fastq/POR-83-TP2_R2_001.fastp-trim_fastqc.html.tmp" [1]
2025-08-13 11:54:29 URL:https://gannet.fish.washington.edu/gitrepos/urol-e5/timeseries_molecular/E-Peve/output/01.00-E-Peve-RNAseq-trimming-fastp-FastQC-MultiQC/POR-83-TP3.fastp-trim.report.html [490878/490878] -> "../data/12-Peve-lncRNA-discovery/fastq/POR-83-TP3.fastp-trim.report.html.tmp" [1]
2025-08-13 11:54:35 URL:https://gannet.fish.washington.edu/gitrepos/urol-e5/timeseries_molecular/E-Peve/output/01.00-E-Peve-RNAseq-trimming-fastp-FastQC-MultiQC/POR-83-TP3_R1_001.fastp-trim.fq.gz [763802684/763802684] -> "../data/12-Peve-lncRNA-discovery/fastq/POR-83-TP3_R1_001.fastp-trim.fq.gz" [1]
2025-08-13 11:54:35 URL:https://gannet.fish.washington.edu/gitrepos/urol-e5/timeseries_molecular/E-Peve/output/01.00-E-Peve-RNAseq-trimming-fastp-FastQC-MultiQC/POR-83-TP3_R1_001.fastp-trim_fastqc.html [749356/749356] -> "../data/12-Peve-lncRNA-discovery/fastq/POR-83-TP3_R1_001.fastp-trim_fastqc.html.tmp" [1]
2025-08-13 11:54:42 URL:https://gannet.fish.washington.edu/gitrepos/urol-e5/timeseries_molecular/E-Peve/output/01.00-E-Peve-RNAseq-trimming-fastp-FastQC-MultiQC/POR-83-TP3_R2_001.fastp-trim.fq.gz [790332295/790332295] -> "../data/12-Peve-lncRNA-discovery/fastq/POR-83-TP3_R2_001.fastp-trim.fq.gz" [1]
2025-08-13 11:54:42 URL:https://gannet.fish.washington.edu/gitrepos/urol-e5/timeseries_molecular/E-Peve/output/01.00-E-Peve-RNAseq-trimming-fastp-FastQC-MultiQC/POR-83-TP3_R2_001.fastp-trim_fastqc.html [749698/749698] -> "../data/12-Peve-lncRNA-discovery/fastq/POR-83-TP3_R2_001.fastp-trim_fastqc.html.tmp" [1]
2025-08-13 11:54:42 URL:https://gannet.fish.washington.edu/gitrepos/urol-e5/timeseries_molecular/E-Peve/output/01.00-E-Peve-RNAseq-trimming-fastp-FastQC-MultiQC/POR-83-TP4.fastp-trim.report.html [491202/491202] -> "../data/12-Peve-lncRNA-discovery/fastq/POR-83-TP4.fastp-trim.report.html.tmp" [1]
2025-08-13 11:54:51 URL:https://gannet.fish.washington.edu/gitrepos/urol-e5/timeseries_molecular/E-Peve/output/01.00-E-Peve-RNAseq-trimming-fastp-FastQC-MultiQC/POR-83-TP4_R1_001.fastp-trim.fq.gz [1045151331/1045151331] -> "../data/12-Peve-lncRNA-discovery/fastq/POR-83-TP4_R1_001.fastp-trim.fq.gz" [1]
2025-08-13 11:54:51 URL:https://gannet.fish.washington.edu/gitrepos/urol-e5/timeseries_molecular/E-Peve/output/01.00-E-Peve-RNAseq-trimming-fastp-FastQC-MultiQC/POR-83-TP4_R1_001.fastp-trim_fastqc.html [744660/744660] -> "../data/12-Peve-lncRNA-discovery/fastq/POR-83-TP4_R1_001.fastp-trim_fastqc.html.tmp" [1]
2025-08-13 11:55:01 URL:https://gannet.fish.washington.edu/gitrepos/urol-e5/timeseries_molecular/E-Peve/output/01.00-E-Peve-RNAseq-trimming-fastp-FastQC-MultiQC/POR-83-TP4_R2_001.fastp-trim.fq.gz [1048748039/1048748039] -> "../data/12-Peve-lncRNA-discovery/fastq/POR-83-TP4_R2_001.fastp-trim.fq.gz" [1]
2025-08-13 11:55:01 URL:https://gannet.fish.washington.edu/gitrepos/urol-e5/timeseries_molecular/E-Peve/output/01.00-E-Peve-RNAseq-trimming-fastp-FastQC-MultiQC/POR-83-TP4_R2_001.fastp-trim_fastqc.html [746537/746537] -> "../data/12-Peve-lncRNA-discovery/fastq/POR-83-TP4_R2_001.fastp-trim_fastqc.html.tmp" [1]
2025-08-13 11:55:01 URL:https://gannet.fish.washington.edu/gitrepos/urol-e5/timeseries_molecular/E-Peve/output/01.00-E-Peve-RNAseq-trimming-fastp-FastQC-MultiQC/POR-216-TP1.fastp-trim.report.html [490700/490700] -> "../data/12-Peve-lncRNA-discovery/fastq/POR-216-TP1.fastp-trim.report.html.tmp" [1]
2025-08-13 11:55:09 URL:https://gannet.fish.washington.edu/gitrepos/urol-e5/timeseries_molecular/E-Peve/output/01.00-E-Peve-RNAseq-trimming-fastp-FastQC-MultiQC/POR-216-TP1_R1_001.fastp-trim.fq.gz [981855390/981855390] -> "../data/12-Peve-lncRNA-discovery/fastq/POR-216-TP1_R1_001.fastp-trim.fq.gz" [1]
2025-08-13 11:55:09 URL:https://gannet.fish.washington.edu/gitrepos/urol-e5/timeseries_molecular/E-Peve/output/01.00-E-Peve-RNAseq-trimming-fastp-FastQC-MultiQC/POR-216-TP1_R1_001.fastp-trim_fastqc.html [725933/725933] -> "../data/12-Peve-lncRNA-discovery/fastq/POR-216-TP1_R1_001.fastp-trim_fastqc.html.tmp" [1]
2025-08-13 11:55:18 URL:https://gannet.fish.washington.edu/gitrepos/urol-e5/timeseries_molecular/E-Peve/output/01.00-E-Peve-RNAseq-trimming-fastp-FastQC-MultiQC/POR-216-TP1_R2_001.fastp-trim.fq.gz [997148659/997148659] -> "../data/12-Peve-lncRNA-discovery/fastq/POR-216-TP1_R2_001.fastp-trim.fq.gz" [1]
2025-08-13 11:55:18 URL:https://gannet.fish.washington.edu/gitrepos/urol-e5/timeseries_molecular/E-Peve/output/01.00-E-Peve-RNAseq-trimming-fastp-FastQC-MultiQC/POR-216-TP1_R2_001.fastp-trim_fastqc.html [723363/723363] -> "../data/12-Peve-lncRNA-discovery/fastq/POR-216-TP1_R2_001.fastp-trim_fastqc.html.tmp" [1]
2025-08-13 11:55:18 URL:https://gannet.fish.washington.edu/gitrepos/urol-e5/timeseries_molecular/E-Peve/output/01.00-E-Peve-RNAseq-trimming-fastp-FastQC-MultiQC/POR-216-TP2.fastp-trim.report.html [490838/490838] -> "../data/12-Peve-lncRNA-discovery/fastq/POR-216-TP2.fastp-trim.report.html.tmp" [1]
2025-08-13 11:55:26 URL:https://gannet.fish.washington.edu/gitrepos/urol-e5/timeseries_molecular/E-Peve/output/01.00-E-Peve-RNAseq-trimming-fastp-FastQC-MultiQC/POR-216-TP2_R1_001.fastp-trim.fq.gz [891190061/891190061] -> "../data/12-Peve-lncRNA-discovery/fastq/POR-216-TP2_R1_001.fastp-trim.fq.gz" [1]
2025-08-13 11:55:26 URL:https://gannet.fish.washington.edu/gitrepos/urol-e5/timeseries_molecular/E-Peve/output/01.00-E-Peve-RNAseq-trimming-fastp-FastQC-MultiQC/POR-216-TP2_R1_001.fastp-trim_fastqc.html [736262/736262] -> "../data/12-Peve-lncRNA-discovery/fastq/POR-216-TP2_R1_001.fastp-trim_fastqc.html.tmp" [1]
2025-08-13 11:55:34 URL:https://gannet.fish.washington.edu/gitrepos/urol-e5/timeseries_molecular/E-Peve/output/01.00-E-Peve-RNAseq-trimming-fastp-FastQC-MultiQC/POR-216-TP2_R2_001.fastp-trim.fq.gz [908897259/908897259] -> "../data/12-Peve-lncRNA-discovery/fastq/POR-216-TP2_R2_001.fastp-trim.fq.gz" [1]
2025-08-13 11:55:34 URL:https://gannet.fish.washington.edu/gitrepos/urol-e5/timeseries_molecular/E-Peve/output/01.00-E-Peve-RNAseq-trimming-fastp-FastQC-MultiQC/POR-216-TP2_R2_001.fastp-trim_fastqc.html [735401/735401] -> "../data/12-Peve-lncRNA-discovery/fastq/POR-216-TP2_R2_001.fastp-trim_fastqc.html.tmp" [1]
2025-08-13 11:55:34 URL:https://gannet.fish.washington.edu/gitrepos/urol-e5/timeseries_molecular/E-Peve/output/01.00-E-Peve-RNAseq-trimming-fastp-FastQC-MultiQC/POR-216-TP3.fastp-trim.report.html [490791/490791] -> "../data/12-Peve-lncRNA-discovery/fastq/POR-216-TP3.fastp-trim.report.html.tmp" [1]
2025-08-13 11:55:40 URL:https://gannet.fish.washington.edu/gitrepos/urol-e5/timeseries_molecular/E-Peve/output/01.00-E-Peve-RNAseq-trimming-fastp-FastQC-MultiQC/POR-216-TP3_R1_001.fastp-trim.fq.gz [718325756/718325756] -> "../data/12-Peve-lncRNA-discovery/fastq/POR-216-TP3_R1_001.fastp-trim.fq.gz" [1]
2025-08-13 11:55:40 URL:https://gannet.fish.washington.edu/gitrepos/urol-e5/timeseries_molecular/E-Peve/output/01.00-E-Peve-RNAseq-trimming-fastp-FastQC-MultiQC/POR-216-TP3_R1_001.fastp-trim_fastqc.html [740542/740542] -> "../data/12-Peve-lncRNA-discovery/fastq/POR-216-TP3_R1_001.fastp-trim_fastqc.html.tmp" [1]
2025-08-13 11:55:47 URL:https://gannet.fish.washington.edu/gitrepos/urol-e5/timeseries_molecular/E-Peve/output/01.00-E-Peve-RNAseq-trimming-fastp-FastQC-MultiQC/POR-216-TP3_R2_001.fastp-trim.fq.gz [735486385/735486385] -> "../data/12-Peve-lncRNA-discovery/fastq/POR-216-TP3_R2_001.fastp-trim.fq.gz" [1]
2025-08-13 11:55:47 URL:https://gannet.fish.washington.edu/gitrepos/urol-e5/timeseries_molecular/E-Peve/output/01.00-E-Peve-RNAseq-trimming-fastp-FastQC-MultiQC/POR-216-TP3_R2_001.fastp-trim_fastqc.html [741775/741775] -> "../data/12-Peve-lncRNA-discovery/fastq/POR-216-TP3_R2_001.fastp-trim_fastqc.html.tmp" [1]
2025-08-13 11:55:47 URL:https://gannet.fish.washington.edu/gitrepos/urol-e5/timeseries_molecular/E-Peve/output/01.00-E-Peve-RNAseq-trimming-fastp-FastQC-MultiQC/POR-216-TP4.fastp-trim.report.html [491329/491329] -> "../data/12-Peve-lncRNA-discovery/fastq/POR-216-TP4.fastp-trim.report.html.tmp" [1]
2025-08-13 11:55:55 URL:https://gannet.fish.washington.edu/gitrepos/urol-e5/timeseries_molecular/E-Peve/output/01.00-E-Peve-RNAseq-trimming-fastp-FastQC-MultiQC/POR-216-TP4_R1_001.fastp-trim.fq.gz [919866784/919866784] -> "../data/12-Peve-lncRNA-discovery/fastq/POR-216-TP4_R1_001.fastp-trim.fq.gz" [1]
2025-08-13 11:55:55 URL:https://gannet.fish.washington.edu/gitrepos/urol-e5/timeseries_molecular/E-Peve/output/01.00-E-Peve-RNAseq-trimming-fastp-FastQC-MultiQC/POR-216-TP4_R1_001.fastp-trim_fastqc.html [742045/742045] -> "../data/12-Peve-lncRNA-discovery/fastq/POR-216-TP4_R1_001.fastp-trim_fastqc.html.tmp" [1]
2025-08-13 11:56:03 URL:https://gannet.fish.washington.edu/gitrepos/urol-e5/timeseries_molecular/E-Peve/output/01.00-E-Peve-RNAseq-trimming-fastp-FastQC-MultiQC/POR-216-TP4_R2_001.fastp-trim.fq.gz [927200406/927200406] -> "../data/12-Peve-lncRNA-discovery/fastq/POR-216-TP4_R2_001.fastp-trim.fq.gz" [1]
2025-08-13 11:56:03 URL:https://gannet.fish.washington.edu/gitrepos/urol-e5/timeseries_molecular/E-Peve/output/01.00-E-Peve-RNAseq-trimming-fastp-FastQC-MultiQC/POR-216-TP4_R2_001.fastp-trim_fastqc.html [742181/742181] -> "../data/12-Peve-lncRNA-discovery/fastq/POR-216-TP4_R2_001.fastp-trim_fastqc.html.tmp" [1]
2025-08-13 11:56:03 URL:https://gannet.fish.washington.edu/gitrepos/urol-e5/timeseries_molecular/E-Peve/output/01.00-E-Peve-RNAseq-trimming-fastp-FastQC-MultiQC/POR-236-TP1.fastp-trim.report.html [490931/490931] -> "../data/12-Peve-lncRNA-discovery/fastq/POR-236-TP1.fastp-trim.report.html.tmp" [1]
2025-08-13 11:56:12 URL:https://gannet.fish.washington.edu/gitrepos/urol-e5/timeseries_molecular/E-Peve/output/01.00-E-Peve-RNAseq-trimming-fastp-FastQC-MultiQC/POR-236-TP1_R1_001.fastp-trim.fq.gz [982501925/982501925] -> "../data/12-Peve-lncRNA-discovery/fastq/POR-236-TP1_R1_001.fastp-trim.fq.gz" [1]
2025-08-13 11:56:12 URL:https://gannet.fish.washington.edu/gitrepos/urol-e5/timeseries_molecular/E-Peve/output/01.00-E-Peve-RNAseq-trimming-fastp-FastQC-MultiQC/POR-236-TP1_R1_001.fastp-trim_fastqc.html [737182/737182] -> "../data/12-Peve-lncRNA-discovery/fastq/POR-236-TP1_R1_001.fastp-trim_fastqc.html.tmp" [1]
2025-08-13 11:56:20 URL:https://gannet.fish.washington.edu/gitrepos/urol-e5/timeseries_molecular/E-Peve/output/01.00-E-Peve-RNAseq-trimming-fastp-FastQC-MultiQC/POR-236-TP1_R2_001.fastp-trim.fq.gz [1006416501/1006416501] -> "../data/12-Peve-lncRNA-discovery/fastq/POR-236-TP1_R2_001.fastp-trim.fq.gz" [1]
2025-08-13 11:56:20 URL:https://gannet.fish.washington.edu/gitrepos/urol-e5/timeseries_molecular/E-Peve/output/01.00-E-Peve-RNAseq-trimming-fastp-FastQC-MultiQC/POR-236-TP1_R2_001.fastp-trim_fastqc.html [736283/736283] -> "../data/12-Peve-lncRNA-discovery/fastq/POR-236-TP1_R2_001.fastp-trim_fastqc.html.tmp" [1]
2025-08-13 11:56:20 URL:https://gannet.fish.washington.edu/gitrepos/urol-e5/timeseries_molecular/E-Peve/output/01.00-E-Peve-RNAseq-trimming-fastp-FastQC-MultiQC/POR-236-TP2.fastp-trim.report.html [491091/491091] -> "../data/12-Peve-lncRNA-discovery/fastq/POR-236-TP2.fastp-trim.report.html.tmp" [1]
2025-08-13 11:56:27 URL:https://gannet.fish.washington.edu/gitrepos/urol-e5/timeseries_molecular/E-Peve/output/01.00-E-Peve-RNAseq-trimming-fastp-FastQC-MultiQC/POR-236-TP2_R1_001.fastp-trim.fq.gz [798885238/798885238] -> "../data/12-Peve-lncRNA-discovery/fastq/POR-236-TP2_R1_001.fastp-trim.fq.gz" [1]
2025-08-13 11:56:27 URL:https://gannet.fish.washington.edu/gitrepos/urol-e5/timeseries_molecular/E-Peve/output/01.00-E-Peve-RNAseq-trimming-fastp-FastQC-MultiQC/POR-236-TP2_R1_001.fastp-trim_fastqc.html [752197/752197] -> "../data/12-Peve-lncRNA-discovery/fastq/POR-236-TP2_R1_001.fastp-trim_fastqc.html.tmp" [1]
2025-08-13 11:56:36 URL:https://gannet.fish.washington.edu/gitrepos/urol-e5/timeseries_molecular/E-Peve/output/01.00-E-Peve-RNAseq-trimming-fastp-FastQC-MultiQC/POR-236-TP2_R2_001.fastp-trim.fq.gz [823297252/823297252] -> "../data/12-Peve-lncRNA-discovery/fastq/POR-236-TP2_R2_001.fastp-trim.fq.gz" [1]
2025-08-13 11:56:36 URL:https://gannet.fish.washington.edu/gitrepos/urol-e5/timeseries_molecular/E-Peve/output/01.00-E-Peve-RNAseq-trimming-fastp-FastQC-MultiQC/POR-236-TP2_R2_001.fastp-trim_fastqc.html [749165/749165] -> "../data/12-Peve-lncRNA-discovery/fastq/POR-236-TP2_R2_001.fastp-trim_fastqc.html.tmp" [1]
2025-08-13 11:56:36 URL:https://gannet.fish.washington.edu/gitrepos/urol-e5/timeseries_molecular/E-Peve/output/01.00-E-Peve-RNAseq-trimming-fastp-FastQC-MultiQC/POR-245-TP1.fastp-trim.report.html [490856/490856] -> "../data/12-Peve-lncRNA-discovery/fastq/POR-245-TP1.fastp-trim.report.html.tmp" [1]
2025-08-13 11:56:45 URL:https://gannet.fish.washington.edu/gitrepos/urol-e5/timeseries_molecular/E-Peve/output/01.00-E-Peve-RNAseq-trimming-fastp-FastQC-MultiQC/POR-245-TP1_R1_001.fastp-trim.fq.gz [926540192/926540192] -> "../data/12-Peve-lncRNA-discovery/fastq/POR-245-TP1_R1_001.fastp-trim.fq.gz" [1]
2025-08-13 11:56:45 URL:https://gannet.fish.washington.edu/gitrepos/urol-e5/timeseries_molecular/E-Peve/output/01.00-E-Peve-RNAseq-trimming-fastp-FastQC-MultiQC/POR-245-TP1_R1_001.fastp-trim_fastqc.html [735239/735239] -> "../data/12-Peve-lncRNA-discovery/fastq/POR-245-TP1_R1_001.fastp-trim_fastqc.html.tmp" [1]
2025-08-13 11:56:53 URL:https://gannet.fish.washington.edu/gitrepos/urol-e5/timeseries_molecular/E-Peve/output/01.00-E-Peve-RNAseq-trimming-fastp-FastQC-MultiQC/POR-245-TP1_R2_001.fastp-trim.fq.gz [939666462/939666462] -> "../data/12-Peve-lncRNA-discovery/fastq/POR-245-TP1_R2_001.fastp-trim.fq.gz" [1]
2025-08-13 11:56:53 URL:https://gannet.fish.washington.edu/gitrepos/urol-e5/timeseries_molecular/E-Peve/output/01.00-E-Peve-RNAseq-trimming-fastp-FastQC-MultiQC/POR-245-TP1_R2_001.fastp-trim_fastqc.html [735525/735525] -> "../data/12-Peve-lncRNA-discovery/fastq/POR-245-TP1_R2_001.fastp-trim_fastqc.html.tmp" [1]
2025-08-13 11:56:53 URL:https://gannet.fish.washington.edu/gitrepos/urol-e5/timeseries_molecular/E-Peve/output/01.00-E-Peve-RNAseq-trimming-fastp-FastQC-MultiQC/POR-245-TP2.fastp-trim.report.html [490645/490645] -> "../data/12-Peve-lncRNA-discovery/fastq/POR-245-TP2.fastp-trim.report.html.tmp" [1]
2025-08-13 11:57:00 URL:https://gannet.fish.washington.edu/gitrepos/urol-e5/timeseries_molecular/E-Peve/output/01.00-E-Peve-RNAseq-trimming-fastp-FastQC-MultiQC/POR-245-TP2_R1_001.fastp-trim.fq.gz [679337739/679337739] -> "../data/12-Peve-lncRNA-discovery/fastq/POR-245-TP2_R1_001.fastp-trim.fq.gz" [1]
2025-08-13 11:57:00 URL:https://gannet.fish.washington.edu/gitrepos/urol-e5/timeseries_molecular/E-Peve/output/01.00-E-Peve-RNAseq-trimming-fastp-FastQC-MultiQC/POR-245-TP2_R1_001.fastp-trim_fastqc.html [751635/751635] -> "../data/12-Peve-lncRNA-discovery/fastq/POR-245-TP2_R1_001.fastp-trim_fastqc.html.tmp" [1]
2025-08-13 11:57:06 URL:https://gannet.fish.washington.edu/gitrepos/urol-e5/timeseries_molecular/E-Peve/output/01.00-E-Peve-RNAseq-trimming-fastp-FastQC-MultiQC/POR-245-TP2_R2_001.fastp-trim.fq.gz [704379046/704379046] -> "../data/12-Peve-lncRNA-discovery/fastq/POR-245-TP2_R2_001.fastp-trim.fq.gz" [1]
2025-08-13 11:57:06 URL:https://gannet.fish.washington.edu/gitrepos/urol-e5/timeseries_molecular/E-Peve/output/01.00-E-Peve-RNAseq-trimming-fastp-FastQC-MultiQC/POR-245-TP2_R2_001.fastp-trim_fastqc.html [751826/751826] -> "../data/12-Peve-lncRNA-discovery/fastq/POR-245-TP2_R2_001.fastp-trim_fastqc.html.tmp" [1]
2025-08-13 11:57:06 URL:https://gannet.fish.washington.edu/gitrepos/urol-e5/timeseries_molecular/E-Peve/output/01.00-E-Peve-RNAseq-trimming-fastp-FastQC-MultiQC/POR-245-TP3.fastp-trim.report.html [491016/491016] -> "../data/12-Peve-lncRNA-discovery/fastq/POR-245-TP3.fastp-trim.report.html.tmp" [1]
2025-08-13 11:57:13 URL:https://gannet.fish.washington.edu/gitrepos/urol-e5/timeseries_molecular/E-Peve/output/01.00-E-Peve-RNAseq-trimming-fastp-FastQC-MultiQC/POR-245-TP3_R1_001.fastp-trim.fq.gz [781531811/781531811] -> "../data/12-Peve-lncRNA-discovery/fastq/POR-245-TP3_R1_001.fastp-trim.fq.gz" [1]
2025-08-13 11:57:13 URL:https://gannet.fish.washington.edu/gitrepos/urol-e5/timeseries_molecular/E-Peve/output/01.00-E-Peve-RNAseq-trimming-fastp-FastQC-MultiQC/POR-245-TP3_R1_001.fastp-trim_fastqc.html [747968/747968] -> "../data/12-Peve-lncRNA-discovery/fastq/POR-245-TP3_R1_001.fastp-trim_fastqc.html.tmp" [1]
2025-08-13 11:57:20 URL:https://gannet.fish.washington.edu/gitrepos/urol-e5/timeseries_molecular/E-Peve/output/01.00-E-Peve-RNAseq-trimming-fastp-FastQC-MultiQC/POR-245-TP3_R2_001.fastp-trim.fq.gz [809024550/809024550] -> "../data/12-Peve-lncRNA-discovery/fastq/POR-245-TP3_R2_001.fastp-trim.fq.gz" [1]
2025-08-13 11:57:20 URL:https://gannet.fish.washington.edu/gitrepos/urol-e5/timeseries_molecular/E-Peve/output/01.00-E-Peve-RNAseq-trimming-fastp-FastQC-MultiQC/POR-245-TP3_R2_001.fastp-trim_fastqc.html [743953/743953] -> "../data/12-Peve-lncRNA-discovery/fastq/POR-245-TP3_R2_001.fastp-trim_fastqc.html.tmp" [1]
2025-08-13 11:57:20 URL:https://gannet.fish.washington.edu/gitrepos/urol-e5/timeseries_molecular/E-Peve/output/01.00-E-Peve-RNAseq-trimming-fastp-FastQC-MultiQC/POR-245-TP4.fastp-trim.report.html [490548/490548] -> "../data/12-Peve-lncRNA-discovery/fastq/POR-245-TP4.fastp-trim.report.html.tmp" [1]
2025-08-13 11:57:28 URL:https://gannet.fish.washington.edu/gitrepos/urol-e5/timeseries_molecular/E-Peve/output/01.00-E-Peve-RNAseq-trimming-fastp-FastQC-MultiQC/POR-245-TP4_R1_001.fastp-trim.fq.gz [897335804/897335804] -> "../data/12-Peve-lncRNA-discovery/fastq/POR-245-TP4_R1_001.fastp-trim.fq.gz" [1]
2025-08-13 11:57:28 URL:https://gannet.fish.washington.edu/gitrepos/urol-e5/timeseries_molecular/E-Peve/output/01.00-E-Peve-RNAseq-trimming-fastp-FastQC-MultiQC/POR-245-TP4_R1_001.fastp-trim_fastqc.html [720793/720793] -> "../data/12-Peve-lncRNA-discovery/fastq/POR-245-TP4_R1_001.fastp-trim_fastqc.html.tmp" [1]
2025-08-13 11:57:36 URL:https://gannet.fish.washington.edu/gitrepos/urol-e5/timeseries_molecular/E-Peve/output/01.00-E-Peve-RNAseq-trimming-fastp-FastQC-MultiQC/POR-245-TP4_R2_001.fastp-trim.fq.gz [899457947/899457947] -> "../data/12-Peve-lncRNA-discovery/fastq/POR-245-TP4_R2_001.fastp-trim.fq.gz" [1]
2025-08-13 11:57:36 URL:https://gannet.fish.washington.edu/gitrepos/urol-e5/timeseries_molecular/E-Peve/output/01.00-E-Peve-RNAseq-trimming-fastp-FastQC-MultiQC/POR-245-TP4_R2_001.fastp-trim_fastqc.html [721845/721845] -> "../data/12-Peve-lncRNA-discovery/fastq/POR-245-TP4_R2_001.fastp-trim_fastqc.html.tmp" [1]
2025-08-13 11:57:36 URL:https://gannet.fish.washington.edu/gitrepos/urol-e5/timeseries_molecular/E-Peve/output/01.00-E-Peve-RNAseq-trimming-fastp-FastQC-MultiQC/POR-260-TP1.fastp-trim.report.html [490869/490869] -> "../data/12-Peve-lncRNA-discovery/fastq/POR-260-TP1.fastp-trim.report.html.tmp" [1]
2025-08-13 11:57:44 URL:https://gannet.fish.washington.edu/gitrepos/urol-e5/timeseries_molecular/E-Peve/output/01.00-E-Peve-RNAseq-trimming-fastp-FastQC-MultiQC/POR-260-TP1_R1_001.fastp-trim.fq.gz [890945135/890945135] -> "../data/12-Peve-lncRNA-discovery/fastq/POR-260-TP1_R1_001.fastp-trim.fq.gz" [1]
2025-08-13 11:57:44 URL:https://gannet.fish.washington.edu/gitrepos/urol-e5/timeseries_molecular/E-Peve/output/01.00-E-Peve-RNAseq-trimming-fastp-FastQC-MultiQC/POR-260-TP1_R1_001.fastp-trim_fastqc.html [720930/720930] -> "../data/12-Peve-lncRNA-discovery/fastq/POR-260-TP1_R1_001.fastp-trim_fastqc.html.tmp" [1]
2025-08-13 11:57:54 URL:https://gannet.fish.washington.edu/gitrepos/urol-e5/timeseries_molecular/E-Peve/output/01.00-E-Peve-RNAseq-trimming-fastp-FastQC-MultiQC/POR-260-TP1_R2_001.fastp-trim.fq.gz [907056649/907056649] -> "../data/12-Peve-lncRNA-discovery/fastq/POR-260-TP1_R2_001.fastp-trim.fq.gz" [1]
2025-08-13 11:57:54 URL:https://gannet.fish.washington.edu/gitrepos/urol-e5/timeseries_molecular/E-Peve/output/01.00-E-Peve-RNAseq-trimming-fastp-FastQC-MultiQC/POR-260-TP1_R2_001.fastp-trim_fastqc.html [723327/723327] -> "../data/12-Peve-lncRNA-discovery/fastq/POR-260-TP1_R2_001.fastp-trim_fastqc.html.tmp" [1]
2025-08-13 11:57:54 URL:https://gannet.fish.washington.edu/gitrepos/urol-e5/timeseries_molecular/E-Peve/output/01.00-E-Peve-RNAseq-trimming-fastp-FastQC-MultiQC/POR-260-TP2.fastp-trim.report.html [490828/490828] -> "../data/12-Peve-lncRNA-discovery/fastq/POR-260-TP2.fastp-trim.report.html.tmp" [1]
2025-08-13 11:58:00 URL:https://gannet.fish.washington.edu/gitrepos/urol-e5/timeseries_molecular/E-Peve/output/01.00-E-Peve-RNAseq-trimming-fastp-FastQC-MultiQC/POR-260-TP2_R1_001.fastp-trim.fq.gz [747328299/747328299] -> "../data/12-Peve-lncRNA-discovery/fastq/POR-260-TP2_R1_001.fastp-trim.fq.gz" [1]
2025-08-13 11:58:00 URL:https://gannet.fish.washington.edu/gitrepos/urol-e5/timeseries_molecular/E-Peve/output/01.00-E-Peve-RNAseq-trimming-fastp-FastQC-MultiQC/POR-260-TP2_R1_001.fastp-trim_fastqc.html [750908/750908] -> "../data/12-Peve-lncRNA-discovery/fastq/POR-260-TP2_R1_001.fastp-trim_fastqc.html.tmp" [1]
2025-08-13 11:58:07 URL:https://gannet.fish.washington.edu/gitrepos/urol-e5/timeseries_molecular/E-Peve/output/01.00-E-Peve-RNAseq-trimming-fastp-FastQC-MultiQC/POR-260-TP2_R2_001.fastp-trim.fq.gz [774425890/774425890] -> "../data/12-Peve-lncRNA-discovery/fastq/POR-260-TP2_R2_001.fastp-trim.fq.gz" [1]
2025-08-13 11:58:07 URL:https://gannet.fish.washington.edu/gitrepos/urol-e5/timeseries_molecular/E-Peve/output/01.00-E-Peve-RNAseq-trimming-fastp-FastQC-MultiQC/POR-260-TP2_R2_001.fastp-trim_fastqc.html [751421/751421] -> "../data/12-Peve-lncRNA-discovery/fastq/POR-260-TP2_R2_001.fastp-trim_fastqc.html.tmp" [1]
2025-08-13 11:58:07 URL:https://gannet.fish.washington.edu/gitrepos/urol-e5/timeseries_molecular/E-Peve/output/01.00-E-Peve-RNAseq-trimming-fastp-FastQC-MultiQC/POR-260-TP3.fastp-trim.report.html [490789/490789] -> "../data/12-Peve-lncRNA-discovery/fastq/POR-260-TP3.fastp-trim.report.html.tmp" [1]
2025-08-13 11:58:14 URL:https://gannet.fish.washington.edu/gitrepos/urol-e5/timeseries_molecular/E-Peve/output/01.00-E-Peve-RNAseq-trimming-fastp-FastQC-MultiQC/POR-260-TP3_R1_001.fastp-trim.fq.gz [787729898/787729898] -> "../data/12-Peve-lncRNA-discovery/fastq/POR-260-TP3_R1_001.fastp-trim.fq.gz" [1]
2025-08-13 11:58:14 URL:https://gannet.fish.washington.edu/gitrepos/urol-e5/timeseries_molecular/E-Peve/output/01.00-E-Peve-RNAseq-trimming-fastp-FastQC-MultiQC/POR-260-TP3_R1_001.fastp-trim_fastqc.html [745034/745034] -> "../data/12-Peve-lncRNA-discovery/fastq/POR-260-TP3_R1_001.fastp-trim_fastqc.html.tmp" [1]
2025-08-13 11:58:21 URL:https://gannet.fish.washington.edu/gitrepos/urol-e5/timeseries_molecular/E-Peve/output/01.00-E-Peve-RNAseq-trimming-fastp-FastQC-MultiQC/POR-260-TP3_R2_001.fastp-trim.fq.gz [804089812/804089812] -> "../data/12-Peve-lncRNA-discovery/fastq/POR-260-TP3_R2_001.fastp-trim.fq.gz" [1]
2025-08-13 11:58:21 URL:https://gannet.fish.washington.edu/gitrepos/urol-e5/timeseries_molecular/E-Peve/output/01.00-E-Peve-RNAseq-trimming-fastp-FastQC-MultiQC/POR-260-TP3_R2_001.fastp-trim_fastqc.html [742240/742240] -> "../data/12-Peve-lncRNA-discovery/fastq/POR-260-TP3_R2_001.fastp-trim_fastqc.html.tmp" [1]
2025-08-13 11:58:21 URL:https://gannet.fish.washington.edu/gitrepos/urol-e5/timeseries_molecular/E-Peve/output/01.00-E-Peve-RNAseq-trimming-fastp-FastQC-MultiQC/POR-260-TP4.fastp-trim.report.html [490714/490714] -> "../data/12-Peve-lncRNA-discovery/fastq/POR-260-TP4.fastp-trim.report.html.tmp" [1]
2025-08-13 11:58:29 URL:https://gannet.fish.washington.edu/gitrepos/urol-e5/timeseries_molecular/E-Peve/output/01.00-E-Peve-RNAseq-trimming-fastp-FastQC-MultiQC/POR-260-TP4_R1_001.fastp-trim.fq.gz [900886359/900886359] -> "../data/12-Peve-lncRNA-discovery/fastq/POR-260-TP4_R1_001.fastp-trim.fq.gz" [1]
2025-08-13 11:58:29 URL:https://gannet.fish.washington.edu/gitrepos/urol-e5/timeseries_molecular/E-Peve/output/01.00-E-Peve-RNAseq-trimming-fastp-FastQC-MultiQC/POR-260-TP4_R1_001.fastp-trim_fastqc.html [739591/739591] -> "../data/12-Peve-lncRNA-discovery/fastq/POR-260-TP4_R1_001.fastp-trim_fastqc.html.tmp" [1]
2025-08-13 11:58:37 URL:https://gannet.fish.washington.edu/gitrepos/urol-e5/timeseries_molecular/E-Peve/output/01.00-E-Peve-RNAseq-trimming-fastp-FastQC-MultiQC/POR-260-TP4_R2_001.fastp-trim.fq.gz [913493544/913493544] -> "../data/12-Peve-lncRNA-discovery/fastq/POR-260-TP4_R2_001.fastp-trim.fq.gz" [1]
2025-08-13 11:58:37 URL:https://gannet.fish.washington.edu/gitrepos/urol-e5/timeseries_molecular/E-Peve/output/01.00-E-Peve-RNAseq-trimming-fastp-FastQC-MultiQC/POR-260-TP4_R2_001.fastp-trim_fastqc.html [738187/738187] -> "../data/12-Peve-lncRNA-discovery/fastq/POR-260-TP4_R2_001.fastp-trim_fastqc.html.tmp" [1]
2025-08-13 11:58:37 URL:https://gannet.fish.washington.edu/gitrepos/urol-e5/timeseries_molecular/E-Peve/output/01.00-E-Peve-RNAseq-trimming-fastp-FastQC-MultiQC/POR-262-TP1.fastp-trim.report.html [490678/490678] -> "../data/12-Peve-lncRNA-discovery/fastq/POR-262-TP1.fastp-trim.report.html.tmp" [1]
2025-08-13 11:58:46 URL:https://gannet.fish.washington.edu/gitrepos/urol-e5/timeseries_molecular/E-Peve/output/01.00-E-Peve-RNAseq-trimming-fastp-FastQC-MultiQC/POR-262-TP1_R1_001.fastp-trim.fq.gz [989903416/989903416] -> "../data/12-Peve-lncRNA-discovery/fastq/POR-262-TP1_R1_001.fastp-trim.fq.gz" [1]
2025-08-13 11:58:46 URL:https://gannet.fish.washington.edu/gitrepos/urol-e5/timeseries_molecular/E-Peve/output/01.00-E-Peve-RNAseq-trimming-fastp-FastQC-MultiQC/POR-262-TP1_R1_001.fastp-trim_fastqc.html [731919/731919] -> "../data/12-Peve-lncRNA-discovery/fastq/POR-262-TP1_R1_001.fastp-trim_fastqc.html.tmp" [1]
2025-08-13 11:58:54 URL:https://gannet.fish.washington.edu/gitrepos/urol-e5/timeseries_molecular/E-Peve/output/01.00-E-Peve-RNAseq-trimming-fastp-FastQC-MultiQC/POR-262-TP1_R2_001.fastp-trim.fq.gz [1005152005/1005152005] -> "../data/12-Peve-lncRNA-discovery/fastq/POR-262-TP1_R2_001.fastp-trim.fq.gz" [1]
2025-08-13 11:58:54 URL:https://gannet.fish.washington.edu/gitrepos/urol-e5/timeseries_molecular/E-Peve/output/01.00-E-Peve-RNAseq-trimming-fastp-FastQC-MultiQC/POR-262-TP1_R2_001.fastp-trim_fastqc.html [730004/730004] -> "../data/12-Peve-lncRNA-discovery/fastq/POR-262-TP1_R2_001.fastp-trim_fastqc.html.tmp" [1]
2025-08-13 11:58:55 URL:https://gannet.fish.washington.edu/gitrepos/urol-e5/timeseries_molecular/E-Peve/output/01.00-E-Peve-RNAseq-trimming-fastp-FastQC-MultiQC/POR-262-TP2.fastp-trim.report.html [490626/490626] -> "../data/12-Peve-lncRNA-discovery/fastq/POR-262-TP2.fastp-trim.report.html.tmp" [1]
2025-08-13 11:59:03 URL:https://gannet.fish.washington.edu/gitrepos/urol-e5/timeseries_molecular/E-Peve/output/01.00-E-Peve-RNAseq-trimming-fastp-FastQC-MultiQC/POR-262-TP2_R1_001.fastp-trim.fq.gz [977808414/977808414] -> "../data/12-Peve-lncRNA-discovery/fastq/POR-262-TP2_R1_001.fastp-trim.fq.gz" [1]
2025-08-13 11:59:03 URL:https://gannet.fish.washington.edu/gitrepos/urol-e5/timeseries_molecular/E-Peve/output/01.00-E-Peve-RNAseq-trimming-fastp-FastQC-MultiQC/POR-262-TP2_R1_001.fastp-trim_fastqc.html [730772/730772] -> "../data/12-Peve-lncRNA-discovery/fastq/POR-262-TP2_R1_001.fastp-trim_fastqc.html.tmp" [1]
2025-08-13 11:59:12 URL:https://gannet.fish.washington.edu/gitrepos/urol-e5/timeseries_molecular/E-Peve/output/01.00-E-Peve-RNAseq-trimming-fastp-FastQC-MultiQC/POR-262-TP2_R2_001.fastp-trim.fq.gz [993152088/993152088] -> "../data/12-Peve-lncRNA-discovery/fastq/POR-262-TP2_R2_001.fastp-trim.fq.gz" [1]
2025-08-13 11:59:12 URL:https://gannet.fish.washington.edu/gitrepos/urol-e5/timeseries_molecular/E-Peve/output/01.00-E-Peve-RNAseq-trimming-fastp-FastQC-MultiQC/POR-262-TP2_R2_001.fastp-trim_fastqc.html [735286/735286] -> "../data/12-Peve-lncRNA-discovery/fastq/POR-262-TP2_R2_001.fastp-trim_fastqc.html.tmp" [1]
2025-08-13 11:59:12 URL:https://gannet.fish.washington.edu/gitrepos/urol-e5/timeseries_molecular/E-Peve/output/01.00-E-Peve-RNAseq-trimming-fastp-FastQC-MultiQC/POR-262-TP3.fastp-trim.report.html [490973/490973] -> "../data/12-Peve-lncRNA-discovery/fastq/POR-262-TP3.fastp-trim.report.html.tmp" [1]
2025-08-13 11:59:20 URL:https://gannet.fish.washington.edu/gitrepos/urol-e5/timeseries_molecular/E-Peve/output/01.00-E-Peve-RNAseq-trimming-fastp-FastQC-MultiQC/POR-262-TP3_R1_001.fastp-trim.fq.gz [970579888/970579888] -> "../data/12-Peve-lncRNA-discovery/fastq/POR-262-TP3_R1_001.fastp-trim.fq.gz" [1]
2025-08-13 11:59:20 URL:https://gannet.fish.washington.edu/gitrepos/urol-e5/timeseries_molecular/E-Peve/output/01.00-E-Peve-RNAseq-trimming-fastp-FastQC-MultiQC/POR-262-TP3_R1_001.fastp-trim_fastqc.html [742000/742000] -> "../data/12-Peve-lncRNA-discovery/fastq/POR-262-TP3_R1_001.fastp-trim_fastqc.html.tmp" [1]
2025-08-13 11:59:29 URL:https://gannet.fish.washington.edu/gitrepos/urol-e5/timeseries_molecular/E-Peve/output/01.00-E-Peve-RNAseq-trimming-fastp-FastQC-MultiQC/POR-262-TP3_R2_001.fastp-trim.fq.gz [989289764/989289764] -> "../data/12-Peve-lncRNA-discovery/fastq/POR-262-TP3_R2_001.fastp-trim.fq.gz" [1]
2025-08-13 11:59:29 URL:https://gannet.fish.washington.edu/gitrepos/urol-e5/timeseries_molecular/E-Peve/output/01.00-E-Peve-RNAseq-trimming-fastp-FastQC-MultiQC/POR-262-TP3_R2_001.fastp-trim_fastqc.html [742301/742301] -> "../data/12-Peve-lncRNA-discovery/fastq/POR-262-TP3_R2_001.fastp-trim_fastqc.html.tmp" [1]
2025-08-13 11:59:29 URL:https://gannet.fish.washington.edu/gitrepos/urol-e5/timeseries_molecular/E-Peve/output/01.00-E-Peve-RNAseq-trimming-fastp-FastQC-MultiQC/POR-262-TP4.fastp-trim.report.html [490750/490750] -> "../data/12-Peve-lncRNA-discovery/fastq/POR-262-TP4.fastp-trim.report.html.tmp" [1]
2025-08-13 11:59:36 URL:https://gannet.fish.washington.edu/gitrepos/urol-e5/timeseries_molecular/E-Peve/output/01.00-E-Peve-RNAseq-trimming-fastp-FastQC-MultiQC/POR-262-TP4_R1_001.fastp-trim.fq.gz [768267909/768267909] -> "../data/12-Peve-lncRNA-discovery/fastq/POR-262-TP4_R1_001.fastp-trim.fq.gz" [1]
2025-08-13 11:59:36 URL:https://gannet.fish.washington.edu/gitrepos/urol-e5/timeseries_molecular/E-Peve/output/01.00-E-Peve-RNAseq-trimming-fastp-FastQC-MultiQC/POR-262-TP4_R1_001.fastp-trim_fastqc.html [744886/744886] -> "../data/12-Peve-lncRNA-discovery/fastq/POR-262-TP4_R1_001.fastp-trim_fastqc.html.tmp" [1]
2025-08-13 11:59:43 URL:https://gannet.fish.washington.edu/gitrepos/urol-e5/timeseries_molecular/E-Peve/output/01.00-E-Peve-RNAseq-trimming-fastp-FastQC-MultiQC/POR-262-TP4_R2_001.fastp-trim.fq.gz [786822679/786822679] -> "../data/12-Peve-lncRNA-discovery/fastq/POR-262-TP4_R2_001.fastp-trim.fq.gz" [1]
2025-08-13 11:59:43 URL:https://gannet.fish.washington.edu/gitrepos/urol-e5/timeseries_molecular/E-Peve/output/01.00-E-Peve-RNAseq-trimming-fastp-FastQC-MultiQC/POR-262-TP4_R2_001.fastp-trim_fastqc.html [746288/746288] -> "../data/12-Peve-lncRNA-discovery/fastq/POR-262-TP4_R2_001.fastp-trim_fastqc.html.tmp" [1]
2025-08-13 11:59:43 URL:https://gannet.fish.washington.edu/gitrepos/urol-e5/timeseries_molecular/E-Peve/output/01.00-E-Peve-RNAseq-trimming-fastp-FastQC-MultiQC/multiqc_data/ [2534/2534] -> "../data/12-Peve-lncRNA-discovery/fastq/index.html.tmp" [1]
2025-08-13 11:59:43 URL:https://gannet.fish.washington.edu/gitrepos/urol-e5/timeseries_molecular/E-Peve/output/01.00-E-Peve-RNAseq-trimming-fastp-FastQC-MultiQC/multiqc_report.html [3050976/3050976] -> "../data/12-Peve-lncRNA-discovery/fastq/multiqc_report.html.tmp" [1]
2025-08-13 11:59:43 URL:https://gannet.fish.washington.edu/gitrepos/urol-e5/timeseries_molecular/E-Peve/output/01.00-E-Peve-RNAseq-trimming-fastp-FastQC-MultiQC/?C=N;O=A [76002] -> "../data/12-Peve-lncRNA-discovery/fastq/index.html?C=N;O=A.tmp" [1]
2025-08-13 11:59:43 URL:https://gannet.fish.washington.edu/gitrepos/urol-e5/timeseries_molecular/E-Peve/output/01.00-E-Peve-RNAseq-trimming-fastp-FastQC-MultiQC/?C=M;O=D [76002] -> "../data/12-Peve-lncRNA-discovery/fastq/index.html?C=M;O=D.tmp" [1]
2025-08-13 11:59:43 URL:https://gannet.fish.washington.edu/gitrepos/urol-e5/timeseries_molecular/E-Peve/output/01.00-E-Peve-RNAseq-trimming-fastp-FastQC-MultiQC/?C=S;O=D [76002] -> "../data/12-Peve-lncRNA-discovery/fastq/index.html?C=S;O=D.tmp" [1]
2025-08-13 11:59:43 URL:https://gannet.fish.washington.edu/gitrepos/urol-e5/timeseries_molecular/E-Peve/output/01.00-E-Peve-RNAseq-trimming-fastp-FastQC-MultiQC/?C=D;O=D [76002] -> "../data/12-Peve-lncRNA-discovery/fastq/index.html?C=D;O=D.tmp" [1]
2025-08-13 11:59:43 URL:https://gannet.fish.washington.edu/gitrepos/urol-e5/timeseries_molecular/E-Peve/output/01.00-E-Peve-RNAseq-trimming-fastp-FastQC-MultiQC/multiqc_data/?C=N;O=D [2534/2534] -> "../data/12-Peve-lncRNA-discovery/fastq/index.html?C=N;O=D.tmp" [1]
2025-08-13 11:59:43 URL:https://gannet.fish.washington.edu/gitrepos/urol-e5/timeseries_molecular/E-Peve/output/01.00-E-Peve-RNAseq-trimming-fastp-FastQC-MultiQC/multiqc_data/?C=M;O=A [2534/2534] -> "../data/12-Peve-lncRNA-discovery/fastq/index.html?C=M;O=A.tmp" [1]
2025-08-13 11:59:43 URL:https://gannet.fish.washington.edu/gitrepos/urol-e5/timeseries_molecular/E-Peve/output/01.00-E-Peve-RNAseq-trimming-fastp-FastQC-MultiQC/multiqc_data/?C=S;O=A [2534/2534] -> "../data/12-Peve-lncRNA-discovery/fastq/index.html?C=S;O=A.tmp" [1]
2025-08-13 11:59:43 URL:https://gannet.fish.washington.edu/gitrepos/urol-e5/timeseries_molecular/E-Peve/output/01.00-E-Peve-RNAseq-trimming-fastp-FastQC-MultiQC/multiqc_data/?C=D;O=A [2534/2534] -> "../data/12-Peve-lncRNA-discovery/fastq/index.html?C=D;O=A.tmp" [1]
2025-08-13 11:59:43 URL:https://gannet.fish.washington.edu/gitrepos/urol-e5/timeseries_molecular/E-Peve/output/01.00-E-Peve-RNAseq-trimming-fastp-FastQC-MultiQC/multiqc_data/?C=N;O=A [2534/2534] -> "../data/12-Peve-lncRNA-discovery/fastq/index.html?C=N;O=A.tmp" [1]
2025-08-13 11:59:43 URL:https://gannet.fish.washington.edu/gitrepos/urol-e5/timeseries_molecular/E-Peve/output/01.00-E-Peve-RNAseq-trimming-fastp-FastQC-MultiQC/multiqc_data/?C=M;O=D [2534/2534] -> "../data/12-Peve-lncRNA-discovery/fastq/index.html?C=M;O=D.tmp" [1]
2025-08-13 11:59:43 URL:https://gannet.fish.washington.edu/gitrepos/urol-e5/timeseries_molecular/E-Peve/output/01.00-E-Peve-RNAseq-trimming-fastp-FastQC-MultiQC/multiqc_data/?C=S;O=D [2534/2534] -> "../data/12-Peve-lncRNA-discovery/fastq/index.html?C=S;O=D.tmp" [1]
2025-08-13 11:59:43 URL:https://gannet.fish.washington.edu/gitrepos/urol-e5/timeseries_molecular/E-Peve/output/01.00-E-Peve-RNAseq-trimming-fastp-FastQC-MultiQC/multiqc_data/?C=D;O=D [2534/2534] -> "../data/12-Peve-lncRNA-discovery/fastq/index.html?C=D;O=D.tmp" [1]
FINISHED --2025-08-13 11:59:43--
Total wall clock time: 9m 56s
Downloaded: 209 files, 63G in 9m 52s (108 MB/s)
