Detecting adapter sequence for read1...
No adapter detected for read1

Detecting adapter sequence for read2...
No adapter detected for read2

Read1 before filtering:
total reads: 42597485
total bases: 6389622750
Q20 bases: 6130760316(95.9487%)
Q30 bases: 5737322101(89.7912%)

Read2 before filtering:
total reads: 42597485
total bases: 6389622750
Q20 bases: 6145793400(96.184%)
Q30 bases: 5764501026(90.2166%)

Read1 after filtering:
total reads: 41695735
total bases: 5552028050
Q20 bases: 5349745771(96.3566%)
Q30 bases: 5022430792(90.4612%)

Read2 after filtering:
total reads: 41695735
total bases: 5552601475
Q20 bases: 5369579399(96.7038%)
Q30 bases: 5049602804(90.9412%)

Filtering result:
reads passed filter: 83391470
reads failed due to low quality: 1709934
reads failed due to too many N: 10502
reads failed due to too short: 83064
reads with adapter trimmed: 5241472
bases trimmed due to adapters: 114776056
reads with polyX in 3' end: 3116313
bases trimmed in polyX tail: 35965792

Duplication rate: 7.85663%

Insert size peak (evaluated by paired-end reads): 269

JSON report: /home/shared/8TB_HDD_01/sam/gitrepos/urol-e5/timeseries_molecular/D-Apul/output/01.20-D-Apul-WGBS-trimming-fastp-FastQC-MultiQC/1A10_R1_001.fastp-trim.report.json
HTML report: /home/shared/8TB_HDD_01/sam/gitrepos/urol-e5/timeseries_molecular/D-Apul/output/01.20-D-Apul-WGBS-trimming-fastp-FastQC-MultiQC/1A10_R1_001.fastp-trim.report.html

/home/shared/fastp-v0.24.0/fastp --in1 1A10_R1_001.fastq.gz --in2 1A10_R2_001.fastq.gz --detect_adapter_for_pe --trim_poly_g --trim_poly_x --thread 16 --trim_front1 15 --trim_front2 15 --html /home/shared/8TB_HDD_01/sam/gitrepos/urol-e5/timeseries_molecular/D-Apul/output/01.20-D-Apul-WGBS-trimming-fastp-FastQC-MultiQC/1A10_R1_001.fastp-trim.report.html --json /home/shared/8TB_HDD_01/sam/gitrepos/urol-e5/timeseries_molecular/D-Apul/output/01.20-D-Apul-WGBS-trimming-fastp-FastQC-MultiQC/1A10_R1_001.fastp-trim.report.json --out1 /home/shared/8TB_HDD_01/sam/gitrepos/urol-e5/timeseries_molecular/D-Apul/output/01.20-D-Apul-WGBS-trimming-fastp-FastQC-MultiQC/1A10_R1_001.fastp-trim.fq.gz --out2 /home/shared/8TB_HDD_01/sam/gitrepos/urol-e5/timeseries_molecular/D-Apul/output/01.20-D-Apul-WGBS-trimming-fastp-FastQC-MultiQC/1A10_R2_001.fastp-trim.fq.gz 
fastp v0.24.0, time used: 159 seconds
