Detecting adapter sequence for read1...
No adapter detected for read1

Detecting adapter sequence for read2...
No adapter detected for read2

Read1 before filtering:
total reads: 51981928
total bases: 7797289200
Q20 bases: 7494933098(96.1223%)
Q30 bases: 7029341730(90.1511%)

Read2 before filtering:
total reads: 51981928
total bases: 7797289200
Q20 bases: 7519582988(96.4384%)
Q30 bases: 7080579526(90.8082%)

Read1 after filtering:
total reads: 51027014
total bases: 6783051245
Q20 bases: 6545868662(96.5033%)
Q30 bases: 6157675932(90.7803%)

Read2 after filtering:
total reads: 51027014
total bases: 6783569543
Q20 bases: 6575678784(96.9354%)
Q30 bases: 6206094020(91.4871%)

Filtering result:
reads passed filter: 102054028
reads failed due to low quality: 1822946
reads failed due to too many N: 13020
reads failed due to too short: 73862
reads with adapter trimmed: 7782012
bases trimmed due to adapters: 166102846
reads with polyX in 3' end: 3789033
bases trimmed in polyX tail: 43366495

Duplication rate: 7.65475%

Insert size peak (evaluated by paired-end reads): 269

JSON report: /home/shared/8TB_HDD_01/sam/gitrepos/urol-e5/timeseries_molecular/D-Apul/output/01.20-D-Apul-WGBS-trimming-fastp-FastQC-MultiQC/1B2_R1_001.fastp-trim.report.json
HTML report: /home/shared/8TB_HDD_01/sam/gitrepos/urol-e5/timeseries_molecular/D-Apul/output/01.20-D-Apul-WGBS-trimming-fastp-FastQC-MultiQC/1B2_R1_001.fastp-trim.report.html

/home/shared/fastp-v0.24.0/fastp --in1 1B2_R1_001.fastq.gz --in2 1B2_R2_001.fastq.gz --detect_adapter_for_pe --trim_poly_g --trim_poly_x --thread 16 --trim_front1 15 --trim_front2 15 --html /home/shared/8TB_HDD_01/sam/gitrepos/urol-e5/timeseries_molecular/D-Apul/output/01.20-D-Apul-WGBS-trimming-fastp-FastQC-MultiQC/1B2_R1_001.fastp-trim.report.html --json /home/shared/8TB_HDD_01/sam/gitrepos/urol-e5/timeseries_molecular/D-Apul/output/01.20-D-Apul-WGBS-trimming-fastp-FastQC-MultiQC/1B2_R1_001.fastp-trim.report.json --out1 /home/shared/8TB_HDD_01/sam/gitrepos/urol-e5/timeseries_molecular/D-Apul/output/01.20-D-Apul-WGBS-trimming-fastp-FastQC-MultiQC/1B2_R1_001.fastp-trim.fq.gz --out2 /home/shared/8TB_HDD_01/sam/gitrepos/urol-e5/timeseries_molecular/D-Apul/output/01.20-D-Apul-WGBS-trimming-fastp-FastQC-MultiQC/1B2_R2_001.fastp-trim.fq.gz 
fastp v0.24.0, time used: 182 seconds
