Detecting adapter sequence for read1...
No adapter detected for read1

Detecting adapter sequence for read2...
No adapter detected for read2

Read1 before filtering:
total reads: 41704979
total bases: 6255746850
Q20 bases: 6007532794(96.0322%)
Q30 bases: 5632657072(90.0397%)

Read2 before filtering:
total reads: 41704979
total bases: 6255746850
Q20 bases: 6038575568(96.5285%)
Q30 bases: 5688330929(90.9297%)

Read1 after filtering:
total reads: 40660437
total bases: 5032723781
Q20 bases: 4847384376(96.3173%)
Q30 bases: 4549341805(90.3952%)

Read2 after filtering:
total reads: 40660437
total bases: 5033440712
Q20 bases: 4871067816(96.7741%)
Q30 bases: 4585271765(91.0962%)

Filtering result:
reads passed filter: 81320874
reads failed due to low quality: 2008114
reads failed due to too many N: 8994
reads failed due to too short: 71976
reads with adapter trimmed: 4822054
bases trimmed due to adapters: 63526698
reads with polyX in 3' end: 3100367
bases trimmed in polyX tail: 35699556

Duplication rate: 6.98252%

Insert size peak (evaluated by paired-end reads): 269

JSON report: /home/shared/8TB_HDD_01/sam/gitrepos/urol-e5/timeseries_molecular/D-Apul/output/01.20-D-Apul-WGBS-trimming-fastp-FastQC-MultiQC/1C9_R1_001.fastp-trim.report.json
HTML report: /home/shared/8TB_HDD_01/sam/gitrepos/urol-e5/timeseries_molecular/D-Apul/output/01.20-D-Apul-WGBS-trimming-fastp-FastQC-MultiQC/1C9_R1_001.fastp-trim.report.html

/home/shared/fastp-v0.24.0/fastp --in1 1C9_R1_001.fastq.gz --in2 1C9_R2_001.fastq.gz --detect_adapter_for_pe --trim_poly_g --trim_poly_x --thread 16 --trim_front1 25 --trim_front2 25 --html /home/shared/8TB_HDD_01/sam/gitrepos/urol-e5/timeseries_molecular/D-Apul/output/01.20-D-Apul-WGBS-trimming-fastp-FastQC-MultiQC/1C9_R1_001.fastp-trim.report.html --json /home/shared/8TB_HDD_01/sam/gitrepos/urol-e5/timeseries_molecular/D-Apul/output/01.20-D-Apul-WGBS-trimming-fastp-FastQC-MultiQC/1C9_R1_001.fastp-trim.report.json --out1 /home/shared/8TB_HDD_01/sam/gitrepos/urol-e5/timeseries_molecular/D-Apul/output/01.20-D-Apul-WGBS-trimming-fastp-FastQC-MultiQC/1C9_R1_001.fastp-trim.fq.gz --out2 /home/shared/8TB_HDD_01/sam/gitrepos/urol-e5/timeseries_molecular/D-Apul/output/01.20-D-Apul-WGBS-trimming-fastp-FastQC-MultiQC/1C9_R2_001.fastp-trim.fq.gz 
fastp v0.24.0, time used: 157 seconds
