Detecting adapter sequence for read1...
No adapter detected for read1

Detecting adapter sequence for read2...
No adapter detected for read2

Read1 before filtering:
total reads: 32753419
total bases: 4913012850
Q20 bases: 4784334447(97.3809%)
Q30 bases: 4596338095(93.5544%)

Read2 before filtering:
total reads: 32753419
total bases: 4913012850
Q20 bases: 4763041009(96.9475%)
Q30 bases: 4565237346(92.9213%)

Read1 after filtering:
total reads: 32103792
total bases: 3971483413
Q20 bases: 3873850738(97.5417%)
Q30 bases: 3722570660(93.7325%)

Read2 after filtering:
total reads: 32103792
total bases: 3972345887
Q20 bases: 3859234180(97.1525%)
Q30 bases: 3695110544(93.0209%)

Filtering result:
reads passed filter: 64207584
reads failed due to low quality: 1227276
reads failed due to too many N: 226
reads failed due to too short: 71752
reads with adapter trimmed: 3537834
bases trimmed due to adapters: 52425001
reads with polyX in 3' end: 2405527
bases trimmed in polyX tail: 28149831

Duplication rate: 13.7514%

Insert size peak (evaluated by paired-end reads): 269

JSON report: /home/shared/8TB_HDD_01/sam/gitrepos/urol-e5/timeseries_molecular/D-Apul/output/01.20-D-Apul-WGBS-trimming-fastp-FastQC-MultiQC/2H3_R1_001.fastp-trim.report.json
HTML report: /home/shared/8TB_HDD_01/sam/gitrepos/urol-e5/timeseries_molecular/D-Apul/output/01.20-D-Apul-WGBS-trimming-fastp-FastQC-MultiQC/2H3_R1_001.fastp-trim.report.html

/home/shared/fastp-v0.24.0/fastp --in1 2H3_R1_001.fastq.gz --in2 2H3_R2_001.fastq.gz --detect_adapter_for_pe --trim_poly_g --trim_poly_x --thread 16 --trim_front1 25 --trim_front2 25 --html /home/shared/8TB_HDD_01/sam/gitrepos/urol-e5/timeseries_molecular/D-Apul/output/01.20-D-Apul-WGBS-trimming-fastp-FastQC-MultiQC/2H3_R1_001.fastp-trim.report.html --json /home/shared/8TB_HDD_01/sam/gitrepos/urol-e5/timeseries_molecular/D-Apul/output/01.20-D-Apul-WGBS-trimming-fastp-FastQC-MultiQC/2H3_R1_001.fastp-trim.report.json --out1 /home/shared/8TB_HDD_01/sam/gitrepos/urol-e5/timeseries_molecular/D-Apul/output/01.20-D-Apul-WGBS-trimming-fastp-FastQC-MultiQC/2H3_R1_001.fastp-trim.fq.gz --out2 /home/shared/8TB_HDD_01/sam/gitrepos/urol-e5/timeseries_molecular/D-Apul/output/01.20-D-Apul-WGBS-trimming-fastp-FastQC-MultiQC/2H3_R2_001.fastp-trim.fq.gz 
fastp v0.24.0, time used: 107 seconds
