Detecting adapter sequence for read1...
No adapter detected for read1

Detecting adapter sequence for read2...
No adapter detected for read2

Read1 before filtering:
total reads: 42597485
total bases: 6389622750
Q20 bases: 6130760316(95.9487%)
Q30 bases: 5737322101(89.7912%)

Read2 before filtering:
total reads: 42597485
total bases: 6389622750
Q20 bases: 6145793400(96.184%)
Q30 bases: 5764501026(90.2166%)

Read1 after filtering:
total reads: 41468675
total bases: 5117479256
Q20 bases: 4926340946(96.265%)
Q30 bases: 4616028105(90.2012%)

Read2 after filtering:
total reads: 41468675
total bases: 5119757247
Q20 bases: 4942768908(96.543%)
Q30 bases: 4636476387(90.5605%)

Filtering result:
reads passed filter: 82937350
reads failed due to low quality: 2163300
reads failed due to too many N: 10034
reads failed due to too short: 84286
reads with adapter trimmed: 6223748
bases trimmed due to adapters: 92092497
reads with polyX in 3' end: 3122464
bases trimmed in polyX tail: 36007391

Duplication rate: 7.85663%

Insert size peak (evaluated by paired-end reads): 269

JSON report: /home/shared/8TB_HDD_01/sam/gitrepos/urol-e5/timeseries_molecular/D-Apul/output/01.20-D-Apul-WGBS-trimming-fastp-FastQC-MultiQC/ACR-139-TP1_R1_001.fastp-trim.report.json
HTML report: /home/shared/8TB_HDD_01/sam/gitrepos/urol-e5/timeseries_molecular/D-Apul/output/01.20-D-Apul-WGBS-trimming-fastp-FastQC-MultiQC/ACR-139-TP1_R1_001.fastp-trim.report.html

/home/shared/fastp-v0.24.0/fastp --in1 ACR-139-TP1_R1_001.fastq.gz --in2 ACR-139-TP1_R2_001.fastq.gz --detect_adapter_for_pe --trim_poly_g --trim_poly_x --thread 16 --trim_front1 25 --trim_front2 25 --html /home/shared/8TB_HDD_01/sam/gitrepos/urol-e5/timeseries_molecular/D-Apul/output/01.20-D-Apul-WGBS-trimming-fastp-FastQC-MultiQC/ACR-139-TP1_R1_001.fastp-trim.report.html --json /home/shared/8TB_HDD_01/sam/gitrepos/urol-e5/timeseries_molecular/D-Apul/output/01.20-D-Apul-WGBS-trimming-fastp-FastQC-MultiQC/ACR-139-TP1_R1_001.fastp-trim.report.json --out1 /home/shared/8TB_HDD_01/sam/gitrepos/urol-e5/timeseries_molecular/D-Apul/output/01.20-D-Apul-WGBS-trimming-fastp-FastQC-MultiQC/ACR-139-TP1_R1_001.fastp-trim.fq.gz --out2 /home/shared/8TB_HDD_01/sam/gitrepos/urol-e5/timeseries_molecular/D-Apul/output/01.20-D-Apul-WGBS-trimming-fastp-FastQC-MultiQC/ACR-139-TP1_R2_001.fastp-trim.fq.gz 
fastp v0.24.0, time used: 143 seconds
