Settings:
  Output files: "Apulchra-genome.*.ht2"
  Line rate: 7 (line is 128 bytes)
  Lines per side: 1 (side is 128 bytes)
  Offset rate: 4 (one in 16)
  FTable chars: 10
  Strings: unpacked
  Local offset rate: 3 (one in 8)
  Local fTable chars: 6
  Local sequence length: 57344
  Local sequence overlap between two consecutive indexes: 1024
  Endianness: little
  Actual local endianness: little
  Sanity checking: disabled
  Assertions: disabled
  Random seed: 0
  Sizeofs: void*:8, int:4, long:8, size_t:8
Input files DNA, FASTA:
  /home/shared/8TB_HDD_01/sam/gitrepos/urol-e5/timeseries_molecular/D-Apul/data/Apulchra-genome.fa
Reading reference sizes
  Time reading reference sizes: 00:00:04
Calculating joined length
Writing header
Reserving space for joined string
Joining reference sequences
  Time to join reference sequences: 00:00:02
  Time to read SNPs and splice sites: 00:00:01
Generation 0 (518464064 -> 518464064 nodes, 0 ranks)
COUNTED NEW NODES: 0
COUNTED TEMP NODES: 0
RESIZED NODES: 5
RESIZED NODES: 0
MADE NEW NODES: 1
Generation 1 (518614210 -> 518614210 nodes, 0 ranks)
COUNTED NEW NODES: 0
COUNTED TEMP NODES: 0
RESIZED NODES: 6
RESIZED NODES: 0
MADE NEW NODES: 0
Generation 2 (518914510 -> 518914510 nodes, 0 ranks)
COUNTED NEW NODES: 0
COUNTED TEMP NODES: 0
RESIZED NODES: 5
RESIZED NODES: 0
MADE NEW NODES: 1
Generation 3 (519515646 -> 519515646 nodes, 0 ranks)
BUILT FROM_INDEX: 1
COUNTED NEW NODES: 1
COUNTED TEMP NODES: 0
RESIZED NODES: 5
RESIZED NODES: 0
MADE NEW NODES: 1
RESIZE NODES: 13
COUNT NUMBER IN EACH BIN: 1
FINISHED FIRST ROUND: 1
1 22667951
2 21279994
1 14381100
6 16075591
2 13031049
6 15994803
2 14321274
6 17749336
2 23490284
37 12710947
2 13532166
6 16124027
3 13021998
7 11378310
7 17269161
2 17893833
37 11193169
2 12161472
6 15024696
3 14247613
6 10568175
7 15973291
2 12191486
1 10134862
37 11746814
2 12475633
1 10006230
5 10488710
2 11211445
1 9578803
5 10446209
2 14257519
1 10356386
5 11682092
1 11286100
1 12431874
1 22336951
2 1
16 1
128 2
FINISHED RECURSIVE SORTS: 3
SORT NODES: 5
MERGE, UPDATE RANK: 9
Generation 4 (520721358 -> 520154430 nodes, 264742891 ranks)
ALLOCATE FROM_TABLE: 6
COUNT NUMBER IN EACH BIN: 2
FINISHED FIRST ROUND: 2
13 13660609
13 13700596
13 13682558
13 13706910
13 13657887
13 13683858
13 13693805
13 13689147
13 13668228
13 13681034
13 13681319
13 13662217
13 13696063
13 13663539
13 13681315
12 12628481
12 12605378
13 13644600
12 12653459
12 12645320
12 12625936
12 12640830
12 12622175
12 12603059
12 12625805
12 12636553
12 12606578
12 12645531
12 12627323
12 12639070
12 12644416
12 12623823
12 12644580
12 12651824
12 12614499
12 12619461
12 12612237
12 12627005
12 12650407
11 10806995
FINISHED RECURSIVE SORTS: 1
BUILD TABLE: 5
BUILD INDEX: 1
COUNTED NEW NODES: 2
COUNTED TEMP NODES: 0
RESIZED NODES: 0
RESIZED NODES: 0
MADE NEW NODES: 3
MERGEUPDATERANK: 7
TOTAL TIME: 24
Generation 5 (520656422 -> 520270430 nodes, 357421480 ranks)
ALLOCATE FROM_TABLE: 0
COUNT NUMBER IN EACH BIN: 1
FINISHED FIRST ROUND: 3
13 13666230
13 13702859
13 13684801
13 13706851
13 13660608
13 13688097
13 13696000
13 13692823
13 13671657
13 13684016
13 13682108
13 13667740
13 13696615
13 13667639
13 13683982
12 12633774
12 12610094
13 13648399
12 12654025
12 12646496
12 12629620
12 12643216
12 12626461
12 12608119
12 12630446
12 12638485
12 12609927
12 12648172
12 12633310
12 12640850
12 12645737
12 12625395
12 12646629
12 12653056
12 12619756
12 12621710
12 12614446
12 12628964
12 12651969
11 10809348
FINISHED RECURSIVE SORTS: 1
BUILD TABLE: 5
BUILD INDEX: 1
COUNTED NEW NODES: 1
COUNTED TEMP NODES: 0
RESIZED NODES: 0
RESIZED NODES: 0
MADE NEW NODES: 3
MERGEUPDATERANK: 5
TOTAL TIME: 15
Generation 6 (520563564 -> 520465205 nodes, 408601196 ranks)
ALLOCATE FROM_TABLE: 0
COUNT NUMBER IN EACH BIN: 1
FINISHED FIRST ROUND: 3
13 13674075
13 13707894
13 13688868
13 13709847
13 13664704
13 13694668
13 13701072
13 13698055
13 13675848
13 13689356
13 13684713
13 13674564
13 13700609
13 13672711
13 13688877
12 12641081
12 12615603
13 13652965
12 12657310
12 12650275
12 12635243
12 12647473
12 12631831
12 12614680
12 12636940
12 12641960
12 12614363
12 12653689
12 12640846
12 12645451
12 12649565
12 12629437
12 12651098
12 12656626
12 12627676
12 12624999
12 12618362
12 12633237
12 12655580
11 10813054
FINISHED RECURSIVE SORTS: 1
BUILD TABLE: 5
BUILD INDEX: 2
COUNTED NEW NODES: 0
COUNTED TEMP NODES: 0
RESIZED NODES: 6
RESIZED NODES: 0
MADE NEW NODES: 2
MERGEUPDATERANK: 5
TOTAL TIME: 20
Generation 7 (520751259 -> 520646504 nodes, 447241210 ranks)
ALLOCATE FROM_TABLE: 0
COUNT NUMBER IN EACH BIN: 0
FINISHED FIRST ROUND: 3
13 13682322
13 13712959
13 13692338
13 13712955
13 13668111
13 13701098
13 13706394
13 13701317
13 13680291
13 13694728
13 13687065
13 13679793
13 13704707
13 13676812
13 13692473
12 12647655
12 12620757
13 13657487
12 12660357
12 12653523
12 12641192
12 12651693
12 12636293
12 12621724
12 12641772
12 12645162
12 12618627
12 12657862
12 12648175
12 12650497
12 12652310
12 12633461
12 12655065
12 12659820
12 12635187
12 12627581
12 12622782
12 12637348
12 12658370
11 10818441
FINISHED RECURSIVE SORTS: 2
BUILD TABLE: 5
BUILD INDEX: 1
COUNTED NEW NODES: 1
COUNTED TEMP NODES: 0
RESIZED NODES: 6
RESIZED NODES: 0
MADE NEW NODES: 2
MERGEUPDATERANK: 3
TOTAL TIME: 18
Generation 8 (520898308 -> 520805607 nodes, 472837373 ranks)
ALLOCATE FROM_TABLE: 0
COUNT NUMBER IN EACH BIN: 1
FINISHED FIRST ROUND: 3
13 13690682
13 13717474
13 13695658
13 13715979
13 13671259
13 13705792
13 13710249
13 13704293
13 13683544
13 13700389
13 13689036
13 13683667
13 13709101
13 13680007
13 13695725
12 12653180
12 12626029
13 13660787
12 12663272
12 12655384
12 12648092
12 12655679
12 12640390
12 12627995
12 12645790
12 12647934
12 12622680
12 12659893
12 12652844
12 12656019
12 12653747
12 12637695
12 12656984
12 12661866
12 12642168
12 12628476
12 12627301
12 12641809
12 12660773
11 10825965
FINISHED RECURSIVE SORTS: 1
BUILD TABLE: 5
BUILD INDEX: 2
COUNTED NEW NODES: 0
COUNTED TEMP NODES: 0
RESIZED NODES: 7
RESIZED NODES: 0
MADE NEW NODES: 1
MERGEUPDATERANK: 3
TOTAL TIME: 18
Generation 9 (521038890 -> 520962281 nodes, 489429515 ranks)
ALLOCATE FROM_TABLE: 0
COUNT NUMBER IN EACH BIN: 1
FINISHED FIRST ROUND: 3
13 13697876
13 13721109
13 13699943
13 13719473
13 13673697
13 13709677
13 13713838
13 13707877
13 13685977
13 13708300
13 13690673
13 13686803
13 13712645
13 13682369
13 13699034
12 12659131
12 12631557
13 13663021
12 12665145
12 12655538
12 12659053
12 12658287
12 12645485
12 12634839
12 12649026
12 12651733
12 12626409
12 12661242
12 12657887
12 12658883
12 12653966
12 12642378
12 12657162
12 12663724
12 12646902
12 12629343
12 12632960
12 12647397
12 12664548
11 10837374
FINISHED RECURSIVE SORTS: 2
BUILD TABLE: 6
BUILD INDEX: 1
COUNTED NEW NODES: 1
COUNTED TEMP NODES: 0
RESIZED NODES: 6
RESIZED NODES: 0
MADE NEW NODES: 1
MERGEUPDATERANK: 3
TOTAL TIME: 18
Generation 10 (521216790 -> 521145128 nodes, 500447506 ranks)
ALLOCATE FROM_TABLE: 0
COUNT NUMBER IN EACH BIN: 0
FINISHED FIRST ROUND: 4
13 13699796
13 13726580
13 13706307
13 13725039
13 13675772
13 13713392
13 13717697
13 13709912
13 13688019
13 13716303
13 13692641
13 13692629
13 13717354
13 13684159
13 13703232
12 12662072
12 12638448
13 13663388
12 12666775
12 12656828
12 12678180
12 12659449
12 12652191
12 12638537
12 12651716
12 12654934
12 12628498
12 12662377
12 12664431
12 12662447
12 12654206
12 12648175
12 12657699
12 12665499
12 12651662
12 12630336
12 12643499
12 12657096
12 12669963
11 10857890
FINISHED RECURSIVE SORTS: 1
BUILD TABLE: 5
BUILD INDEX: 1
COUNTED NEW NODES: 1
COUNTED TEMP NODES: 0
RESIZED NODES: 6
RESIZED NODES: 0
MADE NEW NODES: 2
MERGEUPDATERANK: 2
TOTAL TIME: 17
Generation 11 (521452029 -> 521368817 nodes, 508241068 ranks)
ALLOCATE FROM_TABLE: 0
COUNT NUMBER IN EACH BIN: 1
FINISHED FIRST ROUND: 3
13 13699458
13 13732562
13 13715866
13 13734640
13 13678634
13 13716642
13 13720452
13 13711898
13 13692656
13 13730824
13 13695713
13 13700751
13 13722248
13 13687225
13 13704841
12 12664226
12 12640690
13 13663552
12 12667696
12 12657382
12 12713848
12 12658773
12 12657610
12 12640862
12 12651358
12 12658430
12 12631148
12 12664548
12 12671567
12 12664882
12 12655209
12 12652508
12 12658434
12 12667548
12 12660599
12 12631513
12 12653645
12 12671659
12 12676042
11 10890678
FINISHED RECURSIVE SORTS: 1
BUILD TABLE: 5
BUILD INDEX: 2
COUNTED NEW NODES: 0
COUNTED TEMP NODES: 0
RESIZED NODES: 6
RESIZED NODES: 0
MADE NEW NODES: 2
MERGEUPDATERANK: 2
TOTAL TIME: 17
Generation 12 (521781777 -> 521668059 nodes, 513842279 ranks)
ALLOCATE FROM_TABLE: 0
COUNT NUMBER IN EACH BIN: 0
FINISHED FIRST ROUND: 4
13 13700660
13 13736610
13 13727525
13 13749099
13 13681769
13 13721730
13 13724811
13 13715351
13 13699538
13 13750514
13 13701857
13 13712918
13 13730440
13 13693369
13 13709353
12 12669768
12 12640768
13 13665157
12 12668548
12 12657341
12 12772492
12 12658243
12 12666653
12 12642546
12 12650261
12 12662526
12 12633549
12 12667108
12 12673697
12 12669259
12 12654678
12 12655497
12 12660482
12 12668680
12 12669084
12 12633561
12 12655175
12 12694811
12 12685762
11 10936869
FINISHED RECURSIVE SORTS: 1
BUILD TABLE: 5
BUILD INDEX: 2
COUNTED NEW NODES: 0
COUNTED TEMP NODES: 0
RESIZED NODES: 6
RESIZED NODES: 0
MADE NEW NODES: 2
MERGEUPDATERANK: 2
TOTAL TIME: 17
Generation 13 (522161938 -> 521997960 nodes, 517764179 ranks)
ALLOCATE FROM_TABLE: 0
COUNT NUMBER IN EACH BIN: 0
FINISHED FIRST ROUND: 4
13 13700660
13 13739472
13 13734561
13 13768044
13 13686045
13 13723376
13 13729165
13 13719447
13 13706333
13 13779756
13 13710576
13 13721693
13 13740748
13 13702052
13 13713379
12 12671388
12 12644864
13 13669253
12 12669985
12 12657341
12 12875342
12 12662339
12 12676807
12 12642546
12 12650261
12 12663170
12 12635307
12 12671399
12 12675796
12 12672686
12 12654678
12 12653674
12 12661168
12 12671139
12 12668107
12 12633882
12 12649270
12 12727791
12 12691644
11 10972816
FINISHED RECURSIVE SORTS: 1
BUILD TABLE: 5
BUILD INDEX: 2
COUNTED NEW NODES: 0
COUNTED TEMP NODES: 0
RESIZED NODES: 6
RESIZED NODES: 0
MADE NEW NODES: 1
MERGEUPDATERANK: 2
TOTAL TIME: 16
Generation 14 (522528028 -> 522346221 nodes, 520735761 ranks)
ALLOCATE FROM_TABLE: 0
COUNT NUMBER IN EACH BIN: 1
FINISHED FIRST ROUND: 3
13 13700660
13 13739343
13 13734294
13 13791722
13 13683197
13 13723376
13 13729165
13 13727639
13 13703793
13 13821158
13 13703296
13 13732487
13 13744854
13 13706594
13 13719018
12 12671388
13 13696872
12 12616480
12 12664465
12 12655907
12 13051012
12 12665311
12 12680436
12 12642546
12 12650261
12 12663170
12 12637390
12 12672130
12 12675792
12 12672686
12 12654678
12 12653674
12 12661168
12 12675213
12 12671541
12 12633882
12 12647648
12 12773409
12 12699116
11 10999450
FINISHED RECURSIVE SORTS: 2
BUILD TABLE: 6
BUILD INDEX: 1
COUNTED NEW NODES: 1
COUNTED TEMP NODES: 0
RESIZED NODES: 6
RESIZED NODES: 0
MADE NEW NODES: 1
MERGEUPDATERANK: 2
TOTAL TIME: 17
Generation 15 (522880049 -> 522624644 nodes, 522077441 ranks)
ALLOCATE FROM_TABLE: 0
COUNT NUMBER IN EACH BIN: 0
FINISHED FIRST ROUND: 4
13 13700660
13 13739265
13 13734294
13 13785951
13 13680127
13 13723376
13 13726976
13 13734024
13 13703793
13 13869948
13 13703296
13 13738458
13 13736668
13 13706594
13 13719018
12 12671388
13 13696872
13 13663820
12 12666725
12 12654298
12 13306042
12 12665914
12 12676907
12 12642871
12 12652484
12 12661083
12 12641027
12 12672693
12 12667034
12 12670861
12 12661199
12 12654929
12 12661509
12 12657165
12 12669556
12 12632046
12 12644334
12 12798945
11 11626326
11 11006168
FINISHED RECURSIVE SORTS: 1
BUILD TABLE: 5
BUILD INDEX: 2
COUNTED NEW NODES: 1
COUNTED TEMP NODES: 0
RESIZED NODES: 8
RESIZED NODES: 0
MADE NEW NODES: 3
MERGEUPDATERANK: 2
TOTAL TIME: 21
Generation 16 (523254062 -> 522863003 nodes, 522430433 ranks)
ALLOCATE FROM_TABLE: 0
COUNT NUMBER IN EACH BIN: 0
FINISHED FIRST ROUND: 5
13 13700660
13 13739265
13 13734294
13 13785951
13 13680127
13 13723376
13 13726976
13 13734024
13 13703793
13 13858872
13 13703296
13 13738458
13 13736668
13 13706594
13 13719018
13 13725003
12 12643257
13 13663820
12 12666725
12 12654298
12 13555477
12 12665914
12 12676907
12 12642871
12 12652484
12 12661083
12 12641027
12 12672693
12 12667034
12 12670861
12 12661199
12 12654929
12 12661509
12 12657165
12 12669556
12 12632046
12 12644334
12 12798945
11 11626326
11 11006168
FINISHED RECURSIVE SORTS: 1
BUILD TABLE: 6
BUILD INDEX: 2
COUNTED NEW NODES: 1
COUNTED TEMP NODES: 0
RESIZED NODES: 13
RESIZED NODES: 0
MADE NEW NODES: 2
MERGEUPDATERANK: 2
TOTAL TIME: 26
Generation 17 (523600742 -> 523190679 nodes, 522823649 ranks)
ALLOCATE FROM_TABLE: 0
COUNT NUMBER IN EACH BIN: 1
FINISHED FIRST ROUND: 4
13 13700660
13 13739265
13 13734294
13 13785951
13 13680127
13 13723376
13 13726976
13 13734024
13 13703793
13 13858872
13 13703296
13 13738458
13 13736668
13 13706594
13 13719018
13 13725003
13 13694713
12 12612364
12 12666725
12 12654298
11 12830173
12 12665311
12 12680436
12 12642546
12 12650261
12 12663170
12 12637390
12 12672130
12 12670535
12 12672686
12 12654678
12 12653674
12 12661168
12 12661724
12 12666985
12 12633882
12 12640413
12 12789171
12 12693703
11 11006168
FINISHED RECURSIVE SORTS: 1
BUILD TABLE: 6
BUILD INDEX: 2
COUNTED NEW NODES: 0
COUNTED TEMP NODES: 0
RESIZED NODES: 6
RESIZED NODES: 0
MADE NEW NODES: 1
MERGEUPDATERANK: 2
TOTAL TIME: 17
Generation 18 (524106071 -> 523739763 nodes, 523503818 ranks)
ALLOCATE FROM_TABLE: 0
COUNT NUMBER IN EACH BIN: 0
FINISHED FIRST ROUND: 3
13 13700660
13 13739265
13 13734294
13 13785951
13 13680127
13 13723376
13 13726976
13 13734024
13 13703793
13 13858872
13 13703296
13 13738458
13 13736668
13 13706594
13 13719018
13 13725003
13 13694713
13 13667338
12 12666900
12 13679412
12 13401057
12 12674020
12 12682506
12 12634246
12 12651575
12 12662145
12 12653286
12 12661664
12 12670806
12 12667889
12 12659517
12 12653416
12 12665012
12 12658078
12 12665170
12 12627749
12 12652810
11 11741585
11 11626326
11 11006168
FINISHED RECURSIVE SORTS: 2
BUILD TABLE: 5
BUILD INDEX: 2
COUNTED NEW NODES: 1
COUNTED TEMP NODES: 0
RESIZED NODES: 6
RESIZED NODES: 0
MADE NEW NODES: 1
MERGEUPDATERANK: 2
TOTAL TIME: 17
Generation 19 (524491977 -> 524232346 nodes, 524232346 ranks)
COUNT NUMBER IN EACH BIN: 2
FINISHED FIRST ROUND: 1
13 13700660
13 13739265
13 13734294
13 13785951
13 13680127
13 13723376
13 13726976
13 13734024
13 13703793
13 13858872
13 13703296
13 13738458
13 13736668
13 13706594
13 13719018
13 13725003
13 13694713
13 13667338
12 12666900
12 13869351
11 12654618
12 12665914
12 12676907
12 12642871
12 12652484
12 12661083
12 12641027
12 12672693
12 12667034
12 12670861
12 12661199
12 12654929
12 12661509
12 12657165
12 12669556
12 12632046
12 12644334
12 12798945
11 11626326
11 11006168
FINISHED RECURSIVE SORTS: 1
Generating edges... 
NODE.TO -> GENOME POS: 2
BUILD FROM_INDEX 2
COUNTED NEW EDGES: 1
MADE NEW EDGES: 6
COUNT NUMBER IN EACH BIN: 0
FINISHED FIRST ROUND: 1
10 4055299
10 4004266
10 4101800
11 4337024
10 4301005
10 4068587
11 4042017
11 4077569
11 4244560
11 4076048
11 4223603
11 4000458
11 3979970
11 3995697
12 3954027
13 4052993
13 3959938
14 4127741
14 4081302
13 4030824
14 3991776
14 4164672
13 4200431
13 4101962
13 4063926
12 3895913
13 4016201
13 3851311
13 3995734
13 4007534
14 4148117
13 3894210
15 3918876
15 3947791
14 3804658
14 3740717
13 3674730
16 3753447
14 3689110
13 3505865
FINISHED RECURSIVE SORTS: 0
COUNT NUMBER IN EACH BIN: 0
FINISHED FIRST ROUND: 0
12 2740621
12 2728266
11 2686697
12 2747147
13 2722312
12 2736929
11 2700220
11 2544463
11 2699719
11 2682487
12 2676163
11 2675383
11 2530536
12 2532641
12 2534254
12 2598599
13 2640871
13 2667890
13 2515162
12 2552562
12 2526867
16 2654205
14 2492624
15 2499164
16 2507163
16 2513968
15 2633762
14 2530361
13 2461314
14 2592359
13 2591329
11 2610116
12 2577735
12 2515397
11 2357372
13 2519154
12 2463762
11 2252984
12 2357797
11 2066280
FINISHED RECURSIVE SORTS: 0
COUNT NUMBER IN EACH BIN: 0
FINISHED FIRST ROUND: 1
12 2601034
13 2643097
13 2655651
14 2618102
13 2621403
12 2592984
13 2765392
12 2703017
13 2717743
13 2669767
13 2643363
14 2650378
12 2707036
12 2521023
12 2584076
11 2523729
11 2519144
12 2638753
12 2675366
12 2620405
12 2602439
13 2609282
13 2608197
11 2518948
13 2631775
12 2563311
12 2480520
13 2490535
12 2489923
12 2495619
13 2422904
13 2498929
13 2410756
13 2551239
12 2370284
13 2435811
14 2525374
13 2380557
13 2369812
11 2085722
FINISHED RECURSIVE SORTS: 0
COUNT NUMBER IN EACH BIN: 0
FINISHED FIRST ROUND: 0
20 3999389
20 4180229
18 4111351
18 4140225
19 4140061
19 4030628
16 4073910
17 4244041
14 4011584
13 4065360
13 4177235
13 4105691
12 3954784
12 3949630
13 4226970
12 4044613
12 4192264
12 4081084
11 4109621
12 4080012
11 3966205
11 4081689
11 4186566
11 4025189
10 3846950
11 3873872
11 3895056
11 4085216
11 4190826
11 4074491
10 3784229
11 4087703
11 4035725
10 3863000
10 3938436
9 3875062
9 3731333
9 3670667
8 3199614
8 3121783
FINISHED RECURSIVE SORTS: 0
SORTED NEW EDGES: 6
COUNT NUMBER IN EACH BIN: 1
FINISHED FIRST ROUND: 2
13 13631488
13 13631488
13 13631488
13 13631488
13 13631488
13 13631488
13 13631488
13 13631488
13 13631488
13 13631488
13 13631488
13 13631488
13 13631488
13 13631488
13 13631488
13 13631488
13 13631488
13 13631488
13 13631488
13 13631488
12 12582912
12 12582912
12 12582912
12 12582912
12 12582912
12 12582912
12 12582912
12 12582912
12 12582912
12 12582912
12 12582912
12 12582912
12 12582912
12 12582912
12 12582912
12 12582912
12 12582912
12 12582912
12 12582912
12 12527258
FINISHED RECURSIVE SORTS: 1
RE-SORTED NODES: 9
PROCESS EDGES: 3
REMOVE Y: 0
COUNT NUMBER IN EACH BIN: 1
FINISHED FIRST ROUND: 0
13 13631964
13 13632159
13 13633048
13 13632375
13 13633075
13 13640617
13 13638762
13 13649648
13 13641115
13 13632726
13 13632618
13 13632713
13 13634156
13 13640354
13 13637555
13 13646579
13 13634095
13 13638827
13 13646042
13 13637107
12 12585569
12 12586241
12 12584965
12 12587506
12 12589231
12 12585017
12 12585876
12 12583895
12 12584531
12 12583573
12 12584116
12 12583416
12 12583534
12 12583549
12 12583611
12 12583704
12 12583858
12 12584250
12 12583906
12 12528156
FINISHED RECURSIVE SORTS: 1
SORT, Make index: 8
TOTAL: 37
Allocating ftab, absorbFtab
Entering GFM loop
Exited GFM loop
fchr[A]: 0
fchr[C]: 160081709
fchr[G]: 262718344
fchr[T]: 364931744
fchr[$]: 524384038
Exiting GFM::buildToDisk()
Returning from initFromVector
Wrote 326897143 bytes to primary GFM file: Apulchra-genome.1.ht2
Wrote 131058092 bytes to secondary GFM file: Apulchra-genome.2.ht2
Re-opening _in1 and _in2 as input streams
Returning from GFM constructor
Warning: a local graph exploded (offset: 13925001, length: 57344)
Warning: a local graph exploded (offset: 38659720, length: 57344)
Warning: a local graph exploded (offset: 38603400, length: 57344)
Warning: a local graph exploded (offset: 41948817, length: 57344)
Warning: a local graph exploded (offset: 115973349, length: 57344)
Warning: a local graph exploded (offset: 125396706, length: 57344)
Warning: a local graph exploded (offset: 132961805, length: 57344)
Warning: a local graph exploded (offset: 132961805, length: 57344)
Warning: a local graph exploded (offset: 169175565, length: 57344)
Warning: a local graph exploded (offset: 171282211, length: 57344)
Warning: a local graph exploded (offset: 184461091, length: 57344)
Warning: a local graph exploded (offset: 209498906, length: 57344)
Warning: a local graph exploded (offset: 209498906, length: 57344)
Warning: a local graph exploded (offset: 219411226, length: 57344)
Warning: a local graph exploded (offset: 219411226, length: 57344)
Warning: a local graph exploded (offset: 219411226, length: 57344)
Warning: a local graph exploded (offset: 219411226, length: 57344)
Warning: a local graph exploded (offset: 302771998, length: 57344)
Warning: a local graph exploded (offset: 302771998, length: 57344)
Warning: a local graph exploded (offset: 358471409, length: 57344)
Warning: a local graph exploded (offset: 358471409, length: 57344)
Warning: a local graph exploded (offset: 358471409, length: 57344)
Warning: a local graph exploded (offset: 392037709, length: 57344)
Warning: a local graph exploded (offset: 515228365, length: 56507)
Returning from initFromVector
Wrote 350535931 bytes to primary GFM file: Apulchra-genome.5.ht2
Wrote 132185422 bytes to secondary GFM file: Apulchra-genome.6.ht2
Re-opening _in5 and _in5 as input streams
Returning from HGFM constructor
Headers:
    len: 518313916
    gbwtLen: 524384039
    nodes: 524232345
    sz: 259156958
    gbwtSz: 262192020
    lineRate: 7
    offRate: 4
    offMask: 0xfffffff0
    ftabChars: 10
    eftabLen: 0
    eftabSz: 0
    ftabLen: 1048577
    ftabSz: 4194308
    offsLen: 32764522
    offsSz: 131058088
    lineSz: 128
    sideSz: 128
    sideGbwtSz: 104
    sideGbwtLen: 208
    numSides: 2521078
    numLines: 2521078
    gbwtTotLen: 322697984
    gbwtTotSz: 322697984
    reverse: 0
    linearFM: No
Total time for call to driver() for forward index: 00:11:30
