[2024-12-20 17:34:44,039] multiqc                                            [DEBUG  ]  This is MultiQC v1.14
[2024-12-20 17:34:44,040] multiqc                                            [DEBUG  ]  Command used: /home/sam/programs/mambaforge/bin/multiqc /home/shared/8TB_HDD_02/shedurkin/timeseries_molecular/D-Apul/output/00.10-D-Apul-sRNAseq-reads-FastQC-MultiQC/raw-fastqc-sRNA -o /home/shared/8TB_HDD_02/shedurkin/timeseries_molecular/D-Apul/output/00.10-D-Apul-sRNAseq-reads-FastQC-MultiQC/raw-fastqc-sRNA
[2024-12-20 17:34:44,759] multiqc                                            [WARNING]  MultiQC Version v1.25.2 now available!
[2024-12-20 17:34:44,759] multiqc                                            [DEBUG  ]  Working dir : /home/shared/8TB_HDD_02/shedurkin/timeseries_molecular/D-Apul/code
[2024-12-20 17:34:44,759] multiqc                                            [DEBUG  ]  Template    : default
[2024-12-20 17:34:44,759] multiqc                                            [DEBUG  ]  Running Python 3.10.10 | packaged by conda-forge | (main, Mar 24 2023, 20:08:06) [GCC 11.3.0]
[2024-12-20 17:34:44,760] multiqc                                            [DEBUG  ]  Analysing modules: custom_content, ccs, ngsderive, purple, conpair, lima, peddy, somalier, methylQA, mosdepth, phantompeakqualtools, qualimap, preseq, hifiasm, quast, qorts, rna_seqc, rockhopper, rsem, rseqc, busco, bustools, goleft_indexcov, gffcompare, disambiguate, supernova, deeptools, sargasso, verifybamid, mirtrace, happy, mirtop, sambamba, gopeaks, homer, hops, macs2, theta2, snpeff, gatk, htseq, bcftools, featureCounts, fgbio, dragen, dragen_fastqc, dedup, pbmarkdup, damageprofiler, biobambam2, jcvi, mtnucratio, picard, vep, sentieon, prokka, qc3C, nanostat, samblaster, samtools, sexdeterrmine, eigenstratdatabasetools, bamtools, jellyfish, vcftools, longranger, stacks, varscan2, snippy, umitools, bbmap, bismark, biscuit, diamond, hicexplorer, hicup, hicpro, salmon, kallisto, slamdunk, star, hisat2, tophat, bowtie2, bowtie1, cellranger, snpsplit, odgi, pangolin, nextclade, humid, kat, leehom, adapterRemoval, bbduk, clipandmerge, cutadapt, flexbar, kaiju, kraken, malt, motus, trimmomatic, sickle, skewer, sortmerna, biobloomtools, fastq_screen, afterqc, fastp, fastqc, filtlong, prinseqplusplus, pychopper, porechop, pycoqc, minionqc, anglerfish, multivcfanalyzer, clusterflow, checkqc, bcl2fastq, bclconvert, interop, ivar, flash, seqyclean, optitype, whatshap
[2024-12-20 17:34:44,761] multiqc                                            [DEBUG  ]  Using temporary directory for creating report: /tmp/tmpw9iy2os7
[2024-12-20 17:34:44,902] multiqc                                            [INFO   ]  Search path : /home/shared/8TB_HDD_02/shedurkin/timeseries_molecular/D-Apul/output/00.10-D-Apul-sRNAseq-reads-FastQC-MultiQC/raw-fastqc-sRNA
[2024-12-20 17:34:47,155] multiqc                                            [DEBUG  ]  Summary of files that were skipped by the search: [skipped_module_specific_max_filesize: 880] // [skipped_no_match: 80]
[2024-12-20 17:34:47,414] multiqc.plots.bargraph                             [DEBUG  ]  Using matplotlib version 3.7.1
[2024-12-20 17:34:47,415] multiqc.plots.linegraph                            [DEBUG  ]  Using matplotlib version 3.7.1
[2024-12-20 17:34:47,415] multiqc                                            [DEBUG  ]  No samples found: custom_content
[2024-12-20 17:34:52,061] multiqc.modules.fastqc.fastqc                      [INFO   ]  Found 80 reports
[2024-12-20 17:34:53,738] multiqc                                            [INFO   ]  Compressing plot data
[2024-12-20 17:34:54,329] multiqc                                            [INFO   ]  Report      : ../output/00.10-D-Apul-sRNAseq-reads-FastQC-MultiQC/raw-fastqc-sRNA/multiqc_report.html
[2024-12-20 17:34:54,329] multiqc                                            [INFO   ]  Data        : ../output/00.10-D-Apul-sRNAseq-reads-FastQC-MultiQC/raw-fastqc-sRNA/multiqc_data
[2024-12-20 17:34:54,329] multiqc                                            [DEBUG  ]  Moving data file from '/tmp/tmpw9iy2os7/multiqc_data' to '/home/shared/8TB_HDD_02/shedurkin/timeseries_molecular/D-Apul/output/00.10-D-Apul-sRNAseq-reads-FastQC-MultiQC/raw-fastqc-sRNA/multiqc_data'
[2024-12-20 17:34:54,390] multiqc                                            [INFO   ]  MultiQC complete
[2024-12-20 17:34:54,390] multiqc                                            [WARNING]  1 flat-image plot used in the report due to large sample numbers
