Detecting adapter sequence for read1...
No adapter detected for read1

Detecting adapter sequence for read2...
No adapter detected for read2

Read1 before filtering:
total reads: 43102559
total bases: 6465383850
Q20 bases: 6223122812(96.253%)
Q30 bases: 5929354150(91.7092%)

Read2 before filtering:
total reads: 43102559
total bases: 6465383850
Q20 bases: 6098384010(94.3236%)
Q30 bases: 5805340190(89.7911%)

Read1 after filtering:
total reads: 42423735
total bases: 5008612076
Q20 bases: 4891681560(97.6654%)
Q30 bases: 4727054419(94.3785%)

Read2 after filtering:
total reads: 42423735
total bases: 5026828262
Q20 bases: 4913637427(97.7483%)
Q30 bases: 4764763735(94.7867%)

Filtering result:
reads passed filter: 84847470
reads failed due to low quality: 1274868
reads failed due to too many N: 244
reads failed due to too short: 82536
reads with adapter trimmed: 36445298
bases trimmed due to adapters: 1250742114
reads with polyX in 3' end: 3310380
bases trimmed in polyX tail: 40650784

Duplication rate: 6.90806%

Insert size peak (evaluated by paired-end reads): 100

JSON report: /home/shared/8TB_HDD_01/sam/gitrepos/urol-e5/timeseries_molecular/F-Ptua/output/01.00-F-Ptua-WGBS-trimming-fastp-FastQC-MultiQC/POC-255-TP3_R1_001.fastp-trim.report.json
HTML report: /home/shared/8TB_HDD_01/sam/gitrepos/urol-e5/timeseries_molecular/F-Ptua/output/01.00-F-Ptua-WGBS-trimming-fastp-FastQC-MultiQC/POC-255-TP3_R1_001.fastp-trim.report.html

/home/shared/fastp-v0.24.0/fastp --in1 POC-255-TP3_R1_001.fastq.gz --in2 POC-255-TP3_R2_001.fastq.gz --detect_adapter_for_pe --trim_poly_g --trim_poly_x --thread 16 --trim_front1 15 --trim_front2 15 --html /home/shared/8TB_HDD_01/sam/gitrepos/urol-e5/timeseries_molecular/F-Ptua/output/01.00-F-Ptua-WGBS-trimming-fastp-FastQC-MultiQC/POC-255-TP3_R1_001.fastp-trim.report.html --json /home/shared/8TB_HDD_01/sam/gitrepos/urol-e5/timeseries_molecular/F-Ptua/output/01.00-F-Ptua-WGBS-trimming-fastp-FastQC-MultiQC/POC-255-TP3_R1_001.fastp-trim.report.json --out1 /home/shared/8TB_HDD_01/sam/gitrepos/urol-e5/timeseries_molecular/F-Ptua/output/01.00-F-Ptua-WGBS-trimming-fastp-FastQC-MultiQC/POC-255-TP3_R1_001.fastp-trim.fq.gz --out2 /home/shared/8TB_HDD_01/sam/gitrepos/urol-e5/timeseries_molecular/F-Ptua/output/01.00-F-Ptua-WGBS-trimming-fastp-FastQC-MultiQC/POC-255-TP3_R2_001.fastp-trim.fq.gz 
fastp v0.24.0, time used: 180 seconds
