[2024-10-10 20:50:03,740] multiqc                                            [DEBUG  ]  This is MultiQC v1.14
[2024-10-10 20:50:03,740] multiqc                                            [DEBUG  ]  Command used: /home/sam/programs/mambaforge/bin/multiqc .
[2024-10-10 20:50:04,655] multiqc                                            [WARNING]  MultiQC Version v1.25.1 now available!
[2024-10-10 20:50:04,655] multiqc                                            [DEBUG  ]  Working dir : /home/shared/8TB_HDD_01/sam/gitrepos/urol-e5/timeseries_molecular/D-Apul/output/02.20-D-Apul-RNAseq-alignment-HiSat2
[2024-10-10 20:50:04,656] multiqc                                            [DEBUG  ]  Template    : default
[2024-10-10 20:50:04,656] multiqc                                            [DEBUG  ]  Running Python 3.10.10 | packaged by conda-forge | (main, Mar 24 2023, 20:08:06) [GCC 11.3.0]
[2024-10-10 20:50:04,657] multiqc                                            [DEBUG  ]  Analysing modules: custom_content, ccs, ngsderive, purple, conpair, lima, peddy, somalier, methylQA, mosdepth, phantompeakqualtools, qualimap, preseq, hifiasm, quast, qorts, rna_seqc, rockhopper, rsem, rseqc, busco, bustools, goleft_indexcov, gffcompare, disambiguate, supernova, deeptools, sargasso, verifybamid, mirtrace, happy, mirtop, sambamba, gopeaks, homer, hops, macs2, theta2, snpeff, gatk, htseq, bcftools, featureCounts, fgbio, dragen, dragen_fastqc, dedup, pbmarkdup, damageprofiler, biobambam2, jcvi, mtnucratio, picard, vep, sentieon, prokka, qc3C, nanostat, samblaster, samtools, sexdeterrmine, eigenstratdatabasetools, bamtools, jellyfish, vcftools, longranger, stacks, varscan2, snippy, umitools, bbmap, bismark, biscuit, diamond, hicexplorer, hicup, hicpro, salmon, kallisto, slamdunk, star, hisat2, tophat, bowtie2, bowtie1, cellranger, snpsplit, odgi, pangolin, nextclade, humid, kat, leehom, adapterRemoval, bbduk, clipandmerge, cutadapt, flexbar, kaiju, kraken, malt, motus, trimmomatic, sickle, skewer, sortmerna, biobloomtools, fastq_screen, afterqc, fastp, fastqc, filtlong, prinseqplusplus, pychopper, porechop, pycoqc, minionqc, anglerfish, multivcfanalyzer, clusterflow, checkqc, bcl2fastq, bclconvert, interop, ivar, flash, seqyclean, optitype, whatshap
[2024-10-10 20:50:04,657] multiqc                                            [DEBUG  ]  Using temporary directory for creating report: /tmp/tmpx817t614
[2024-10-10 20:50:05,207] multiqc                                            [INFO   ]  Search path : /home/shared/8TB_HDD_01/sam/gitrepos/urol-e5/timeseries_molecular/D-Apul/output/02.20-D-Apul-RNAseq-alignment-HiSat2
[2024-10-10 20:54:29,011] multiqc                                            [DEBUG  ]  Summary of files that were skipped by the search: [skipped_module_specific_max_filesize: 2125] // [skipped_no_match: 439] // [skipped_ignore_pattern: 238] // [skipped_filesize_limit: 40]
[2024-10-10 20:54:29,957] multiqc.plots.bargraph                             [DEBUG  ]  Using matplotlib version 3.7.1
[2024-10-10 20:54:29,958] multiqc.plots.linegraph                            [DEBUG  ]  Using matplotlib version 3.7.1
[2024-10-10 20:54:29,958] multiqc                                            [DEBUG  ]  No samples found: custom_content
[2024-10-10 20:54:29,987] multiqc.modules.samtools.samtools                  [INFO   ]  Found 40 flagstat reports
[2024-10-10 20:54:30,002] multiqc.modules.bowtie2.bowtie2                    [INFO   ]  Found 40 reports
[2024-10-10 20:54:30,027] multiqc                                            [INFO   ]  Compressing plot data
[2024-10-10 20:54:30,051] multiqc                                            [INFO   ]  Report      : multiqc_report.html
[2024-10-10 20:54:30,051] multiqc                                            [INFO   ]  Data        : multiqc_data
[2024-10-10 20:54:30,051] multiqc                                            [DEBUG  ]  Moving data file from '/tmp/tmpx817t614/multiqc_data' to '/home/shared/8TB_HDD_01/sam/gitrepos/urol-e5/timeseries_molecular/D-Apul/output/02.20-D-Apul-RNAseq-alignment-HiSat2/multiqc_data'
[2024-10-10 20:54:30,149] multiqc                                            [INFO   ]  MultiQC complete
