[2024-12-22 21:22:40,373] multiqc                                            [DEBUG  ]  This is MultiQC v1.14
[2024-12-22 21:22:40,374] multiqc                                            [DEBUG  ]  Command used: /home/sam/programs/mambaforge/bin/multiqc /home/shared/8TB_HDD_02/shedurkin/timeseries_molecular/D-Apul/output/00.00-D-Apul-RNAseq-reads-FastQC-MultiQC/raw-fastqc -o /home/shared/8TB_HDD_02/shedurkin/timeseries_molecular/D-Apul/output/00.00-D-Apul-RNAseq-reads-FastQC-MultiQC/raw-fastqc
[2024-12-22 21:22:41,075] multiqc                                            [WARNING]  MultiQC Version v1.26 now available!
[2024-12-22 21:22:41,075] multiqc                                            [DEBUG  ]  Working dir : /home/shared/8TB_HDD_02/shedurkin/timeseries_molecular/D-Apul/code
[2024-12-22 21:22:41,075] multiqc                                            [DEBUG  ]  Template    : default
[2024-12-22 21:22:41,075] multiqc                                            [DEBUG  ]  Running Python 3.10.10 | packaged by conda-forge | (main, Mar 24 2023, 20:08:06) [GCC 11.3.0]
[2024-12-22 21:22:41,076] multiqc                                            [DEBUG  ]  Analysing modules: custom_content, ccs, ngsderive, purple, conpair, lima, peddy, somalier, methylQA, mosdepth, phantompeakqualtools, qualimap, preseq, hifiasm, quast, qorts, rna_seqc, rockhopper, rsem, rseqc, busco, bustools, goleft_indexcov, gffcompare, disambiguate, supernova, deeptools, sargasso, verifybamid, mirtrace, happy, mirtop, sambamba, gopeaks, homer, hops, macs2, theta2, snpeff, gatk, htseq, bcftools, featureCounts, fgbio, dragen, dragen_fastqc, dedup, pbmarkdup, damageprofiler, biobambam2, jcvi, mtnucratio, picard, vep, sentieon, prokka, qc3C, nanostat, samblaster, samtools, sexdeterrmine, eigenstratdatabasetools, bamtools, jellyfish, vcftools, longranger, stacks, varscan2, snippy, umitools, bbmap, bismark, biscuit, diamond, hicexplorer, hicup, hicpro, salmon, kallisto, slamdunk, star, hisat2, tophat, bowtie2, bowtie1, cellranger, snpsplit, odgi, pangolin, nextclade, humid, kat, leehom, adapterRemoval, bbduk, clipandmerge, cutadapt, flexbar, kaiju, kraken, malt, motus, trimmomatic, sickle, skewer, sortmerna, biobloomtools, fastq_screen, afterqc, fastp, fastqc, filtlong, prinseqplusplus, pychopper, porechop, pycoqc, minionqc, anglerfish, multivcfanalyzer, clusterflow, checkqc, bcl2fastq, bclconvert, interop, ivar, flash, seqyclean, optitype, whatshap
[2024-12-22 21:22:41,077] multiqc                                            [DEBUG  ]  Using temporary directory for creating report: /tmp/tmpm_1kcct2
[2024-12-22 21:22:41,227] multiqc                                            [INFO   ]  Search path : /home/shared/8TB_HDD_02/shedurkin/timeseries_molecular/D-Apul/output/00.00-D-Apul-RNAseq-reads-FastQC-MultiQC/raw-fastqc
[2024-12-22 21:22:44,402] multiqc                                            [DEBUG  ]  Summary of files that were skipped by the search: [skipped_module_specific_max_filesize: 893] // [skipped_no_match: 81] // [skipped_directory_fn_ignore_dirs: 1]
[2024-12-22 21:22:44,658] multiqc.plots.bargraph                             [DEBUG  ]  Using matplotlib version 3.7.1
[2024-12-22 21:22:44,658] multiqc.plots.linegraph                            [DEBUG  ]  Using matplotlib version 3.7.1
[2024-12-22 21:22:44,658] multiqc                                            [DEBUG  ]  No samples found: custom_content
[2024-12-22 21:22:44,893] multiqc.modules.fastqc.fastqc                      [INFO   ]  Found 4 reports
[2024-12-22 21:22:44,970] multiqc                                            [INFO   ]  Compressing plot data
[2024-12-22 21:22:45,033] multiqc                                            [WARNING]  Previous MultiQC output found! Adjusting filenames..
[2024-12-22 21:22:45,033] multiqc                                            [WARNING]  Use -f or --force to overwrite existing reports instead
[2024-12-22 21:22:45,033] multiqc                                            [INFO   ]  Report      : ../output/00.00-D-Apul-RNAseq-reads-FastQC-MultiQC/raw-fastqc/multiqc_report_1.html
[2024-12-22 21:22:45,033] multiqc                                            [INFO   ]  Data        : ../output/00.00-D-Apul-RNAseq-reads-FastQC-MultiQC/raw-fastqc/multiqc_data_1
[2024-12-22 21:22:45,033] multiqc                                            [DEBUG  ]  Moving data file from '/tmp/tmpm_1kcct2/multiqc_data' to '/home/shared/8TB_HDD_02/shedurkin/timeseries_molecular/D-Apul/output/00.00-D-Apul-RNAseq-reads-FastQC-MultiQC/raw-fastqc/multiqc_data_1'
[2024-12-22 21:22:45,088] multiqc                                            [INFO   ]  MultiQC complete
