Settings:
  Output files: "Pocillopora_meandrina_HIv1.assembly.*.ht2"
  Line rate: 7 (line is 128 bytes)
  Lines per side: 1 (side is 128 bytes)
  Offset rate: 4 (one in 16)
  FTable chars: 10
  Strings: unpacked
  Local offset rate: 3 (one in 8)
  Local fTable chars: 6
  Local sequence length: 57344
  Local sequence overlap between two consecutive indexes: 1024
  Endianness: little
  Actual local endianness: little
  Sanity checking: disabled
  Assertions: disabled
  Random seed: 0
  Sizeofs: void*:8, int:4, long:8, size_t:8
Input files DNA, FASTA:
  /home/shared/8TB_HDD_01/sam/gitrepos/urol-e5/timeseries_molecular/F-Ptua/data/Pocillopora_meandrina_HIv1.assembly.fasta
Reading reference sizes
  Time reading reference sizes: 00:00:03
Calculating joined length
Writing header
Reserving space for joined string
Joining reference sequences
  Time to join reference sequences: 00:00:02
  Time to read SNPs and splice sites: 00:00:01
Generation 0 (376743094 -> 376743094 nodes, 0 ranks)
COUNTED NEW NODES: 1
COUNTED TEMP NODES: 0
RESIZED NODES: 3
RESIZED NODES: 0
MADE NEW NODES: 1
Generation 1 (376906272 -> 376906272 nodes, 0 ranks)
COUNTED NEW NODES: 0
COUNTED TEMP NODES: 0
RESIZED NODES: 3
RESIZED NODES: 0
MADE NEW NODES: 1
Generation 2 (377232638 -> 377232638 nodes, 0 ranks)
COUNTED NEW NODES: 0
COUNTED TEMP NODES: 0
RESIZED NODES: 4
RESIZED NODES: 0
MADE NEW NODES: 0
Generation 3 (377885652 -> 377885652 nodes, 0 ranks)
BUILT FROM_INDEX: 1
COUNTED NEW NODES: 0
COUNTED TEMP NODES: 0
RESIZED NODES: 4
RESIZED NODES: 0
MADE NEW NODES: 0
RESIZE NODES: 8
COUNT NUMBER IN EACH BIN: 1
FINISHED FIRST ROUND: 0
1 16480325
2 15540590
1 10832317
6 11628773
2 9368794
6 11772948
2 10804545
6 13510214
2 17456072
37 8605401
2 9941984
6 11457454
3 9114572
8 10457386
6 9180733
2 13407306
37 8494430
2 8697179
6 10580945
3 9426625
7 9982728
6 9011302
2 8521207
1 7439615
37 9261921
2 9424175
1 7627115
5 7971358
2 7844988
1 7302015
5 7944966
2 9545517
1 7655401
5 9274166
1 8506986
1 8603410
1 16518930
2 1
16 1
128 2
FINISHED RECURSIVE SORTS: 3
SORT NODES: 4
MERGE, UPDATE RANK: 8
Generation 4 (379194397 -> 378534816 nodes, 240705876 ranks)
ALLOCATE FROM_TABLE: 5
COUNT NUMBER IN EACH BIN: 1
FINISHED FIRST ROUND: 2
9 9507234
9 9480815
9 9507090
9 9482235
9 9505108
9 9497591
9 9499735
9 9494957
9 9469994
9 9473182
9 9483181
9 9496202
9 9494940
9 9495380
9 9481275
9 9492824
9 9453123
9 9468988
9 9499736
9 9500275
9 9467227
9 9478270
9 9496816
9 9490015
9 9482892
9 9487280
9 9497010
9 9478450
9 9487702
9 9474342
9 9468868
9 9497323
9 9484187
9 9499869
9 9497004
9 9478710
9 9497120
9 9487083
9 9456247
9 8544536
FINISHED RECURSIVE SORTS: 1
BUILD TABLE: 4
BUILD INDEX: 1
COUNTED NEW NODES: 0
COUNTED TEMP NODES: 0
RESIZED NODES: 0
RESIZED NODES: 0
MADE NEW NODES: 2
MERGEUPDATERANK: 5
TOTAL TIME: 17
Generation 5 (378979682 -> 378592021 nodes, 307454446 ranks)
ALLOCATE FROM_TABLE: 0
COUNT NUMBER IN EACH BIN: 0
FINISHED FIRST ROUND: 1
9 9506975
9 9483068
9 9508566
9 9482343
9 9505577
9 9499181
9 9501760
9 9495104
9 9474084
9 9474016
9 9484150
9 9497110
9 9495277
9 9496696
9 9482347
9 9493864
9 9455711
9 9471462
9 9501001
9 9501117
9 9469007
9 9479548
9 9497039
9 9490796
9 9484177
9 9487939
9 9497782
9 9479296
9 9489933
9 9477003
9 9472438
9 9497924
9 9485797
9 9500779
9 9498163
9 9480372
9 9498669
9 9488036
9 9457888
9 8550026
FINISHED RECURSIVE SORTS: 2
BUILD TABLE: 3
BUILD INDEX: 1
COUNTED NEW NODES: 0
COUNTED TEMP NODES: 0
RESIZED NODES: 0
RESIZED NODES: 0
MADE NEW NODES: 1
MERGEUPDATERANK: 3
TOTAL TIME: 8
Generation 6 (378799003 -> 378727505 nodes, 334740479 ranks)
ALLOCATE FROM_TABLE: 0
COUNT NUMBER IN EACH BIN: 0
FINISHED FIRST ROUND: 2
9 9509805
9 9487858
9 9512056
9 9484184
9 9508532
9 9502773
9 9506177
9 9497328
9 9479025
9 9476114
9 9486975
9 9501361
9 9498163
9 9499906
9 9484689
9 9496976
9 9459219
9 9475030
9 9504172
9 9504117
9 9472207
9 9482884
9 9499675
9 9493771
9 9487354
9 9490463
9 9500901
9 9481530
9 9493844
9 9481362
9 9477412
9 9501241
9 9489399
9 9504187
9 9501984
9 9483481
9 9502331
9 9491047
9 9460977
9 8556995
FINISHED RECURSIVE SORTS: 1
BUILD TABLE: 3
BUILD INDEX: 1
COUNTED NEW NODES: 0
COUNTED TEMP NODES: 0
RESIZED NODES: 0
RESIZED NODES: 0
MADE NEW NODES: 1
MERGEUPDATERANK: 3
TOTAL TIME: 8
Generation 7 (378918238 -> 378844707 nodes, 353899401 ranks)
ALLOCATE FROM_TABLE: 0
COUNT NUMBER IN EACH BIN: 0
FINISHED FIRST ROUND: 2
9 9512611
9 9492902
9 9515096
9 9485082
9 9510543
9 9505926
9 9509435
9 9498809
9 9484053
9 9477661
9 9489173
9 9505822
9 9501176
9 9502071
9 9486566
9 9499478
9 9461854
9 9477790
9 9506799
9 9506188
9 9474807
9 9486315
9 9502093
9 9496063
9 9489908
9 9492876
9 9503104
9 9483743
9 9495776
9 9485545
9 9482327
9 9504122
9 9492866
9 9506882
9 9505392
9 9486519
9 9505334
9 9493708
9 9464571
9 8563721
FINISHED RECURSIVE SORTS: 1
BUILD TABLE: 3
BUILD INDEX: 1
COUNTED NEW NODES: 0
COUNTED TEMP NODES: 0
RESIZED NODES: 0
RESIZED NODES: 0
MADE NEW NODES: 1
MERGEUPDATERANK: 2
TOTAL TIME: 7
Generation 8 (379004130 -> 378942311 nodes, 364949704 ranks)
ALLOCATE FROM_TABLE: 0
COUNT NUMBER IN EACH BIN: 0
FINISHED FIRST ROUND: 2
9 9514923
9 9497401
9 9517182
9 9486033
9 9511820
9 9508780
9 9511341
9 9500502
9 9487400
9 9478662
9 9490650
9 9508661
9 9502932
9 9503637
9 9488920
9 9501171
9 9463418
9 9479588
9 9508318
9 9507576
9 9477613
9 9490569
9 9504386
9 9498142
9 9491772
9 9494722
9 9505173
9 9486057
9 9497396
9 9489334
9 9486154
9 9506339
9 9495481
9 9509501
9 9509066
9 9488471
9 9508318
9 9496371
9 9469395
9 8569136
FINISHED RECURSIVE SORTS: 1
BUILD TABLE: 3
BUILD INDEX: 1
COUNTED NEW NODES: 0
COUNTED TEMP NODES: 0
RESIZED NODES: 0
RESIZED NODES: 0
MADE NEW NODES: 1
MERGEUPDATERANK: 2
TOTAL TIME: 7
Generation 9 (379070273 -> 379023413 nodes, 370753253 ranks)
ALLOCATE FROM_TABLE: 0
COUNT NUMBER IN EACH BIN: 0
FINISHED FIRST ROUND: 1
9 9516119
9 9500634
9 9518651
9 9487161
9 9512968
9 9511233
9 9512265
9 9502478
9 9489881
9 9479480
9 9491050
9 9509466
9 9504098
9 9505044
9 9491924
9 9502169
9 9464070
9 9480512
9 9508600
9 9509687
9 9480441
9 9495547
9 9504841
9 9499576
9 9492981
9 9495367
9 9506237
9 9488873
9 9498810
9 9491176
9 9489700
9 9506681
9 9498227
9 9511722
9 9511894
9 9489566
9 9511805
9 9500679
9 9476557
9 8575243
FINISHED RECURSIVE SORTS: 1
BUILD TABLE: 2
BUILD INDEX: 1
COUNTED NEW NODES: 1
COUNTED TEMP NODES: 0
RESIZED NODES: 0
RESIZED NODES: 0
MADE NEW NODES: 1
MERGEUPDATERANK: 1
TOTAL TIME: 6
Generation 10 (379138588 -> 379094553 nodes, 374045257 ranks)
ALLOCATE FROM_TABLE: 0
COUNT NUMBER IN EACH BIN: 0
FINISHED FIRST ROUND: 2
9 9516791
9 9502236
9 9520024
9 9487947
9 9514251
9 9511492
9 9513310
9 9502726
9 9491391
9 9480395
9 9491820
9 9510211
9 9506157
9 9505367
9 9494243
9 9503231
9 9463487
9 9481169
9 9508526
9 9510911
9 9482358
9 9499701
9 9504143
9 9501345
9 9493792
9 9496426
9 9507285
9 9490179
9 9499547
9 9492787
9 9492349
9 9506141
9 9500585
9 9513279
9 9516111
9 9490371
9 9515456
9 9506999
9 9487021
9 8582993
FINISHED RECURSIVE SORTS: 1
BUILD TABLE: 3
BUILD INDEX: 1
COUNTED NEW NODES: 0
COUNTED TEMP NODES: 0
RESIZED NODES: 4
RESIZED NODES: 0
MADE NEW NODES: 1
MERGEUPDATERANK: 2
TOTAL TIME: 11
Generation 11 (379197024 -> 379150175 nodes, 376054726 ranks)
ALLOCATE FROM_TABLE: 0
COUNT NUMBER IN EACH BIN: 0
FINISHED FIRST ROUND: 1
9 9515056
9 9503998
9 9519132
9 9487931
9 9517323
9 9510522
9 9514033
9 9502286
9 9492492
9 9480814
9 9491997
9 9510640
9 9506748
9 9505352
9 9495121
9 9504425
9 9464451
9 9482274
9 9508511
9 9511399
9 9484394
9 9500029
9 9504143
9 9500798
9 9493775
9 9497005
9 9506743
9 9491462
9 9501556
9 9495541
9 9494123
9 9506141
9 9502516
9 9514859
9 9520798
9 9491596
9 9517014
9 9513180
9 9498446
9 8591551
FINISHED RECURSIVE SORTS: 1
BUILD TABLE: 2
BUILD INDEX: 1
COUNTED NEW NODES: 1
COUNTED TEMP NODES: 0
RESIZED NODES: 4
RESIZED NODES: 0
MADE NEW NODES: 0
MERGEUPDATERANK: 2
TOTAL TIME: 10
Generation 12 (379238581 -> 379187140 nodes, 377436170 ranks)
ALLOCATE FROM_TABLE: 0
COUNT NUMBER IN EACH BIN: 0
FINISHED FIRST ROUND: 1
9 9514711
9 9504390
9 9517655
9 9487931
9 9520036
9 9510522
9 9514033
9 9502286
9 9494540
9 9480814
9 9490850
9 9510640
9 9506137
9 9505352
9 9495417
9 9504425
9 9466499
9 9482590
9 9508511
9 9511619
9 9483937
9 9498448
9 9504143
9 9500789
9 9493775
9 9497005
9 9505540
9 9491613
9 9503741
9 9501321
9 9496305
9 9506141
9 9504394
9 9516280
9 9526403
9 9493644
9 9515282
9 9520674
9 9507119
9 8591628
FINISHED RECURSIVE SORTS: 2
BUILD TABLE: 3
BUILD INDEX: 1
COUNTED NEW NODES: 0
COUNTED TEMP NODES: 0
RESIZED NODES: 4
RESIZED NODES: 0
MADE NEW NODES: 0
MERGEUPDATERANK: 2
TOTAL TIME: 10
Generation 13 (379279715 -> 379232727 nodes, 378492635 ranks)
ALLOCATE FROM_TABLE: 0
COUNT NUMBER IN EACH BIN: 0
FINISHED FIRST ROUND: 2
9 9514711
9 9503803
9 9517655
9 9487931
9 9521022
9 9510522
9 9514033
9 9502286
9 9494678
9 9480814
9 9490808
9 9510640
9 9506137
9 9505352
9 9491684
9 9504425
9 9470595
9 9482590
9 9508511
9 9511619
9 9481061
9 9498448
9 9504143
9 9500789
9 9493775
9 9497005
9 9505540
9 9491613
9 9507146
9 9511632
9 9497060
9 9506141
9 9506017
9 9519568
9 9534341
9 9496627
9 9515282
9 9524074
9 9517308
9 8595341
FINISHED RECURSIVE SORTS: 1
BUILD TABLE: 3
BUILD INDEX: 1
COUNTED NEW NODES: 0
COUNTED TEMP NODES: 0
RESIZED NODES: 4
RESIZED NODES: 0
MADE NEW NODES: 0
MERGEUPDATERANK: 2
TOTAL TIME: 10
Generation 14 (379304138 -> 379248130 nodes, 379116739 ranks)
ALLOCATE FROM_TABLE: 0
COUNT NUMBER IN EACH BIN: 0
FINISHED FIRST ROUND: 1
9 9514711
9 9500283
9 9517655
9 9487931
9 9521022
9 9510522
9 9514033
9 9502286
9 9490456
9 9480814
9 9490808
9 9510640
9 9506137
9 9505352
9 9491068
9 9504425
9 9478787
9 9482590
9 9508511
9 9511619
9 9481061
9 9498448
9 9504143
9 9500789
9 9493775
9 9497005
9 9505540
9 9491613
9 9507146
9 9519649
9 9496940
9 9506141
9 9506017
9 9527760
9 9534341
9 9496627
9 9511768
9 9516737
9 9534515
9 8588465
FINISHED RECURSIVE SORTS: 1
BUILD TABLE: 2
BUILD INDEX: 1
COUNTED NEW NODES: 1
COUNTED TEMP NODES: 0
RESIZED NODES: 0
RESIZED NODES: 0
MADE NEW NODES: 1
MERGEUPDATERANK: 1
TOTAL TIME: 6
Generation 15 (379273989 -> 379258951 nodes, 379258951 ranks)
COUNT NUMBER IN EACH BIN: 0
FINISHED FIRST ROUND: 2
9 9514711
9 9500283
9 9517655
9 9487931
9 9521022
9 9510522
9 9514033
9 9502286
9 9490456
9 9480814
9 9490808
9 9510640
9 9506137
9 9505352
9 9491068
9 9504425
9 9479517
9 9482590
9 9508511
9 9511619
9 9481061
9 9498448
9 9504143
9 9500789
9 9493775
9 9497005
9 9505540
9 9491613
9 9507146
9 9527153
9 9492222
9 9506141
9 9506017
9 9535264
9 9534341
9 9496627
9 9511768
9 9514252
9 9539626
9 8585640
FINISHED RECURSIVE SORTS: 1
Generating edges... 
NODE.TO -> GENOME POS: 1
BUILD FROM_INDEX 1
COUNTED NEW EDGES: 0
MADE NEW EDGES: 4
COUNT NUMBER IN EACH BIN: 0
FINISHED FIRST ROUND: 0
8 3219472
8 3133902
8 3227626
8 3172522
7 2995517
8 3113965
9 3248968
8 3063465
8 2933657
8 3047459
8 3075330
9 3175970
8 2967629
8 2866080
9 2952923
10 3096214
10 3082831
10 3020377
10 3017873
10 2935360
10 2964728
9 3012906
9 2994744
9 2918687
9 3071872
9 3048629
9 2815165
9 2849329
9 2813832
10 2924520
9 2787228
9 2690528
11 2810647
10 2734651
10 2740063
10 2686902
10 2674945
11 2723440
9 2457729
9 2399016
FINISHED RECURSIVE SORTS: 0
COUNT NUMBER IN EACH BIN: 0
FINISHED FIRST ROUND: 0
9 1849525
9 1919085
9 1964392
9 1918648
9 1834982
8 1860051
8 1896571
8 1873497
8 1958326
7 1783093
9 1962363
8 1885036
8 1768625
9 1863914
9 1845887
9 1840788
9 1830248
9 1793100
10 1925229
9 1887471
9 1834823
12 1777410
11 1738298
11 1839498
13 1811944
12 1853639
12 1868206
10 1818871
10 1716447
10 1869399
8 1874850
8 1805307
8 1798122
8 1761323
8 1719824
9 1709601
8 1694239
7 1431525
8 1590173
7 1229152
FINISHED RECURSIVE SORTS: 1
COUNT NUMBER IN EACH BIN: 0
FINISHED FIRST ROUND: 0
9 1997158
9 1924904
9 1851482
9 1801474
10 1941426
10 1970356
9 1907700
9 1999226
9 1925988
9 1862888
9 1916520
10 1831673
9 1773160
9 1774110
10 1966004
9 1831289
8 1769752
9 1934865
9 1888333
9 1851019
9 1834931
9 1816822
9 1786541
9 1850446
9 1865202
9 1840797
9 1811638
9 1798782
9 1805114
9 1782720
9 1713154
10 1704067
9 1643462
9 1747169
9 1718883
9 1689160
9 1519386
9 1677518
9 1631172
7 1236159
FINISHED RECURSIVE SORTS: 0
COUNT NUMBER IN EACH BIN: 0
FINISHED FIRST ROUND: 0
14 3109409
13 2942499
13 2979975
12 3093746
13 2964857
15 3077312
13 3188697
12 3007056
10 2918981
9 2970649
9 3026031
9 3022905
9 3052401
9 3028799
9 3075291
9 3010386
9 3138384
8 2876553
8 2992388
9 3144726
9 3174236
8 2931307
8 3075660
8 2968572
8 3052301
8 2923890
8 2957714
8 3054704
8 3073374
8 3069234
8 2960572
8 2870552
8 2842323
7 2739012
7 2822269
6 2582544
7 2819846
6 2388999
6 2331975
6 2300651
FINISHED RECURSIVE SORTS: 0
SORTED NEW EDGES: 5
COUNT NUMBER IN EACH BIN: 0
FINISHED FIRST ROUND: 1
10 10485760
10 10485760
9 9437184
9 9437184
9 9437184
9 9437184
9 9437184
9 9437184
9 9437184
9 9437184
9 9437184
9 9437184
9 9437184
9 9437184
9 9437184
9 9437184
9 9437184
9 9437184
9 9437184
9 9437184
9 9437184
9 9437184
9 9437184
9 9437184
9 9437184
9 9437184
9 9437184
9 9437184
9 9437184
9 9437184
9 9437184
9 9437184
9 9437184
9 9437184
9 9437184
9 9437184
9 9437184
9 9437184
9 9437184
9 9111623
FINISHED RECURSIVE SORTS: 1
RE-SORTED NODES: 6
PROCESS EDGES: 2
REMOVE Y: 0
COUNT NUMBER IN EACH BIN: 0
FINISHED FIRST ROUND: 0
10 10486275
10 10486755
9 9438864
9 9437831
9 9438899
9 9446921
9 9443522
9 9453830
9 9452488
9 9438263
9 9438401
9 9438235
9 9439074
9 9445211
9 9442676
9 9445511
9 9450924
9 9441094
9 9450771
9 9449834
9 9439855
9 9440388
9 9440357
9 9440711
9 9443742
9 9441760
9 9440105
9 9438815
9 9438820
9 9438189
9 9438433
9 9437744
9 9437852
9 9437840
9 9437916
9 9438042
9 9438183
9 9438569
9 9438166
9 9112548
FINISHED RECURSIVE SORTS: 1
SORT, Make index: 6
TOTAL: 25
Allocating ftab, absorbFtab
Entering GFM loop
Exited GFM loop
fchr[A]: 0
fchr[C]: 117466701
fchr[G]: 189670183
fchr[T]: 261862633
fchr[$]: 379423413
Exiting GFM::buildToDisk()
Returning from initFromVector
Wrote 237697865 bytes to primary GFM file: Pocillopora_meandrina_HIv1.assembly.1.ht2
Wrote 94814744 bytes to secondary GFM file: Pocillopora_meandrina_HIv1.assembly.2.ht2
Re-opening _in1 and _in2 as input streams
Returning from GFM constructor
Warning: a local graph exploded (offset: 322184488, length: 57344)
Returning from initFromVector
Wrote 256383163 bytes to primary GFM file: Pocillopora_meandrina_HIv1.assembly.5.ht2
Wrote 96078770 bytes to secondary GFM file: Pocillopora_meandrina_HIv1.assembly.6.ht2
Re-opening _in5 and _in5 as input streams
Returning from HGFM constructor
Headers:
    len: 376579914
    gbwtLen: 379423414
    nodes: 379258950
    sz: 188289957
    gbwtSz: 189711708
    lineRate: 7
    offRate: 4
    offMask: 0xfffffff0
    ftabChars: 10
    eftabLen: 0
    eftabSz: 0
    ftabLen: 1048577
    ftabSz: 4194308
    offsLen: 23703685
    offsSz: 94814740
    lineSz: 128
    sideSz: 128
    sideGbwtSz: 104
    sideGbwtLen: 208
    numSides: 1824152
    numLines: 1824152
    gbwtTotLen: 233491456
    gbwtTotSz: 233491456
    reverse: 0
    linearFM: No
Total time for call to driver() for forward index: 00:06:37
