[2025-02-20 13:09:31,393] multiqc                                            [DEBUG  ]  This is MultiQC v1.14
[2025-02-20 13:09:31,394] multiqc                                            [DEBUG  ]  Command used: /home/sam/programs/mambaforge/bin/multiqc /home/shared/8TB_HDD_01/sam/gitrepos/urol-e5/timeseries_molecular/E-Peve/data/rnaseq-raw-fastqs -o /home/shared/8TB_HDD_01/sam/gitrepos/urol-e5/timeseries_molecular/E-Peve/data/rnaseq-raw-fastqs
[2025-02-20 13:09:32,154] multiqc                                            [WARNING]  MultiQC Version v1.27 now available!
[2025-02-20 13:09:32,155] multiqc                                            [DEBUG  ]  Working dir : /home/shared/8TB_HDD_01/sam/gitrepos/urol-e5/timeseries_molecular/E-Peve/code
[2025-02-20 13:09:32,155] multiqc                                            [DEBUG  ]  Template    : default
[2025-02-20 13:09:32,155] multiqc                                            [DEBUG  ]  Running Python 3.10.10 | packaged by conda-forge | (main, Mar 24 2023, 20:08:06) [GCC 11.3.0]
[2025-02-20 13:09:32,156] multiqc                                            [DEBUG  ]  Analysing modules: custom_content, ccs, ngsderive, purple, conpair, lima, peddy, somalier, methylQA, mosdepth, phantompeakqualtools, qualimap, preseq, hifiasm, quast, qorts, rna_seqc, rockhopper, rsem, rseqc, busco, bustools, goleft_indexcov, gffcompare, disambiguate, supernova, deeptools, sargasso, verifybamid, mirtrace, happy, mirtop, sambamba, gopeaks, homer, hops, macs2, theta2, snpeff, gatk, htseq, bcftools, featureCounts, fgbio, dragen, dragen_fastqc, dedup, pbmarkdup, damageprofiler, biobambam2, jcvi, mtnucratio, picard, vep, sentieon, prokka, qc3C, nanostat, samblaster, samtools, sexdeterrmine, eigenstratdatabasetools, bamtools, jellyfish, vcftools, longranger, stacks, varscan2, snippy, umitools, bbmap, bismark, biscuit, diamond, hicexplorer, hicup, hicpro, salmon, kallisto, slamdunk, star, hisat2, tophat, bowtie2, bowtie1, cellranger, snpsplit, odgi, pangolin, nextclade, humid, kat, leehom, adapterRemoval, bbduk, clipandmerge, cutadapt, flexbar, kaiju, kraken, malt, motus, trimmomatic, sickle, skewer, sortmerna, biobloomtools, fastq_screen, afterqc, fastp, fastqc, filtlong, prinseqplusplus, pychopper, porechop, pycoqc, minionqc, anglerfish, multivcfanalyzer, clusterflow, checkqc, bcl2fastq, bclconvert, interop, ivar, flash, seqyclean, optitype, whatshap
[2025-02-20 13:09:32,156] multiqc                                            [DEBUG  ]  Using temporary directory for creating report: /tmp/tmp1tt3re6o
[2025-02-20 13:09:32,716] multiqc                                            [INFO   ]  Search path : /home/shared/8TB_HDD_01/sam/gitrepos/urol-e5/timeseries_molecular/E-Peve/data/rnaseq-raw-fastqs
[2025-02-20 13:09:34,733] multiqc                                            [DEBUG  ]  Summary of files that were skipped by the search: [skipped_module_specific_max_filesize: 836] // [skipped_no_match: 228] // [skipped_ignore_pattern: 152]
[2025-02-20 13:09:35,940] multiqc.plots.bargraph                             [DEBUG  ]  Using matplotlib version 3.7.1
[2025-02-20 13:09:35,949] multiqc.plots.linegraph                            [DEBUG  ]  Using matplotlib version 3.7.1
[2025-02-20 13:09:35,951] multiqc                                            [DEBUG  ]  No samples found: custom_content
[2025-02-20 13:09:40,517] multiqc.modules.fastqc.fastqc                      [INFO   ]  Found 76 reports
[2025-02-20 13:09:42,340] multiqc                                            [INFO   ]  Compressing plot data
[2025-02-20 13:09:42,913] multiqc                                            [INFO   ]  Report      : ../data/rnaseq-raw-fastqs/multiqc_report.html
[2025-02-20 13:09:42,914] multiqc                                            [INFO   ]  Data        : ../data/rnaseq-raw-fastqs/multiqc_data
[2025-02-20 13:09:42,914] multiqc                                            [DEBUG  ]  Moving data file from '/tmp/tmp1tt3re6o/multiqc_data' to '/home/shared/8TB_HDD_01/sam/gitrepos/urol-e5/timeseries_molecular/E-Peve/data/rnaseq-raw-fastqs/multiqc_data'
[2025-02-20 13:09:43,061] multiqc                                            [INFO   ]  MultiQC complete
[2025-02-20 13:09:43,061] multiqc                                            [WARNING]  1 flat-image plot used in the report due to large sample numbers
