[2025-04-30 17:24:33,538] multiqc                                            [DEBUG  ]  This is MultiQC v1.14
[2025-04-30 17:24:33,538] multiqc                                            [DEBUG  ]  Command used: /home/sam/programs/mambaforge/bin/multiqc /home/shared/8TB_HDD_02/shedurkin/timeseries_molecular/F-Ptua/output/00.10-F-Ptua-sRNAseq-reads-FastQC-MultiQC/raw-fastqc-sRNA -o /home/shared/8TB_HDD_02/shedurkin/timeseries_molecular/F-Ptua/output/00.10-F-Ptua-sRNAseq-reads-FastQC-MultiQC/raw-fastqc-sRNA
[2025-04-30 17:24:34,302] multiqc                                            [WARNING]  MultiQC Version v1.28 now available!
[2025-04-30 17:24:34,303] multiqc                                            [DEBUG  ]  Working dir : /home/shared/8TB_HDD_02/shedurkin/timeseries_molecular/F-Ptua/code
[2025-04-30 17:24:34,303] multiqc                                            [DEBUG  ]  Template    : default
[2025-04-30 17:24:34,303] multiqc                                            [DEBUG  ]  Running Python 3.10.10 | packaged by conda-forge | (main, Mar 24 2023, 20:08:06) [GCC 11.3.0]
[2025-04-30 17:24:34,303] multiqc                                            [DEBUG  ]  Analysing modules: custom_content, ccs, ngsderive, purple, conpair, lima, peddy, somalier, methylQA, mosdepth, phantompeakqualtools, qualimap, preseq, hifiasm, quast, qorts, rna_seqc, rockhopper, rsem, rseqc, busco, bustools, goleft_indexcov, gffcompare, disambiguate, supernova, deeptools, sargasso, verifybamid, mirtrace, happy, mirtop, sambamba, gopeaks, homer, hops, macs2, theta2, snpeff, gatk, htseq, bcftools, featureCounts, fgbio, dragen, dragen_fastqc, dedup, pbmarkdup, damageprofiler, biobambam2, jcvi, mtnucratio, picard, vep, sentieon, prokka, qc3C, nanostat, samblaster, samtools, sexdeterrmine, eigenstratdatabasetools, bamtools, jellyfish, vcftools, longranger, stacks, varscan2, snippy, umitools, bbmap, bismark, biscuit, diamond, hicexplorer, hicup, hicpro, salmon, kallisto, slamdunk, star, hisat2, tophat, bowtie2, bowtie1, cellranger, snpsplit, odgi, pangolin, nextclade, humid, kat, leehom, adapterRemoval, bbduk, clipandmerge, cutadapt, flexbar, kaiju, kraken, malt, motus, trimmomatic, sickle, skewer, sortmerna, biobloomtools, fastq_screen, afterqc, fastp, fastqc, filtlong, prinseqplusplus, pychopper, porechop, pycoqc, minionqc, anglerfish, multivcfanalyzer, clusterflow, checkqc, bcl2fastq, bclconvert, interop, ivar, flash, seqyclean, optitype, whatshap
[2025-04-30 17:24:34,303] multiqc                                            [DEBUG  ]  Using temporary directory for creating report: /tmp/tmpwqnwooy8
[2025-04-30 17:24:34,772] multiqc                                            [INFO   ]  Search path : /home/shared/8TB_HDD_02/shedurkin/timeseries_molecular/F-Ptua/output/00.10-F-Ptua-sRNAseq-reads-FastQC-MultiQC/raw-fastqc-sRNA
[2025-04-30 17:24:38,607] multiqc                                            [DEBUG  ]  Summary of files that were skipped by the search: [skipped_module_specific_max_filesize: 858] // [skipped_no_match: 78]
[2025-04-30 17:24:39,731] multiqc.plots.bargraph                             [DEBUG  ]  Using matplotlib version 3.7.1
[2025-04-30 17:24:39,733] multiqc.plots.linegraph                            [DEBUG  ]  Using matplotlib version 3.7.1
[2025-04-30 17:24:39,734] multiqc                                            [DEBUG  ]  No samples found: custom_content
[2025-04-30 17:25:00,533] multiqc.modules.fastqc.fastqc                      [INFO   ]  Found 78 reports
[2025-04-30 17:25:06,236] multiqc                                            [INFO   ]  Compressing plot data
[2025-04-30 17:25:07,868] multiqc                                            [INFO   ]  Report      : ../output/00.10-F-Ptua-sRNAseq-reads-FastQC-MultiQC/raw-fastqc-sRNA/multiqc_report.html
[2025-04-30 17:25:07,869] multiqc                                            [INFO   ]  Data        : ../output/00.10-F-Ptua-sRNAseq-reads-FastQC-MultiQC/raw-fastqc-sRNA/multiqc_data
[2025-04-30 17:25:07,869] multiqc                                            [DEBUG  ]  Moving data file from '/tmp/tmpwqnwooy8/multiqc_data' to '/home/shared/8TB_HDD_02/shedurkin/timeseries_molecular/F-Ptua/output/00.10-F-Ptua-sRNAseq-reads-FastQC-MultiQC/raw-fastqc-sRNA/multiqc_data'
[2025-04-30 17:25:08,075] multiqc                                            [INFO   ]  MultiQC complete
[2025-04-30 17:25:08,075] multiqc                                            [WARNING]  1 flat-image plot used in the report due to large sample numbers
