[2024-10-04 17:07:35,660] multiqc                                            [DEBUG  ]  This is MultiQC v1.14
[2024-10-04 17:07:35,660] multiqc                                            [DEBUG  ]  Command used: /home/sam/programs/mambaforge/bin/multiqc /home/shared/8TB_HDD_01/sam/gitrepos/urol-e5/timeseries_molecular/D-Apul/output/00.00-raw-reads-FastQC-MultiQC/raw-fastqc -o /home/shared/8TB_HDD_01/sam/gitrepos/urol-e5/timeseries_molecular/D-Apul/output/00.00-raw-reads-FastQC-MultiQC/raw-fastqc
[2024-10-04 17:07:36,445] multiqc                                            [WARNING]  MultiQC Version v1.25.1 now available!
[2024-10-04 17:07:36,445] multiqc                                            [DEBUG  ]  Working dir : /home/shared/8TB_HDD_01/sam/gitrepos/urol-e5/timeseries_molecular/D-Apul/code
[2024-10-04 17:07:36,445] multiqc                                            [DEBUG  ]  Template    : default
[2024-10-04 17:07:36,445] multiqc                                            [DEBUG  ]  Running Python 3.10.10 | packaged by conda-forge | (main, Mar 24 2023, 20:08:06) [GCC 11.3.0]
[2024-10-04 17:07:36,446] multiqc                                            [DEBUG  ]  Analysing modules: custom_content, ccs, ngsderive, purple, conpair, lima, peddy, somalier, methylQA, mosdepth, phantompeakqualtools, qualimap, preseq, hifiasm, quast, qorts, rna_seqc, rockhopper, rsem, rseqc, busco, bustools, goleft_indexcov, gffcompare, disambiguate, supernova, deeptools, sargasso, verifybamid, mirtrace, happy, mirtop, sambamba, gopeaks, homer, hops, macs2, theta2, snpeff, gatk, htseq, bcftools, featureCounts, fgbio, dragen, dragen_fastqc, dedup, pbmarkdup, damageprofiler, biobambam2, jcvi, mtnucratio, picard, vep, sentieon, prokka, qc3C, nanostat, samblaster, samtools, sexdeterrmine, eigenstratdatabasetools, bamtools, jellyfish, vcftools, longranger, stacks, varscan2, snippy, umitools, bbmap, bismark, biscuit, diamond, hicexplorer, hicup, hicpro, salmon, kallisto, slamdunk, star, hisat2, tophat, bowtie2, bowtie1, cellranger, snpsplit, odgi, pangolin, nextclade, humid, kat, leehom, adapterRemoval, bbduk, clipandmerge, cutadapt, flexbar, kaiju, kraken, malt, motus, trimmomatic, sickle, skewer, sortmerna, biobloomtools, fastq_screen, afterqc, fastp, fastqc, filtlong, prinseqplusplus, pychopper, porechop, pycoqc, minionqc, anglerfish, multivcfanalyzer, clusterflow, checkqc, bcl2fastq, bclconvert, interop, ivar, flash, seqyclean, optitype, whatshap
[2024-10-04 17:07:36,446] multiqc                                            [DEBUG  ]  Using temporary directory for creating report: /tmp/tmpu6fokhn6
[2024-10-04 17:07:36,956] multiqc                                            [INFO   ]  Search path : /home/shared/8TB_HDD_01/sam/gitrepos/urol-e5/timeseries_molecular/D-Apul/output/00.00-raw-reads-FastQC-MultiQC/raw-fastqc
[2024-10-04 17:07:39,444] multiqc                                            [DEBUG  ]  Summary of files that were skipped by the search: [skipped_module_specific_max_filesize: 968] // [skipped_no_match: 88]
[2024-10-04 17:07:40,196] multiqc.plots.bargraph                             [DEBUG  ]  Using matplotlib version 3.7.1
[2024-10-04 17:07:40,197] multiqc.plots.linegraph                            [DEBUG  ]  Using matplotlib version 3.7.1
[2024-10-04 17:07:40,197] multiqc                                            [DEBUG  ]  No samples found: custom_content
[2024-10-04 17:07:45,877] multiqc.modules.fastqc.fastqc                      [INFO   ]  Found 88 reports
[2024-10-04 17:07:48,097] multiqc                                            [INFO   ]  Compressing plot data
[2024-10-04 17:07:48,861] multiqc                                            [INFO   ]  Report      : ../output/00.00-raw-reads-FastQC-MultiQC/raw-fastqc/multiqc_report.html
[2024-10-04 17:07:48,861] multiqc                                            [INFO   ]  Data        : ../output/00.00-raw-reads-FastQC-MultiQC/raw-fastqc/multiqc_data
[2024-10-04 17:07:48,861] multiqc                                            [DEBUG  ]  Moving data file from '/tmp/tmpu6fokhn6/multiqc_data' to '/home/shared/8TB_HDD_01/sam/gitrepos/urol-e5/timeseries_molecular/D-Apul/output/00.00-raw-reads-FastQC-MultiQC/raw-fastqc/multiqc_data'
[2024-10-04 17:07:48,943] multiqc                                            [INFO   ]  MultiQC complete
[2024-10-04 17:07:48,943] multiqc                                            [WARNING]  1 flat-image plot used in the report due to large sample numbers
