[2025-02-20 09:34:55,453] multiqc                                            [DEBUG  ]  This is MultiQC v1.14
[2025-02-20 09:34:55,453] multiqc                                            [DEBUG  ]  Command used: /home/sam/programs/mambaforge/bin/multiqc /home/shared/8TB_HDD_01/sam/gitrepos/urol-e5/timeseries_molecular/D-Apul/data/rnaseq-raw-fastqs -o /home/shared/8TB_HDD_01/sam/gitrepos/urol-e5/timeseries_molecular/D-Apul/data/rnaseq-raw-fastqs
[2025-02-20 09:34:56,240] multiqc                                            [WARNING]  MultiQC Version v1.27 now available!
[2025-02-20 09:34:56,240] multiqc                                            [DEBUG  ]  Working dir : /home/shared/8TB_HDD_01/sam/gitrepos/urol-e5/timeseries_molecular/D-Apul/code
[2025-02-20 09:34:56,240] multiqc                                            [DEBUG  ]  Template    : default
[2025-02-20 09:34:56,241] multiqc                                            [DEBUG  ]  Running Python 3.10.10 | packaged by conda-forge | (main, Mar 24 2023, 20:08:06) [GCC 11.3.0]
[2025-02-20 09:34:56,242] multiqc                                            [DEBUG  ]  Analysing modules: custom_content, ccs, ngsderive, purple, conpair, lima, peddy, somalier, methylQA, mosdepth, phantompeakqualtools, qualimap, preseq, hifiasm, quast, qorts, rna_seqc, rockhopper, rsem, rseqc, busco, bustools, goleft_indexcov, gffcompare, disambiguate, supernova, deeptools, sargasso, verifybamid, mirtrace, happy, mirtop, sambamba, gopeaks, homer, hops, macs2, theta2, snpeff, gatk, htseq, bcftools, featureCounts, fgbio, dragen, dragen_fastqc, dedup, pbmarkdup, damageprofiler, biobambam2, jcvi, mtnucratio, picard, vep, sentieon, prokka, qc3C, nanostat, samblaster, samtools, sexdeterrmine, eigenstratdatabasetools, bamtools, jellyfish, vcftools, longranger, stacks, varscan2, snippy, umitools, bbmap, bismark, biscuit, diamond, hicexplorer, hicup, hicpro, salmon, kallisto, slamdunk, star, hisat2, tophat, bowtie2, bowtie1, cellranger, snpsplit, odgi, pangolin, nextclade, humid, kat, leehom, adapterRemoval, bbduk, clipandmerge, cutadapt, flexbar, kaiju, kraken, malt, motus, trimmomatic, sickle, skewer, sortmerna, biobloomtools, fastq_screen, afterqc, fastp, fastqc, filtlong, prinseqplusplus, pychopper, porechop, pycoqc, minionqc, anglerfish, multivcfanalyzer, clusterflow, checkqc, bcl2fastq, bclconvert, interop, ivar, flash, seqyclean, optitype, whatshap
[2025-02-20 09:34:56,242] multiqc                                            [DEBUG  ]  Using temporary directory for creating report: /tmp/tmplzbnm5us
[2025-02-20 09:34:56,811] multiqc                                            [INFO   ]  Search path : /home/shared/8TB_HDD_01/sam/gitrepos/urol-e5/timeseries_molecular/D-Apul/data/rnaseq-raw-fastqs
[2025-02-20 09:34:58,920] multiqc                                            [DEBUG  ]  Summary of files that were skipped by the search: [skipped_module_specific_max_filesize: 880] // [skipped_no_match: 240] // [skipped_ignore_pattern: 160]
[2025-02-20 09:34:59,818] multiqc.plots.bargraph                             [DEBUG  ]  Using matplotlib version 3.7.1
[2025-02-20 09:34:59,819] multiqc.plots.linegraph                            [DEBUG  ]  Using matplotlib version 3.7.1
[2025-02-20 09:34:59,819] multiqc                                            [DEBUG  ]  No samples found: custom_content
[2025-02-20 09:35:04,623] multiqc.modules.fastqc.fastqc                      [INFO   ]  Found 80 reports
[2025-02-20 09:35:06,583] multiqc                                            [INFO   ]  Compressing plot data
[2025-02-20 09:35:07,189] multiqc                                            [INFO   ]  Report      : ../data/rnaseq-raw-fastqs/multiqc_report.html
[2025-02-20 09:35:07,189] multiqc                                            [INFO   ]  Data        : ../data/rnaseq-raw-fastqs/multiqc_data
[2025-02-20 09:35:07,189] multiqc                                            [DEBUG  ]  Moving data file from '/tmp/tmplzbnm5us/multiqc_data' to '/home/shared/8TB_HDD_01/sam/gitrepos/urol-e5/timeseries_molecular/D-Apul/data/rnaseq-raw-fastqs/multiqc_data'
[2025-02-20 09:35:07,295] multiqc                                            [INFO   ]  MultiQC complete
[2025-02-20 09:35:07,296] multiqc                                            [WARNING]  1 flat-image plot used in the report due to large sample numbers
