[0;34m[2025-08-31 08:07:52][0m Starting ortholog annotation pipeline...
[0;34m[2025-08-31 08:07:52][0m Creating output directory...
[0;32m[2025-08-31 08:07:52] SUCCESS:[0m Output directory created: /home/shared/16TB_HDD_01/sr320/github/timeseries_molecular/M-multi-species/output/11.3-ortholog-annotation
[0;34m[2025-08-31 08:07:52][0m Checking dependencies...
[1;33m[2025-08-31 08:07:52] WARNING:[0m InterProScan is not installed. Some annotation steps may be skipped.
[0;34m[2025-08-31 08:07:52][0m Checking R packages...
[0;34m[2025-08-31 08:07:52][0m Checking Python packages...
[0;34m[2025-08-31 08:08:16][0m Starting ortholog annotation pipeline...
[0;34m[2025-08-31 08:08:16][0m Creating output directory...
[0;32m[2025-08-31 08:08:16] SUCCESS:[0m Output directory created: /home/shared/16TB_HDD_01/sr320/github/timeseries_molecular/M-multi-species/output/11.3-ortholog-annotation
[0;34m[2025-08-31 08:08:16][0m Checking dependencies...
[1;33m[2025-08-31 08:08:16] WARNING:[0m InterProScan is not installed. Some annotation steps may be skipped.
[0;34m[2025-08-31 08:08:16][0m Checking R packages...
[0;34m[2025-08-31 08:08:16][0m Checking Python packages...
[0;32m[2025-08-31 08:08:17] SUCCESS:[0m Dependency check completed
[0;34m[2025-08-31 08:08:17][0m Checking input files...
[0;34m[2025-08-31 08:08:17][0m Found protein file: /home/shared/16TB_HDD_01/sr320/github/timeseries_molecular/M-multi-species/../D-Apul/data/Apulchra-genome.pep.faa
[0;34m[2025-08-31 08:08:17][0m Found protein file: /home/shared/16TB_HDD_01/sr320/github/timeseries_molecular/M-multi-species/../E-Peve/data/Porites_evermanni_v1.annot.pep.fa
[0;34m[2025-08-31 08:08:17][0m Found protein file: /home/shared/16TB_HDD_01/sr320/github/timeseries_molecular/M-multi-species/../F-Ptua/data/Pocillopora_meandrina_HIv1.genes.pep.faa
[0;32m[2025-08-31 08:08:17] SUCCESS:[0m Input file check completed
[0;34m[2025-08-31 08:08:17][0m Running R annotation script...
[0;31m[2025-08-31 08:08:18] ERROR:[0m R annotation script failed
