Detecting adapter sequence for read1...
No adapter detected for read1

Detecting adapter sequence for read2...
No adapter detected for read2

Read1 before filtering:
total reads: 30593991
total bases: 4589098650
Q20 bases: 4398865307(95.8547%)
Q30 bases: 4107500400(89.5056%)

Read2 before filtering:
total reads: 30593991
total bases: 4589098650
Q20 bases: 4408950561(96.0744%)
Q30 bases: 4123694692(89.8585%)

Read1 after filtering:
total reads: 29875318
total bases: 3998834808
Q20 bases: 3849040781(96.2541%)
Q30 bases: 3605151547(90.1551%)

Read2 after filtering:
total reads: 29875318
total bases: 3998702299
Q20 bases: 3860211516(96.5366%)
Q30 bases: 3618530043(90.4926%)

Filtering result:
reads passed filter: 59750636
reads failed due to low quality: 1368160
reads failed due to too many N: 7580
reads failed due to too short: 61606
reads with adapter trimmed: 2151026
bases trimmed due to adapters: 41351273
reads with polyX in 3' end: 2326072
bases trimmed in polyX tail: 27214575

Duplication rate: 6.44419%

Insert size peak (evaluated by paired-end reads): 267

JSON report: /home/shared/8TB_HDD_01/sam/gitrepos/urol-e5/timeseries_molecular/E-Peve/output/01.00-E-Peve-WGBS-trimming-fastp-FastQC-MultiQC/POR-83-TP3_R1_001.fastp-trim.report.json
HTML report: /home/shared/8TB_HDD_01/sam/gitrepos/urol-e5/timeseries_molecular/E-Peve/output/01.00-E-Peve-WGBS-trimming-fastp-FastQC-MultiQC/POR-83-TP3_R1_001.fastp-trim.report.html

/home/shared/fastp-v0.24.0/fastp --in1 POR-83-TP3_R1_001.fastq.gz --in2 POR-83-TP3_R2_001.fastq.gz --detect_adapter_for_pe --trim_poly_g --trim_poly_x --thread 16 --trim_front1 15 --trim_front2 15 --html /home/shared/8TB_HDD_01/sam/gitrepos/urol-e5/timeseries_molecular/E-Peve/output/01.00-E-Peve-WGBS-trimming-fastp-FastQC-MultiQC/POR-83-TP3_R1_001.fastp-trim.report.html --json /home/shared/8TB_HDD_01/sam/gitrepos/urol-e5/timeseries_molecular/E-Peve/output/01.00-E-Peve-WGBS-trimming-fastp-FastQC-MultiQC/POR-83-TP3_R1_001.fastp-trim.report.json --out1 /home/shared/8TB_HDD_01/sam/gitrepos/urol-e5/timeseries_molecular/E-Peve/output/01.00-E-Peve-WGBS-trimming-fastp-FastQC-MultiQC/POR-83-TP3_R1_001.fastp-trim.fq.gz --out2 /home/shared/8TB_HDD_01/sam/gitrepos/urol-e5/timeseries_molecular/E-Peve/output/01.00-E-Peve-WGBS-trimming-fastp-FastQC-MultiQC/POR-83-TP3_R2_001.fastp-trim.fq.gz 
fastp v0.24.0, time used: 116 seconds
