Detecting adapter sequence for read1...
No adapter detected for read1

Detecting adapter sequence for read2...
No adapter detected for read2

Read1 before filtering:
total reads: 34184567
total bases: 5127685050
Q20 bases: 4916925638(95.8898%)
Q30 bases: 4601966264(89.7474%)

Read2 before filtering:
total reads: 34184567
total bases: 5127685050
Q20 bases: 4934585190(96.2342%)
Q30 bases: 4630189338(90.2978%)

Read1 after filtering:
total reads: 33457803
total bases: 4645668768
Q20 bases: 4474217215(96.3094%)
Q30 bases: 4201527200(90.4397%)

Read2 after filtering:
total reads: 33457803
total bases: 4645698496
Q20 bases: 4494699059(96.7497%)
Q30 bases: 4231266976(91.0792%)

Filtering result:
reads passed filter: 66915606
reads failed due to low quality: 1383222
reads failed due to too many N: 8962
reads failed due to too short: 61344
reads with adapter trimmed: 2069498
bases trimmed due to adapters: 45175152
reads with polyX in 3' end: 2651406
bases trimmed in polyX tail: 31310755

Duplication rate: 9.14897%

Insert size peak (evaluated by paired-end reads): 269

JSON report: /home/shared/8TB_HDD_01/sam/gitrepos/urol-e5/timeseries_molecular/E-Peve/output/01.00-E-Peve-WGBS-trimming-fastp-FastQC-MultiQC/POR-260-TP3_R1_001.fastp-trim.report.json
HTML report: /home/shared/8TB_HDD_01/sam/gitrepos/urol-e5/timeseries_molecular/E-Peve/output/01.00-E-Peve-WGBS-trimming-fastp-FastQC-MultiQC/POR-260-TP3_R1_001.fastp-trim.report.html

/home/shared/fastp-v0.24.0/fastp --in1 POR-260-TP3_R1_001.fastq.gz --in2 POR-260-TP3_R2_001.fastq.gz --detect_adapter_for_pe --trim_poly_g --trim_poly_x --thread 16 --trim_front1 10 --trim_front2 10 --html /home/shared/8TB_HDD_01/sam/gitrepos/urol-e5/timeseries_molecular/E-Peve/output/01.00-E-Peve-WGBS-trimming-fastp-FastQC-MultiQC/POR-260-TP3_R1_001.fastp-trim.report.html --json /home/shared/8TB_HDD_01/sam/gitrepos/urol-e5/timeseries_molecular/E-Peve/output/01.00-E-Peve-WGBS-trimming-fastp-FastQC-MultiQC/POR-260-TP3_R1_001.fastp-trim.report.json --out1 /home/shared/8TB_HDD_01/sam/gitrepos/urol-e5/timeseries_molecular/E-Peve/output/01.00-E-Peve-WGBS-trimming-fastp-FastQC-MultiQC/POR-260-TP3_R1_001.fastp-trim.fq.gz --out2 /home/shared/8TB_HDD_01/sam/gitrepos/urol-e5/timeseries_molecular/E-Peve/output/01.00-E-Peve-WGBS-trimming-fastp-FastQC-MultiQC/POR-260-TP3_R2_001.fastp-trim.fq.gz 
fastp v0.24.0, time used: 115 seconds
