Detecting adapter sequence for read1...
No adapter detected for read1

Detecting adapter sequence for read2...
No adapter detected for read2

Read1 before filtering:
total reads: 28379880
total bases: 4256982000
Q20 bases: 4072437652(95.6649%)
Q30 bases: 3784397989(88.8986%)

Read2 before filtering:
total reads: 28379880
total bases: 4256982000
Q20 bases: 4073900550(95.6993%)
Q30 bases: 3780727515(88.8124%)

Read1 after filtering:
total reads: 27676602
total bases: 3704001419
Q20 bases: 3558259608(96.0653%)
Q30 bases: 3318517872(89.5928%)

Read2 after filtering:
total reads: 27676602
total bases: 3704100625
Q20 bases: 3563160865(96.195%)
Q30 bases: 3316337033(89.5315%)

Filtering result:
reads passed filter: 55353204
reads failed due to low quality: 1325968
reads failed due to too many N: 6602
reads failed due to too short: 73986
reads with adapter trimmed: 2038254
bases trimmed due to adapters: 38394687
reads with polyX in 3' end: 2204580
bases trimmed in polyX tail: 25750486

Duplication rate: 7.01456%

Insert size peak (evaluated by paired-end reads): 269

JSON report: /home/shared/8TB_HDD_01/sam/gitrepos/urol-e5/timeseries_molecular/E-Peve/output/01.00-E-Peve-WGBS-trimming-fastp-FastQC-MultiQC/POR-69-TP1_R1_001.fastp-trim.report.json
HTML report: /home/shared/8TB_HDD_01/sam/gitrepos/urol-e5/timeseries_molecular/E-Peve/output/01.00-E-Peve-WGBS-trimming-fastp-FastQC-MultiQC/POR-69-TP1_R1_001.fastp-trim.report.html

/home/shared/fastp-v0.24.0/fastp --in1 POR-69-TP1_R1_001.fastq.gz --in2 POR-69-TP1_R2_001.fastq.gz --detect_adapter_for_pe --trim_poly_g --trim_poly_x --thread 16 --trim_front1 15 --trim_front2 15 --html /home/shared/8TB_HDD_01/sam/gitrepos/urol-e5/timeseries_molecular/E-Peve/output/01.00-E-Peve-WGBS-trimming-fastp-FastQC-MultiQC/POR-69-TP1_R1_001.fastp-trim.report.html --json /home/shared/8TB_HDD_01/sam/gitrepos/urol-e5/timeseries_molecular/E-Peve/output/01.00-E-Peve-WGBS-trimming-fastp-FastQC-MultiQC/POR-69-TP1_R1_001.fastp-trim.report.json --out1 /home/shared/8TB_HDD_01/sam/gitrepos/urol-e5/timeseries_molecular/E-Peve/output/01.00-E-Peve-WGBS-trimming-fastp-FastQC-MultiQC/POR-69-TP1_R1_001.fastp-trim.fq.gz --out2 /home/shared/8TB_HDD_01/sam/gitrepos/urol-e5/timeseries_molecular/E-Peve/output/01.00-E-Peve-WGBS-trimming-fastp-FastQC-MultiQC/POR-69-TP1_R2_001.fastp-trim.fq.gz 
fastp v0.24.0, time used: 109 seconds
