Detecting adapter sequence for read1...
No adapter detected for read1

Detecting adapter sequence for read2...
No adapter detected for read2

Read1 before filtering:
total reads: 25015877
total bases: 3752381550
Q20 bases: 3597303465(95.8672%)
Q30 bases: 3359175074(89.5211%)

Read2 before filtering:
total reads: 25015877
total bases: 3752381550
Q20 bases: 3602658006(96.0099%)
Q30 bases: 3363625421(89.6397%)

Read1 after filtering:
total reads: 24436326
total bases: 3273270830
Q20 bases: 3150348132(96.2447%)
Q30 bases: 2950634975(90.1433%)

Read2 after filtering:
total reads: 24436326
total bases: 3273209667
Q20 bases: 3156462015(96.4332%)
Q30 bases: 2952903520(90.2143%)

Filtering result:
reads passed filter: 48872652
reads failed due to low quality: 1105080
reads failed due to too many N: 6058
reads failed due to too short: 47964
reads with adapter trimmed: 1697622
bases trimmed due to adapters: 29155817
reads with polyX in 3' end: 1919190
bases trimmed in polyX tail: 22532783

Duplication rate: 8.25582%

Insert size peak (evaluated by paired-end reads): 268

JSON report: /home/shared/8TB_HDD_01/sam/gitrepos/urol-e5/timeseries_molecular/E-Peve/output/01.00-E-Peve-WGBS-trimming-fastp-FastQC-MultiQC/POR-236-TP1_R1_001.fastp-trim.report.json
HTML report: /home/shared/8TB_HDD_01/sam/gitrepos/urol-e5/timeseries_molecular/E-Peve/output/01.00-E-Peve-WGBS-trimming-fastp-FastQC-MultiQC/POR-236-TP1_R1_001.fastp-trim.report.html

/home/shared/fastp-v0.24.0/fastp --in1 POR-236-TP1_R1_001.fastq.gz --in2 POR-236-TP1_R2_001.fastq.gz --detect_adapter_for_pe --trim_poly_g --trim_poly_x --thread 16 --trim_front1 15 --trim_front2 15 --html /home/shared/8TB_HDD_01/sam/gitrepos/urol-e5/timeseries_molecular/E-Peve/output/01.00-E-Peve-WGBS-trimming-fastp-FastQC-MultiQC/POR-236-TP1_R1_001.fastp-trim.report.html --json /home/shared/8TB_HDD_01/sam/gitrepos/urol-e5/timeseries_molecular/E-Peve/output/01.00-E-Peve-WGBS-trimming-fastp-FastQC-MultiQC/POR-236-TP1_R1_001.fastp-trim.report.json --out1 /home/shared/8TB_HDD_01/sam/gitrepos/urol-e5/timeseries_molecular/E-Peve/output/01.00-E-Peve-WGBS-trimming-fastp-FastQC-MultiQC/POR-236-TP1_R1_001.fastp-trim.fq.gz --out2 /home/shared/8TB_HDD_01/sam/gitrepos/urol-e5/timeseries_molecular/E-Peve/output/01.00-E-Peve-WGBS-trimming-fastp-FastQC-MultiQC/POR-236-TP1_R2_001.fastp-trim.fq.gz 
fastp v0.24.0, time used: 89 seconds
