Detecting adapter sequence for read1...
No adapter detected for read1

Detecting adapter sequence for read2...
No adapter detected for read2

Read1 before filtering:
total reads: 42664432
total bases: 6399664800
Q20 bases: 6224915481(97.2694%)
Q30 bases: 5979369490(93.4325%)

Read2 before filtering:
total reads: 42664432
total bases: 6399664800
Q20 bases: 6192824195(96.7679%)
Q30 bases: 5929042510(92.6461%)

Read1 after filtering:
total reads: 41847558
total bases: 5605344387
Q20 bases: 5467836393(97.5468%)
Q30 bases: 5261531647(93.8663%)

Read2 after filtering:
total reads: 41847558
total bases: 5604108283
Q20 bases: 5445313507(97.1665%)
Q30 bases: 5220355567(93.1523%)

Filtering result:
reads passed filter: 83695116
reads failed due to low quality: 1543376
reads failed due to too many N: 266
reads failed due to too short: 90106
reads with adapter trimmed: 2785720
bases trimmed due to adapters: 48067029
reads with polyX in 3' end: 3355814
bases trimmed in polyX tail: 40433968

Duplication rate: 13.9588%

Insert size peak (evaluated by paired-end reads): 210

JSON report: /home/shared/8TB_HDD_01/sam/gitrepos/urol-e5/timeseries_molecular/E-Peve/output/01.00-E-Peve-WGBS-trimming-fastp-FastQC-MultiQC/POR-83-TP2_R1_001.fastp-trim.report.json
HTML report: /home/shared/8TB_HDD_01/sam/gitrepos/urol-e5/timeseries_molecular/E-Peve/output/01.00-E-Peve-WGBS-trimming-fastp-FastQC-MultiQC/POR-83-TP2_R1_001.fastp-trim.report.html

/home/shared/fastp-v0.24.0/fastp --in1 POR-83-TP2_R1_001.fastq.gz --in2 POR-83-TP2_R2_001.fastq.gz --detect_adapter_for_pe --trim_poly_g --trim_poly_x --thread 16 --trim_front1 15 --trim_front2 15 --html /home/shared/8TB_HDD_01/sam/gitrepos/urol-e5/timeseries_molecular/E-Peve/output/01.00-E-Peve-WGBS-trimming-fastp-FastQC-MultiQC/POR-83-TP2_R1_001.fastp-trim.report.html --json /home/shared/8TB_HDD_01/sam/gitrepos/urol-e5/timeseries_molecular/E-Peve/output/01.00-E-Peve-WGBS-trimming-fastp-FastQC-MultiQC/POR-83-TP2_R1_001.fastp-trim.report.json --out1 /home/shared/8TB_HDD_01/sam/gitrepos/urol-e5/timeseries_molecular/E-Peve/output/01.00-E-Peve-WGBS-trimming-fastp-FastQC-MultiQC/POR-83-TP2_R1_001.fastp-trim.fq.gz --out2 /home/shared/8TB_HDD_01/sam/gitrepos/urol-e5/timeseries_molecular/E-Peve/output/01.00-E-Peve-WGBS-trimming-fastp-FastQC-MultiQC/POR-83-TP2_R2_001.fastp-trim.fq.gz 
fastp v0.24.0, time used: 145 seconds
