[2025-02-12 12:54:59,613] multiqc                                            [DEBUG  ]  This is MultiQC v1.14
[2025-02-12 12:54:59,614] multiqc                                            [DEBUG  ]  Found command line config: {'sp': {'fastp': {'fn': '*report.json'}}}
[2025-02-12 12:54:59,615] multiqc                                            [DEBUG  ]  Added to filename patterns: [{'fastp': {'fn': '*report.json'}}]
[2025-02-12 12:54:59,615] multiqc                                            [DEBUG  ]  Command used: /home/sam/programs/mambaforge/bin/multiqc . --cl-config sp: { fastp: { fn: '*report.json' } } --interactive
[2025-02-12 12:55:00,433] multiqc                                            [WARNING]  MultiQC Version v1.27 now available!
[2025-02-12 12:55:00,434] multiqc                                            [DEBUG  ]  Working dir : /home/shared/8TB_HDD_01/sam/gitrepos/urol-e5/timeseries_molecular/E-Peve/output/01.00-E-Peve-WGBS-trimming-fastp-FastQC-MultiQC
[2025-02-12 12:55:00,434] multiqc                                            [DEBUG  ]  Template    : default
[2025-02-12 12:55:00,434] multiqc                                            [DEBUG  ]  Running Python 3.10.10 | packaged by conda-forge | (main, Mar 24 2023, 20:08:06) [GCC 11.3.0]
[2025-02-12 12:55:00,435] multiqc                                            [DEBUG  ]  Analysing modules: custom_content, ccs, ngsderive, purple, conpair, lima, peddy, somalier, methylQA, mosdepth, phantompeakqualtools, qualimap, preseq, hifiasm, quast, qorts, rna_seqc, rockhopper, rsem, rseqc, busco, bustools, goleft_indexcov, gffcompare, disambiguate, supernova, deeptools, sargasso, verifybamid, mirtrace, happy, mirtop, sambamba, gopeaks, homer, hops, macs2, theta2, snpeff, gatk, htseq, bcftools, featureCounts, fgbio, dragen, dragen_fastqc, dedup, pbmarkdup, damageprofiler, biobambam2, jcvi, mtnucratio, picard, vep, sentieon, prokka, qc3C, nanostat, samblaster, samtools, sexdeterrmine, eigenstratdatabasetools, bamtools, jellyfish, vcftools, longranger, stacks, varscan2, snippy, umitools, bbmap, bismark, biscuit, diamond, hicexplorer, hicup, hicpro, salmon, kallisto, slamdunk, star, hisat2, tophat, bowtie2, bowtie1, cellranger, snpsplit, odgi, pangolin, nextclade, humid, kat, leehom, adapterRemoval, bbduk, clipandmerge, cutadapt, flexbar, kaiju, kraken, malt, motus, trimmomatic, sickle, skewer, sortmerna, biobloomtools, fastq_screen, afterqc, fastp, fastqc, filtlong, prinseqplusplus, pychopper, porechop, pycoqc, minionqc, anglerfish, multivcfanalyzer, clusterflow, checkqc, bcl2fastq, bclconvert, interop, ivar, flash, seqyclean, optitype, whatshap
[2025-02-12 12:55:00,435] multiqc                                            [DEBUG  ]  Using temporary directory for creating report: /tmp/tmp2oalug1q
[2025-02-12 12:55:00,952] multiqc                                            [INFO   ]  Search path : /home/shared/8TB_HDD_01/sam/gitrepos/urol-e5/timeseries_molecular/E-Peve/output/01.00-E-Peve-WGBS-trimming-fastp-FastQC-MultiQC
[2025-02-12 12:55:06,292] multiqc                                            [DEBUG  ]  Summary of files that were skipped by the search: [skipped_module_specific_max_filesize: 1116] // [skipped_no_match: 288] // [skipped_ignore_pattern: 144]
[2025-02-12 12:55:07,367] multiqc.plots.bargraph                             [DEBUG  ]  Using matplotlib version 3.7.1
[2025-02-12 12:55:07,383] multiqc.plots.linegraph                            [DEBUG  ]  Using matplotlib version 3.7.1
[2025-02-12 12:55:07,391] multiqc                                            [DEBUG  ]  No samples found: custom_content
[2025-02-12 12:55:07,422] multiqc.modules.fastp.fastp                        [DEBUG  ]  No duplication rate plot data: POR-73-TP1_R1_001.fastp-trim.report.json
[2025-02-12 12:55:07,430] multiqc.modules.fastp.fastp                        [DEBUG  ]  No duplication rate plot data: POR-236-TP2_R1_001.fastp-trim.report.json
[2025-02-12 12:55:07,466] multiqc.modules.fastp.fastp                        [DEBUG  ]  No duplication rate plot data: POR-74-TP4_R1_001.fastp-trim.report.json
[2025-02-12 12:55:07,479] multiqc.modules.fastp.fastp                        [DEBUG  ]  No duplication rate plot data: POR-262-TP4_R1_001.fastp-trim.report.json
[2025-02-12 12:55:07,487] multiqc.modules.fastp.fastp                        [DEBUG  ]  No duplication rate plot data: POR-73-TP3_R1_001.fastp-trim.report.json
[2025-02-12 12:55:07,493] multiqc.modules.fastp.fastp                        [DEBUG  ]  No duplication rate plot data: POR-236-TP1_R1_001.fastp-trim.report.json
[2025-02-12 12:55:07,509] multiqc.modules.fastp.fastp                        [DEBUG  ]  No duplication rate plot data: POR-216-TP3_R1_001.fastp-trim.report.json
[2025-02-12 12:55:07,516] multiqc.modules.fastp.fastp                        [DEBUG  ]  No duplication rate plot data: POR-69-TP1_R1_001.fastp-trim.report.json
[2025-02-12 12:55:07,522] multiqc.modules.fastp.fastp                        [DEBUG  ]  No duplication rate plot data: POR-216-TP4_R1_001.fastp-trim.report.json
[2025-02-12 12:55:07,535] multiqc.modules.fastp.fastp                        [DEBUG  ]  No duplication rate plot data: POR-74-TP3_R1_001.fastp-trim.report.json
[2025-02-12 12:55:07,543] multiqc.modules.fastp.fastp                        [DEBUG  ]  No duplication rate plot data: POR-69-TP2_R1_001.fastp-trim.report.json
[2025-02-12 12:55:07,549] multiqc.modules.fastp.fastp                        [DEBUG  ]  No duplication rate plot data: POR-74-TP1_R1_001.fastp-trim.report.json
[2025-02-12 12:55:07,555] multiqc.modules.fastp.fastp                        [DEBUG  ]  No duplication rate plot data: POR-83-TP1_R1_001.fastp-trim.report.json
[2025-02-12 12:55:07,560] multiqc.modules.fastp.fastp                        [DEBUG  ]  No duplication rate plot data: POR-69-TP4_R1_001.fastp-trim.report.json
[2025-02-12 12:55:07,564] multiqc.modules.fastp.fastp                        [DEBUG  ]  No duplication rate plot data: POR-72-TP2_R1_001.fastp-trim.report.json
[2025-02-12 12:55:07,572] multiqc.modules.fastp.fastp                        [DEBUG  ]  No duplication rate plot data: POR-83-TP2_R1_001.fastp-trim.report.json
[2025-02-12 12:55:07,586] multiqc.modules.fastp.fastp                        [DEBUG  ]  No duplication rate plot data: POR-72-TP4_R1_001.fastp-trim.report.json
[2025-02-12 12:55:07,594] multiqc.modules.fastp.fastp                        [DEBUG  ]  No duplication rate plot data: POR-83-TP3_R1_001.fastp-trim.report.json
[2025-02-12 12:55:07,600] multiqc.modules.fastp.fastp                        [DEBUG  ]  No duplication rate plot data: POR-262-TP2_R1_001.fastp-trim.report.json
[2025-02-12 12:55:07,606] multiqc.modules.fastp.fastp                        [DEBUG  ]  No duplication rate plot data: POR-74-TP2_R1_001.fastp-trim.report.json
[2025-02-12 12:55:07,611] multiqc.modules.fastp.fastp                        [DEBUG  ]  No duplication rate plot data: POR-260-TP1_R1_001.fastp-trim.report.json
[2025-02-12 12:55:07,623] multiqc.modules.fastp.fastp                        [DEBUG  ]  No duplication rate plot data: POR-260-TP2_R1_001.fastp-trim.report.json
[2025-02-12 12:55:07,631] multiqc.modules.fastp.fastp                        [DEBUG  ]  No duplication rate plot data: POR-262-TP1_R1_001.fastp-trim.report.json
[2025-02-12 12:55:07,638] multiqc.modules.fastp.fastp                        [DEBUG  ]  No duplication rate plot data: POR-73-TP2_R1_001.fastp-trim.report.json
[2025-02-12 12:55:07,643] multiqc.modules.fastp.fastp                        [DEBUG  ]  No duplication rate plot data: POR-245-TP4_R1_001.fastp-trim.report.json
[2025-02-12 12:55:07,648] multiqc.modules.fastp.fastp                        [DEBUG  ]  No duplication rate plot data: POR-245-TP2_R1_001.fastp-trim.report.json
[2025-02-12 12:55:07,652] multiqc.modules.fastp.fastp                        [DEBUG  ]  No duplication rate plot data: POR-260-TP3_R1_001.fastp-trim.report.json
[2025-02-12 12:55:07,656] multiqc.modules.fastp.fastp                        [DEBUG  ]  No duplication rate plot data: POR-245-TP3_R1_001.fastp-trim.report.json
[2025-02-12 12:55:07,661] multiqc.modules.fastp.fastp                        [DEBUG  ]  No duplication rate plot data: POR-72-TP3_R1_001.fastp-trim.report.json
[2025-02-12 12:55:07,665] multiqc.modules.fastp.fastp                        [DEBUG  ]  No duplication rate plot data: POR-260-TP4_R1_001.fastp-trim.report.json
[2025-02-12 12:55:07,679] multiqc.modules.fastp.fastp                        [DEBUG  ]  No duplication rate plot data: POR-245-TP1_R1_001.fastp-trim.report.json
[2025-02-12 12:55:07,692] multiqc.modules.fastp.fastp                        [DEBUG  ]  No duplication rate plot data: POR-216-TP1_R1_001.fastp-trim.report.json
[2025-02-12 12:55:07,700] multiqc.modules.fastp.fastp                        [DEBUG  ]  No duplication rate plot data: POR-69-TP3_R1_001.fastp-trim.report.json
[2025-02-12 12:55:07,706] multiqc.modules.fastp.fastp                        [DEBUG  ]  No duplication rate plot data: POR-83-TP4_R1_001.fastp-trim.report.json
[2025-02-12 12:55:07,711] multiqc.modules.fastp.fastp                        [DEBUG  ]  No duplication rate plot data: POR-216-TP2_R1_001.fastp-trim.report.json
[2025-02-12 12:55:07,716] multiqc.modules.fastp.fastp                        [DEBUG  ]  No duplication rate plot data: POR-72-TP1_R1_001.fastp-trim.report.json
[2025-02-12 12:55:07,716] multiqc.modules.fastp.fastp                        [INFO   ]  Found 36 reports
[2025-02-12 12:55:15,990] multiqc.modules.fastqc.fastqc                      [INFO   ]  Found 72 reports
[2025-02-12 12:55:16,990] multiqc                                            [INFO   ]  Compressing plot data
[2025-02-12 12:55:19,482] multiqc                                            [INFO   ]  Report      : multiqc_report.html
[2025-02-12 12:55:19,482] multiqc                                            [INFO   ]  Data        : multiqc_data
[2025-02-12 12:55:19,482] multiqc                                            [DEBUG  ]  Moving data file from '/tmp/tmp2oalug1q/multiqc_data' to '/home/shared/8TB_HDD_01/sam/gitrepos/urol-e5/timeseries_molecular/E-Peve/output/01.00-E-Peve-WGBS-trimming-fastp-FastQC-MultiQC/multiqc_data'
[2025-02-12 12:55:19,687] multiqc                                            [INFO   ]  MultiQC complete
