[2024-10-07 15:05:32,548] multiqc                                            [DEBUG  ]  This is MultiQC v1.14
[2024-10-07 15:05:32,548] multiqc                                            [DEBUG  ]  Command used: /home/sam/programs/mambaforge/bin/multiqc /home/shared/8TB_HDD_01/sam/gitrepos/urol-e5/timeseries_molecular/D-Apul/output/01.00-D-Apul-RNAseq-trimming-fastp-FastQC-MultiQC/trimmed-fastqs -o /home/shared/8TB_HDD_01/sam/gitrepos/urol-e5/timeseries_molecular/D-Apul/output/01.00-D-Apul-RNAseq-trimming-fastp-FastQC-MultiQC/trimmed-fastqs
[2024-10-07 15:05:33,354] multiqc                                            [WARNING]  MultiQC Version v1.25.1 now available!
[2024-10-07 15:05:33,355] multiqc                                            [DEBUG  ]  Working dir : /home/shared/8TB_HDD_01/sam/gitrepos/urol-e5/timeseries_molecular/D-Apul/code
[2024-10-07 15:05:33,355] multiqc                                            [DEBUG  ]  Template    : default
[2024-10-07 15:05:33,355] multiqc                                            [DEBUG  ]  Running Python 3.10.10 | packaged by conda-forge | (main, Mar 24 2023, 20:08:06) [GCC 11.3.0]
[2024-10-07 15:05:33,356] multiqc                                            [DEBUG  ]  Analysing modules: custom_content, ccs, ngsderive, purple, conpair, lima, peddy, somalier, methylQA, mosdepth, phantompeakqualtools, qualimap, preseq, hifiasm, quast, qorts, rna_seqc, rockhopper, rsem, rseqc, busco, bustools, goleft_indexcov, gffcompare, disambiguate, supernova, deeptools, sargasso, verifybamid, mirtrace, happy, mirtop, sambamba, gopeaks, homer, hops, macs2, theta2, snpeff, gatk, htseq, bcftools, featureCounts, fgbio, dragen, dragen_fastqc, dedup, pbmarkdup, damageprofiler, biobambam2, jcvi, mtnucratio, picard, vep, sentieon, prokka, qc3C, nanostat, samblaster, samtools, sexdeterrmine, eigenstratdatabasetools, bamtools, jellyfish, vcftools, longranger, stacks, varscan2, snippy, umitools, bbmap, bismark, biscuit, diamond, hicexplorer, hicup, hicpro, salmon, kallisto, slamdunk, star, hisat2, tophat, bowtie2, bowtie1, cellranger, snpsplit, odgi, pangolin, nextclade, humid, kat, leehom, adapterRemoval, bbduk, clipandmerge, cutadapt, flexbar, kaiju, kraken, malt, motus, trimmomatic, sickle, skewer, sortmerna, biobloomtools, fastq_screen, afterqc, fastp, fastqc, filtlong, prinseqplusplus, pychopper, porechop, pycoqc, minionqc, anglerfish, multivcfanalyzer, clusterflow, checkqc, bcl2fastq, bclconvert, interop, ivar, flash, seqyclean, optitype, whatshap
[2024-10-07 15:05:33,356] multiqc                                            [DEBUG  ]  Using temporary directory for creating report: /tmp/tmpy5zhm36t
[2024-10-07 15:05:33,503] multiqc                                            [INFO   ]  Search path : /home/shared/8TB_HDD_01/sam/gitrepos/urol-e5/timeseries_molecular/D-Apul/output/01.00-D-Apul-RNAseq-trimming-fastp-FastQC-MultiQC/trimmed-fastqs
[2024-10-07 15:05:39,858] multiqc                                            [DEBUG  ]  Summary of files that were skipped by the search: [skipped_module_specific_max_filesize: 1502] // [skipped_no_match: 353] // [skipped_ignore_pattern: 176]
[2024-10-07 15:05:40,122] multiqc.plots.bargraph                             [DEBUG  ]  Using matplotlib version 3.7.1
[2024-10-07 15:05:40,123] multiqc.plots.linegraph                            [DEBUG  ]  Using matplotlib version 3.7.1
[2024-10-07 15:05:40,123] multiqc                                            [DEBUG  ]  No samples found: custom_content
[2024-10-07 15:05:49,871] multiqc.modules.fastqc.fastqc                      [INFO   ]  Found 88 reports
[2024-10-07 15:05:51,430] multiqc                                            [INFO   ]  Compressing plot data
[2024-10-07 15:05:52,286] multiqc                                            [INFO   ]  Report      : ../output/01.00-D-Apul-RNAseq-trimming-fastp-FastQC-MultiQC/trimmed-fastqs/multiqc_report.html
[2024-10-07 15:05:52,286] multiqc                                            [INFO   ]  Data        : ../output/01.00-D-Apul-RNAseq-trimming-fastp-FastQC-MultiQC/trimmed-fastqs/multiqc_data
[2024-10-07 15:05:52,286] multiqc                                            [DEBUG  ]  Moving data file from '/tmp/tmpy5zhm36t/multiqc_data' to '/home/shared/8TB_HDD_01/sam/gitrepos/urol-e5/timeseries_molecular/D-Apul/output/01.00-D-Apul-RNAseq-trimming-fastp-FastQC-MultiQC/trimmed-fastqs/multiqc_data'
[2024-10-07 15:05:52,348] multiqc                                            [INFO   ]  MultiQC complete
[2024-10-07 15:05:52,348] multiqc                                            [WARNING]  1 flat-image plot used in the report due to large sample numbers
